[ 2018-07-04T10:10:29+08:00 ] ::1 /dxzykt/
INFO: [ app_init ] --START--
INFO: Run Behavior\BuildLiteBehavior [ RunTime:0.000000s ]
INFO: [ app_init ] --END-- [ RunTime:0.001000s ]
INFO: [ app_begin ] --START--
INFO: Run Behavior\ReadHtmlCacheBehavior [ RunTime:0.001000s ]
INFO: [ app_begin ] --END-- [ RunTime:0.001000s ]
SQL: SHOW COLUMNS FROM `tb_config` [ RunTime:0.0050s ]
SQL: SELECT * FROM `tb_config` WHERE ( id=1 ) LIMIT 1   [ RunTime:0.0010s ]
SQL: SHOW COLUMNS FROM `tb_float` [ RunTime:0.0050s ]
SQL: SELECT * FROM `tb_float` ORDER BY serialNum asc  [ RunTime:0.0000s ]
SQL: SHOW COLUMNS FROM `tb_newssort` [ RunTime:0.0070s ]
SQL: SELECT * FROM `tb_newssort` WHERE ( pid=3 )  [ RunTime:0.0010s ]
SQL: SHOW COLUMNS FROM `tb_link` [ RunTime:0.0060s ]
SQL: SELECT * FROM `tb_link` WHERE ( sort=1 )  [ RunTime:0.0000s ]
SQL: SELECT * FROM `tb_link` WHERE ( sort=2 )  [ RunTime:0.0000s ]
SQL: SELECT * FROM `tb_newssort` WHERE ( pid=4 )  [ RunTime:0.0010s ]
SQL: SELECT * FROM `tb_newssort` WHERE ( pid=5 )  [ RunTime:0.0000s ]
SQL: SELECT * FROM `tb_newssort` WHERE ( id=6 ) LIMIT 1   [ RunTime:0.0000s ]
SQL: SELECT * FROM `tb_newssort` WHERE ( id=7 ) LIMIT 1   [ RunTime:0.0000s ]
SQL: SELECT * FROM `tb_newssort` WHERE ( id=8 ) LIMIT 1   [ RunTime:0.0000s ]
SQL: SELECT * FROM `tb_newssort` WHERE ( id=9 ) LIMIT 1   [ RunTime:0.0010s ]
INFO: [ view_parse ] --START--
INFO: [ template_filter ] --START--
INFO: Run Behavior\ContentReplaceBehavior [ RunTime:0.000000s ]
INFO: [ template_filter ] --END-- [ RunTime:0.001000s ]
NOTIC: [8] Undefined index: theKeyWords D:\phpStudy\WWW\dxzykt\Apps\Runtime\Cache\Home\400c995c330f1f6ecac6b9102849eb7e.php 第 7 行.
NOTIC: [8] Undefined index: theDescription D:\phpStudy\WWW\dxzykt\Apps\Runtime\Cache\Home\400c995c330f1f6ecac6b9102849eb7e.php 第 8 行.
NOTIC: [8] Undefined index: homePinPaiImg D:\phpStudy\WWW\dxzykt\Apps\Runtime\Cache\Home\400c995c330f1f6ecac6b9102849eb7e.php 第 270 行.
NOTIC: [8] Undefined index: mobile D:\phpStudy\WWW\dxzykt\Apps\Runtime\Cache\Home\400c995c330f1f6ecac6b9102849eb7e.php 第 352 行.
NOTIC: [8] Undefined index: addressEn D:\phpStudy\WWW\dxzykt\Apps\Runtime\Cache\Home\400c995c330f1f6ecac6b9102849eb7e.php 第 353 行.
NOTIC: [8] Undefined index: mobile D:\phpStudy\WWW\dxzykt\Apps\Runtime\Cache\Home\400c995c330f1f6ecac6b9102849eb7e.php 第 357 行.
NOTIC: [8] Undefined index: ewmWeibo D:\phpStudy\WWW\dxzykt\Apps\Runtime\Cache\Home\400c995c330f1f6ecac6b9102849eb7e.php 第 364 行.
NOTIC: [8] Undefined index: ewmWeixin D:\phpStudy\WWW\dxzykt\Apps\Runtime\Cache\Home\400c995c330f1f6ecac6b9102849eb7e.php 第 368 行.
NOTIC: [8] Undefined index: ewmKefu D:\phpStudy\WWW\dxzykt\Apps\Runtime\Cache\Home\400c995c330f1f6ecac6b9102849eb7e.php 第 372 行.
NOTIC: [8] Undefined index: ewmWeibo D:\phpStudy\WWW\dxzykt\Apps\Runtime\Cache\Home\400c995c330f1f6ecac6b9102849eb7e.php 第 380 行.
NOTIC: [8] Undefined index: ewmWeixin D:\phpStudy\WWW\dxzykt\Apps\Runtime\Cache\Home\400c995c330f1f6ecac6b9102849eb7e.php 第 383 行.
NOTIC: [8] Undefined index: ewmKefu D:\phpStudy\WWW\dxzykt\Apps\Runtime\Cache\Home\400c995c330f1f6ecac6b9102849eb7e.php 第 386 行.
INFO: Run Behavior\ParseTemplateBehavior [ RunTime:0.030002s ]
INFO: [ view_parse ] --END-- [ RunTime:0.030002s ]
INFO: [ view_filter ] --START--
INFO: Run Behavior\WriteHtmlCacheBehavior [ RunTime:0.001000s ]
INFO: [ view_filter ] --END-- [ RunTime:0.001000s ]
INFO: [ app_end ] --START--
INFO: Run Behavior\ShowPageTraceBehavior [ RunTime:0.000000s ]
INFO: [ app_end ] --END-- [ RunTime:0.000000s ]

[ 2018-07-04T10:10:29+08:00 ] ::1 /dxzykt/Public/Home/Images/m2.png
INFO: [ app_init ] --START--
INFO: Run Behavior\BuildLiteBehavior [ RunTime:0.001000s ]
INFO: [ app_init ] --END-- [ RunTime:0.001000s ]

[ 2018-07-04T10:10:29+08:00 ] ::1 /dxzykt/Public/Home/Css/bootstrap.css.map
INFO: [ app_init ] --START--
INFO: Run Behavior\BuildLiteBehavior [ RunTime:0.000000s ]
INFO: [ app_init ] --END-- [ RunTime:0.000000s ]
INFO: [ app_begin ] --START--
INFO: Run Behavior\ReadHtmlCacheBehavior [ RunTime:0.002000s ]
INFO: [ app_begin ] --END-- [ RunTime:0.002000s ]
ERR: 无法加载控制器:Public

[ 2018-07-04T10:10:29+08:00 ] ::1 /dxzykt/Public/Home/JScript/maps/swiper.min.js.map
INFO: [ app_init ] --START--
INFO: Run Behavior\BuildLiteBehavior [ RunTime:0.000000s ]
INFO: [ app_init ] --END-- [ RunTime:0.000000s ]
INFO: [ app_begin ] --START--
INFO: Run Behavior\ReadHtmlCacheBehavior [ RunTime:0.001000s ]
INFO: [ app_begin ] --END-- [ RunTime:0.001000s ]
ERR: 无法加载控制器:Public

[ 2018-07-04T10:10:29+08:00 ] ::1 /dxzykt/Public/Home/Images/pc7.png
INFO: [ app_init ] --START--
INFO: Run Behavior\BuildLiteBehavior [ RunTime:0.000000s ]
INFO: [ app_init ] --END-- [ RunTime:0.004000s ]

[ 2018-07-04T10:10:29+08:00 ] ::1 /dxzykt/Upload/2013-08-26/1939306984_AUTO.png
INFO: [ app_init ] --START--
INFO: Run Behavior\BuildLiteBehavior [ RunTime:0.000000s ]
INFO: [ app_init ] --END-- [ RunTime:0.000000s ]

[ 2018-07-04T10:10:30+08:00 ] ::1 /dxzykt/
INFO: [ app_init ] --START--
INFO: Run Behavior\BuildLiteBehavior [ RunTime:0.000000s ]
INFO: [ app_init ] --END-- [ RunTime:0.001000s ]
INFO: [ app_begin ] --START--
INFO: Run Behavior\ReadHtmlCacheBehavior [ RunTime:0.002000s ]
INFO: [ app_begin ] --END-- [ RunTime:0.002000s ]
SQL: SHOW COLUMNS FROM `tb_config` [ RunTime:0.0070s ]
SQL: SELECT * FROM `tb_config` WHERE ( id=1 ) LIMIT 1   [ RunTime:0.0010s ]
SQL: SHOW COLUMNS FROM `tb_float` [ RunTime:0.0080s ]
SQL: SELECT * FROM `tb_float` ORDER BY serialNum asc  [ RunTime:0.0020s ]
SQL: SHOW COLUMNS FROM `tb_newssort` [ RunTime:0.0330s ]
SQL: SELECT * FROM `tb_newssort` WHERE ( pid=3 )  [ RunTime:0.0000s ]
SQL: SHOW COLUMNS FROM `tb_link` [ RunTime:0.0050s ]
SQL: SELECT * FROM `tb_link` WHERE ( sort=1 )  [ RunTime:0.0010s ]
SQL: SELECT * FROM `tb_link` WHERE ( sort=2 )  [ RunTime:0.0000s ]
SQL: SELECT * FROM `tb_newssort` WHERE ( pid=4 )  [ RunTime:0.0000s ]
SQL: SELECT * FROM `tb_newssort` WHERE ( pid=5 )  [ RunTime:0.0000s ]
SQL: SELECT * FROM `tb_newssort` WHERE ( id=6 ) LIMIT 1   [ RunTime:0.0000s ]
SQL: SELECT * FROM `tb_newssort` WHERE ( id=7 ) LIMIT 1   [ RunTime:0.0010s ]
SQL: SELECT * FROM `tb_newssort` WHERE ( id=8 ) LIMIT 1   [ RunTime:0.0000s ]
SQL: SELECT * FROM `tb_newssort` WHERE ( id=9 ) LIMIT 1   [ RunTime:0.0000s ]
INFO: [ view_parse ] --START--
INFO: [ template_filter ] --START--
INFO: Run Behavior\ContentReplaceBehavior [ RunTime:0.000000s ]
INFO: [ template_filter ] --END-- [ RunTime:0.000000s ]
NOTIC: [8] Undefined index: theKeyWords D:\phpStudy\WWW\dxzykt\Apps\Runtime\Cache\Home\400c995c330f1f6ecac6b9102849eb7e.php 第 7 行.
NOTIC: [8] Undefined index: theDescription D:\phpStudy\WWW\dxzykt\Apps\Runtime\Cache\Home\400c995c330f1f6ecac6b9102849eb7e.php 第 8 行.
NOTIC: [8] Undefined index: homePinPaiImg D:\phpStudy\WWW\dxzykt\Apps\Runtime\Cache\Home\400c995c330f1f6ecac6b9102849eb7e.php 第 270 行.
NOTIC: [8] Undefined index: mobile D:\phpStudy\WWW\dxzykt\Apps\Runtime\Cache\Home\400c995c330f1f6ecac6b9102849eb7e.php 第 352 行.
NOTIC: [8] Undefined index: addressEn D:\phpStudy\WWW\dxzykt\Apps\Runtime\Cache\Home\400c995c330f1f6ecac6b9102849eb7e.php 第 353 行.
NOTIC: [8] Undefined index: mobile D:\phpStudy\WWW\dxzykt\Apps\Runtime\Cache\Home\400c995c330f1f6ecac6b9102849eb7e.php 第 357 行.
NOTIC: [8] Undefined index: ewmWeibo D:\phpStudy\WWW\dxzykt\Apps\Runtime\Cache\Home\400c995c330f1f6ecac6b9102849eb7e.php 第 364 行.
NOTIC: [8] Undefined index: ewmWeixin D:\phpStudy\WWW\dxzykt\Apps\Runtime\Cache\Home\400c995c330f1f6ecac6b9102849eb7e.php 第 368 行.
NOTIC: [8] Undefined index: ewmKefu D:\phpStudy\WWW\dxzykt\Apps\Runtime\Cache\Home\400c995c330f1f6ecac6b9102849eb7e.php 第 372 行.
NOTIC: [8] Undefined index: ewmWeibo D:\phpStudy\WWW\dxzykt\Apps\Runtime\Cache\Home\400c995c330f1f6ecac6b9102849eb7e.php 第 380 行.
NOTIC: [8] Undefined index: ewmWeixin D:\phpStudy\WWW\dxzykt\Apps\Runtime\Cache\Home\400c995c330f1f6ecac6b9102849eb7e.php 第 383 行.
NOTIC: [8] Undefined index: ewmKefu D:\phpStudy\WWW\dxzykt\Apps\Runtime\Cache\Home\400c995c330f1f6ecac6b9102849eb7e.php 第 386 行.
INFO: Run Behavior\ParseTemplateBehavior [ RunTime:0.019001s ]
INFO: [ view_parse ] --END-- [ RunTime:0.019001s ]
INFO: [ view_filter ] --START--
INFO: Run Behavior\WriteHtmlCacheBehavior [ RunTime:0.001000s ]
INFO: [ view_filter ] --END-- [ RunTime:0.001000s ]
INFO: [ app_end ] --START--
INFO: Run Behavior\ShowPageTraceBehavior [ RunTime:0.001000s ]
INFO: [ app_end ] --END-- [ RunTime:0.001000s ]

[ 2018-07-04T10:10:31+08:00 ] ::1 /dxzykt/Public/Home/Images/pc3.png
INFO: [ app_init ] --START--
INFO: Run Behavior\BuildLiteBehavior [ RunTime:0.001000s ]
INFO: [ app_init ] --END-- [ RunTime:0.001000s ]

[ 2018-07-04T10:10:31+08:00 ] ::1 /dxzykt/Public/Home/Images/pc4.png
INFO: [ app_init ] --START--
INFO: Run Behavior\BuildLiteBehavior [ RunTime:0.000000s ]
INFO: [ app_init ] --END-- [ RunTime:0.000000s ]

[ 2018-07-04T10:10:31+08:00 ] ::1 /dxzykt/Public/Home/Images/pc14.png
INFO: [ app_init ] --START--
INFO: Run Behavior\BuildLiteBehavior [ RunTime:0.000000s ]
INFO: [ app_init ] --END-- [ RunTime:0.001000s ]

[ 2018-07-04T10:10:31+08:00 ] ::1 /dxzykt/Public/Home/Images/pc18.png
INFO: [ app_init ] --START--
INFO: Run Behavior\BuildLiteBehavior [ RunTime:0.000000s ]
INFO: [ app_init ] --END-- [ RunTime:0.003000s ]

[ 2018-07-04T10:10:31+08:00 ] ::1 /dxzykt/Public/Home/Images/pc16.png
INFO: [ app_init ] --START--
INFO: Run Behavior\BuildLiteBehavior [ RunTime:0.000000s ]
INFO: [ app_init ] --END-- [ RunTime:0.001000s ]

[ 2018-07-04T10:10:31+08:00 ] ::1 /dxzykt/Public/Home/Images/m2.png
INFO: [ app_init ] --START--
INFO: Run Behavior\BuildLiteBehavior [ RunTime:0.000000s ]
INFO: [ app_init ] --END-- [ RunTime:0.000000s ]

[ 2018-07-04T10:10:31+08:00 ] ::1 /dxzykt/Public/Home/Images/pc15.png
INFO: [ app_init ] --START--
INFO: Run Behavior\BuildLiteBehavior [ RunTime:0.000000s ]
INFO: [ app_init ] --END-- [ RunTime:0.000000s ]

[ 2018-07-04T10:10:31+08:00 ] ::1 /dxzykt/Public/Home/Images/pc7.png
INFO: [ app_init ] --START--
INFO: Run Behavior\BuildLiteBehavior [ RunTime:0.000000s ]
INFO: [ app_init ] --END-- [ RunTime:0.001000s ]

[ 2018-07-04T10:10:31+08:00 ] ::1 /dxzykt/Public/Home/Images/pc11.png
INFO: [ app_init ] --START--
INFO: Run Behavior\BuildLiteBehavior [ RunTime:0.000000s ]
INFO: [ app_init ] --END-- [ RunTime:0.002000s ]

[ 2018-07-04T10:10:31+08:00 ] ::1 /dxzykt/Public/Home/Images/pc12.png
INFO: [ app_init ] --START--
INFO: Run Behavior\BuildLiteBehavior [ RunTime:0.000000s ]
INFO: [ app_init ] --END-- [ RunTime:0.001000s ]

[ 2018-07-04T10:10:31+08:00 ] ::1 /dxzykt/Public/Home/Images/pc2.png
INFO: [ app_init ] --START--
INFO: Run Behavior\BuildLiteBehavior [ RunTime:0.000000s ]
INFO: [ app_init ] --END-- [ RunTime:0.000000s ]

[ 2018-07-04T10:10:31+08:00 ] ::1 /dxzykt/Public/Home/Images/pc9.png
INFO: [ app_init ] --START--
INFO: Run Behavior\BuildLiteBehavior [ RunTime:0.000000s ]
INFO: [ app_init ] --END-- [ RunTime:0.000000s ]

[ 2018-07-04T10:10:31+08:00 ] ::1 /dxzykt/Public/Home/Images/m1.png
INFO: [ app_init ] --START--
INFO: Run Behavior\BuildLiteBehavior [ RunTime:0.000000s ]
INFO: [ app_init ] --END-- [ RunTime:0.001000s ]

[ 2018-07-04T10:10:31+08:00 ] ::1 /dxzykt/Public/Home/Images/pc5.png
INFO: [ app_init ] --START--
INFO: Run Behavior\BuildLiteBehavior [ RunTime:0.000000s ]
INFO: [ app_init ] --END-- [ RunTime:0.001000s ]

[ 2018-07-04T10:10:31+08:00 ] ::1 /dxzykt/Public/Home/Images/pc17.png
INFO: [ app_init ] --START--
INFO: Run Behavior\BuildLiteBehavior [ RunTime:0.000000s ]
INFO: [ app_init ] --END-- [ RunTime:0.001001s ]

[ 2018-07-04T10:25:53+08:00 ] ::1 /dxzykt/index.php
INFO: [ app_init ] --START--
INFO: Run Behavior\BuildLiteBehavior [ RunTime:0.000000s ]
INFO: [ app_init ] --END-- [ RunTime:0.000000s ]
INFO: [ app_begin ] --START--
INFO: Run Behavior\ReadHtmlCacheBehavior [ RunTime:0.001000s ]
INFO: [ app_begin ] --END-- [ RunTime:0.001000s ]
SQL: SHOW COLUMNS FROM `tb_config` [ RunTime:0.0060s ]
SQL: SELECT * FROM `tb_config` WHERE ( id=1 ) LIMIT 1   [ RunTime:0.0010s ]
SQL: SHOW COLUMNS FROM `tb_float` [ RunTime:0.0050s ]
SQL: SELECT * FROM `tb_float` ORDER BY serialNum asc  [ RunTime:0.0010s ]
SQL: SHOW COLUMNS FROM `tb_newssort` [ RunTime:0.0060s ]
SQL: SELECT * FROM `tb_newssort` WHERE ( pid=3 )  [ RunTime:0.0010s ]
SQL: SHOW COLUMNS FROM `tb_link` [ RunTime:0.0050s ]
SQL: SELECT * FROM `tb_link` WHERE ( sort=1 )  [ RunTime:0.0010s ]
SQL: SELECT * FROM `tb_link` WHERE ( sort=2 )  [ RunTime:0.0000s ]
SQL: SELECT * FROM `tb_newssort` WHERE ( pid=4 )  [ RunTime:0.0010s ]
SQL: SELECT * FROM `tb_newssort` WHERE ( pid=5 )  [ RunTime:0.0000s ]
SQL: SELECT * FROM `tb_newssort` WHERE ( id=6 ) LIMIT 1   [ RunTime:0.0000s ]
SQL: SELECT * FROM `tb_newssort` WHERE ( id=7 ) LIMIT 1   [ RunTime:0.0010s ]
SQL: SELECT * FROM `tb_newssort` WHERE ( id=8 ) LIMIT 1   [ RunTime:0.0000s ]
SQL: SELECT * FROM `tb_newssort` WHERE ( id=9 ) LIMIT 1   [ RunTime:0.0010s ]
INFO: [ view_parse ] --START--
INFO: [ template_filter ] --START--
INFO: Run Behavior\ContentReplaceBehavior [ RunTime:0.000000s ]
INFO: [ template_filter ] --END-- [ RunTime:0.000000s ]
NOTIC: [8] Undefined index: theKeyWords D:\phpStudy\WWW\dxzykt\Apps\Runtime\Cache\Home\400c995c330f1f6ecac6b9102849eb7e.php 第 7 行.
NOTIC: [8] Undefined index: theDescription D:\phpStudy\WWW\dxzykt\Apps\Runtime\Cache\Home\400c995c330f1f6ecac6b9102849eb7e.php 第 8 行.
NOTIC: [8] Undefined index: homePinPaiImg D:\phpStudy\WWW\dxzykt\Apps\Runtime\Cache\Home\400c995c330f1f6ecac6b9102849eb7e.php 第 270 行.
NOTIC: [8] Undefined index: mobile D:\phpStudy\WWW\dxzykt\Apps\Runtime\Cache\Home\400c995c330f1f6ecac6b9102849eb7e.php 第 352 行.
NOTIC: [8] Undefined index: addressEn D:\phpStudy\WWW\dxzykt\Apps\Runtime\Cache\Home\400c995c330f1f6ecac6b9102849eb7e.php 第 353 行.
NOTIC: [8] Undefined index: mobile D:\phpStudy\WWW\dxzykt\Apps\Runtime\Cache\Home\400c995c330f1f6ecac6b9102849eb7e.php 第 357 行.
NOTIC: [8] Undefined index: ewmWeibo D:\phpStudy\WWW\dxzykt\Apps\Runtime\Cache\Home\400c995c330f1f6ecac6b9102849eb7e.php 第 364 行.
NOTIC: [8] Undefined index: ewmWeixin D:\phpStudy\WWW\dxzykt\Apps\Runtime\Cache\Home\400c995c330f1f6ecac6b9102849eb7e.php 第 368 行.
NOTIC: [8] Undefined index: ewmKefu D:\phpStudy\WWW\dxzykt\Apps\Runtime\Cache\Home\400c995c330f1f6ecac6b9102849eb7e.php 第 372 行.
NOTIC: [8] Undefined index: ewmWeibo D:\phpStudy\WWW\dxzykt\Apps\Runtime\Cache\Home\400c995c330f1f6ecac6b9102849eb7e.php 第 380 行.
NOTIC: [8] Undefined index: ewmWeixin D:\phpStudy\WWW\dxzykt\Apps\Runtime\Cache\Home\400c995c330f1f6ecac6b9102849eb7e.php 第 383 行.
NOTIC: [8] Undefined index: ewmKefu D:\phpStudy\WWW\dxzykt\Apps\Runtime\Cache\Home\400c995c330f1f6ecac6b9102849eb7e.php 第 386 行.
INFO: Run Behavior\ParseTemplateBehavior [ RunTime:0.020002s ]
INFO: [ view_parse ] --END-- [ RunTime:0.020002s ]
INFO: [ view_filter ] --START--
INFO: Run Behavior\WriteHtmlCacheBehavior [ RunTime:0.001000s ]
INFO: [ view_filter ] --END-- [ RunTime:0.001000s ]
INFO: [ app_end ] --START--
INFO: Run Behavior\ShowPageTraceBehavior [ RunTime:0.000000s ]
INFO: [ app_end ] --END-- [ RunTime:0.000000s ]

[ 2018-07-04T10:25:54+08:00 ] ::1 /dxzykt/Public/Home/Images/m2.png
INFO: [ app_init ] --START--
INFO: Run Behavior\BuildLiteBehavior [ RunTime:0.000000s ]
INFO: [ app_init ] --END-- [ RunTime:0.000000s ]

[ 2018-07-04T10:25:54+08:00 ] ::1 /dxzykt/Public/Home/Images/m1.png
INFO: [ app_init ] --START--
INFO: Run Behavior\BuildLiteBehavior [ RunTime:0.000000s ]
INFO: [ app_init ] --END-- [ RunTime:0.001000s ]

[ 2018-07-04T10:25:54+08:00 ] ::1 /dxzykt/Public/Home/Images/pc2.png
INFO: [ app_init ] --START--
INFO: Run Behavior\BuildLiteBehavior [ RunTime:0.000000s ]
INFO: [ app_init ] --END-- [ RunTime:0.001000s ]

[ 2018-07-04T10:25:54+08:00 ] ::1 /dxzykt/Public/Home/Images/pc7.png
INFO: [ app_init ] --START--
INFO: Run Behavior\BuildLiteBehavior [ RunTime:0.000000s ]
INFO: [ app_init ] --END-- [ RunTime:0.001000s ]

[ 2018-07-04T10:25:54+08:00 ] ::1 /dxzykt/Public/Home/Images/pc15.png
INFO: [ app_init ] --START--
INFO: Run Behavior\BuildLiteBehavior [ RunTime:0.000000s ]
INFO: [ app_init ] --END-- [ RunTime:0.001000s ]

[ 2018-07-04T10:25:54+08:00 ] ::1 /dxzykt/Public/Home/Images/pc16.png
INFO: [ app_init ] --START--
INFO: Run Behavior\BuildLiteBehavior [ RunTime:0.000000s ]
INFO: [ app_init ] --END-- [ RunTime:0.001000s ]

[ 2018-07-04T10:25:54+08:00 ] ::1 /dxzykt/Upload/2013-08-26/1939306984_AUTO.png
INFO: [ app_init ] --START--
INFO: Run Behavior\BuildLiteBehavior [ RunTime:0.000000s ]
INFO: [ app_init ] --END-- [ RunTime:0.001000s ]

[ 2018-07-04T10:25:54+08:00 ] ::1 /dxzykt/Public/Home/Images/m2.png
INFO: [ app_init ] --START--
INFO: Run Behavior\BuildLiteBehavior [ RunTime:0.000000s ]
INFO: [ app_init ] --END-- [ RunTime:0.002000s ]

[ 2018-07-04T10:25:54+08:00 ] ::1 /dxzykt/Public/Home/Images/pc3.png
INFO: [ app_init ] --START--
INFO: Run Behavior\BuildLiteBehavior [ RunTime:0.000000s ]
INFO: [ app_init ] --END-- [ RunTime:0.001000s ]

[ 2018-07-04T10:25:54+08:00 ] ::1 /dxzykt/Public/Home/Images/pc4.png
INFO: [ app_init ] --START--
INFO: Run Behavior\BuildLiteBehavior [ RunTime:0.000000s ]
INFO: [ app_init ] --END-- [ RunTime:0.000000s ]

[ 2018-07-04T10:25:54+08:00 ] ::1 /dxzykt/Public/Home/Images/pc2.png
INFO: [ app_init ] --START--
INFO: Run Behavior\BuildLiteBehavior [ RunTime:0.000000s ]
INFO: [ app_init ] --END-- [ RunTime:0.001000s ]

[ 2018-07-04T10:25:54+08:00 ] ::1 /dxzykt/Public/Home/Images/m1.png
INFO: [ app_init ] --START--
INFO: Run Behavior\BuildLiteBehavior [ RunTime:0.000000s ]
INFO: [ app_init ] --END-- [ RunTime:0.001000s ]

[ 2018-07-04T10:25:54+08:00 ] ::1 /dxzykt/Public/Home/Images/pc7.png
INFO: [ app_init ] --START--
INFO: Run Behavior\BuildLiteBehavior [ RunTime:0.000000s ]
INFO: [ app_init ] --END-- [ RunTime:0.001000s ]

[ 2018-07-04T10:25:54+08:00 ] ::1 /dxzykt/Public/Home/Images/pc15.png
INFO: [ app_init ] --START--
INFO: Run Behavior\BuildLiteBehavior [ RunTime:0.000000s ]
INFO: [ app_init ] --END-- [ RunTime:0.001000s ]

[ 2018-07-04T10:25:54+08:00 ] ::1 /dxzykt/Public/Home/Images/pc16.png
INFO: [ app_init ] --START--
INFO: Run Behavior\BuildLiteBehavior [ RunTime:0.000000s ]
INFO: [ app_init ] --END-- [ RunTime:0.000000s ]

[ 2018-07-04T10:25:54+08:00 ] ::1 /dxzykt/Public/Home/Images/pc11.png
INFO: [ app_init ] --START--
INFO: Run Behavior\BuildLiteBehavior [ RunTime:0.000000s ]
INFO: [ app_init ] --END-- [ RunTime:0.001000s ]

[ 2018-07-04T10:25:54+08:00 ] ::1 /dxzykt/Public/Home/Images/pc12.png
INFO: [ app_init ] --START--
INFO: Run Behavior\BuildLiteBehavior [ RunTime:0.000000s ]
INFO: [ app_init ] --END-- [ RunTime:0.001000s ]

[ 2018-07-04T10:25:54+08:00 ] ::1 /dxzykt/Public/Home/Images/pc6.png
INFO: [ app_init ] --START--
INFO: Run Behavior\BuildLiteBehavior [ RunTime:0.000000s ]
INFO: [ app_init ] --END-- [ RunTime:0.000000s ]

[ 2018-07-04T10:25:54+08:00 ] ::1 /dxzykt/Public/Home/Images/pc9.png
INFO: [ app_init ] --START--
INFO: Run Behavior\BuildLiteBehavior [ RunTime:0.000000s ]
INFO: [ app_init ] --END-- [ RunTime:0.001000s ]

[ 2018-07-04T10:25:55+08:00 ] ::1 /dxzykt/
INFO: [ app_init ] --START--
INFO: Run Behavior\BuildLiteBehavior [ RunTime:0.000000s ]
INFO: [ app_init ] --END-- [ RunTime:0.001000s ]
INFO: [ app_begin ] --START--
INFO: Run Behavior\ReadHtmlCacheBehavior [ RunTime:0.001000s ]
INFO: [ app_begin ] --END-- [ RunTime:0.001000s ]
SQL: SHOW COLUMNS FROM `tb_config` [ RunTime:0.0070s ]
SQL: SELECT * FROM `tb_config` WHERE ( id=1 ) LIMIT 1   [ RunTime:0.0030s ]
SQL: SHOW COLUMNS FROM `tb_float` [ RunTime:0.0060s ]
SQL: SELECT * FROM `tb_float` ORDER BY serialNum asc  [ RunTime:0.0010s ]
SQL: SHOW COLUMNS FROM `tb_newssort` [ RunTime:0.0050s ]
SQL: SELECT * FROM `tb_newssort` WHERE ( pid=3 )  [ RunTime:0.0000s ]
SQL: SHOW COLUMNS FROM `tb_link` [ RunTime:0.0060s ]
SQL: SELECT * FROM `tb_link` WHERE ( sort=1 )  [ RunTime:0.0000s ]
SQL: SELECT * FROM `tb_link` WHERE ( sort=2 )  [ RunTime:0.0010s ]
SQL: SELECT * FROM `tb_newssort` WHERE ( pid=4 )  [ RunTime:0.0010s ]
SQL: SELECT * FROM `tb_newssort` WHERE ( pid=5 )  [ RunTime:0.0000s ]
SQL: SELECT * FROM `tb_newssort` WHERE ( id=6 ) LIMIT 1   [ RunTime:0.0000s ]
SQL: SELECT * FROM `tb_newssort` WHERE ( id=7 ) LIMIT 1   [ RunTime:0.0010s ]
SQL: SELECT * FROM `tb_newssort` WHERE ( id=8 ) LIMIT 1   [ RunTime:0.0010s ]
SQL: SELECT * FROM `tb_newssort` WHERE ( id=9 ) LIMIT 1   [ RunTime:0.0010s ]
INFO: [ view_parse ] --START--
INFO: [ template_filter ] --START--
INFO: Run Behavior\ContentReplaceBehavior [ RunTime:0.000000s ]
INFO: [ template_filter ] --END-- [ RunTime:0.000000s ]
NOTIC: [8] Undefined index: theKeyWords D:\phpStudy\WWW\dxzykt\Apps\Runtime\Cache\Home\400c995c330f1f6ecac6b9102849eb7e.php 第 7 行.
NOTIC: [8] Undefined index: theDescription D:\phpStudy\WWW\dxzykt\Apps\Runtime\Cache\Home\400c995c330f1f6ecac6b9102849eb7e.php 第 8 行.
NOTIC: [8] Undefined index: homePinPaiImg D:\phpStudy\WWW\dxzykt\Apps\Runtime\Cache\Home\400c995c330f1f6ecac6b9102849eb7e.php 第 270 行.
NOTIC: [8] Undefined index: mobile D:\phpStudy\WWW\dxzykt\Apps\Runtime\Cache\Home\400c995c330f1f6ecac6b9102849eb7e.php 第 352 行.
NOTIC: [8] Undefined index: addressEn D:\phpStudy\WWW\dxzykt\Apps\Runtime\Cache\Home\400c995c330f1f6ecac6b9102849eb7e.php 第 353 行.
NOTIC: [8] Undefined index: mobile D:\phpStudy\WWW\dxzykt\Apps\Runtime\Cache\Home\400c995c330f1f6ecac6b9102849eb7e.php 第 357 行.
NOTIC: [8] Undefined index: ewmWeibo D:\phpStudy\WWW\dxzykt\Apps\Runtime\Cache\Home\400c995c330f1f6ecac6b9102849eb7e.php 第 364 行.
NOTIC: [8] Undefined index: ewmWeixin D:\phpStudy\WWW\dxzykt\Apps\Runtime\Cache\Home\400c995c330f1f6ecac6b9102849eb7e.php 第 368 行.
NOTIC: [8] Undefined index: ewmKefu D:\phpStudy\WWW\dxzykt\Apps\Runtime\Cache\Home\400c995c330f1f6ecac6b9102849eb7e.php 第 372 行.
NOTIC: [8] Undefined index: ewmWeibo D:\phpStudy\WWW\dxzykt\Apps\Runtime\Cache\Home\400c995c330f1f6ecac6b9102849eb7e.php 第 380 行.
NOTIC: [8] Undefined index: ewmWeixin D:\phpStudy\WWW\dxzykt\Apps\Runtime\Cache\Home\400c995c330f1f6ecac6b9102849eb7e.php 第 383 行.
NOTIC: [8] Undefined index: ewmKefu D:\phpStudy\WWW\dxzykt\Apps\Runtime\Cache\Home\400c995c330f1f6ecac6b9102849eb7e.php 第 386 行.
INFO: Run Behavior\ParseTemplateBehavior [ RunTime:0.020001s ]
INFO: [ view_parse ] --END-- [ RunTime:0.020001s ]
INFO: [ view_filter ] --START--
INFO: Run Behavior\WriteHtmlCacheBehavior [ RunTime:0.000000s ]
INFO: [ view_filter ] --END-- [ RunTime:0.000000s ]
INFO: [ app_end ] --START--
INFO: Run Behavior\ShowPageTraceBehavior [ RunTime:0.001000s ]
INFO: [ app_end ] --END-- [ RunTime:0.001000s ]

[ 2018-07-04T10:25:55+08:00 ] ::1 /dxzykt/Public/Home/Images/pc5.png
INFO: [ app_init ] --START--
INFO: Run Behavior\BuildLiteBehavior [ RunTime:0.000000s ]
INFO: [ app_init ] --END-- [ RunTime:0.004000s ]

[ 2018-07-04T10:25:55+08:00 ] ::1 /dxzykt/Public/Home/Images/pc17.png
INFO: [ app_init ] --START--
INFO: Run Behavior\BuildLiteBehavior [ RunTime:0.000000s ]
INFO: [ app_init ] --END-- [ RunTime:0.005000s ]

[ 2018-07-04T10:25:55+08:00 ] ::1 /dxzykt/Public/Home/Images/pc18.png
INFO: [ app_init ] --START--
INFO: Run Behavior\BuildLiteBehavior [ RunTime:0.000000s ]
INFO: [ app_init ] --END-- [ RunTime:0.000000s ]

[ 2018-07-04T10:25:55+08:00 ] ::1 /dxzykt/Public/Home/Images/pc14.png
INFO: [ app_init ] --START--
INFO: Run Behavior\BuildLiteBehavior [ RunTime:0.000000s ]
INFO: [ app_init ] --END-- [ RunTime:0.000000s ]

[ 2018-07-04T10:25:56+08:00 ] ::1 /dxzykt/index.php
INFO: [ app_init ] --START--
INFO: Run Behavior\BuildLiteBehavior [ RunTime:0.000000s ]
INFO: [ app_init ] --END-- [ RunTime:0.001000s ]
INFO: [ app_begin ] --START--
INFO: Run Behavior\ReadHtmlCacheBehavior [ RunTime:0.001000s ]
INFO: [ app_begin ] --END-- [ RunTime:0.001000s ]
SQL: SHOW COLUMNS FROM `tb_config` [ RunTime:0.0050s ]
SQL: SELECT * FROM `tb_config` WHERE ( id=1 ) LIMIT 1   [ RunTime:0.0000s ]
SQL: SHOW COLUMNS FROM `tb_float` [ RunTime:0.0040s ]
SQL: SELECT * FROM `tb_float` ORDER BY serialNum asc  [ RunTime:0.0000s ]
SQL: SHOW COLUMNS FROM `tb_newssort` [ RunTime:0.0060s ]
SQL: SELECT * FROM `tb_newssort` WHERE ( pid=3 )  [ RunTime:0.0020s ]
SQL: SHOW COLUMNS FROM `tb_link` [ RunTime:0.0060s ]
SQL: SELECT * FROM `tb_link` WHERE ( sort=1 )  [ RunTime:0.0000s ]
SQL: SELECT * FROM `tb_link` WHERE ( sort=2 )  [ RunTime:0.0000s ]
SQL: SELECT * FROM `tb_newssort` WHERE ( pid=4 )  [ RunTime:0.0000s ]
SQL: SELECT * FROM `tb_newssort` WHERE ( pid=5 )  [ RunTime:0.0010s ]
SQL: SELECT * FROM `tb_newssort` WHERE ( id=6 ) LIMIT 1   [ RunTime:0.0000s ]
SQL: SELECT * FROM `tb_newssort` WHERE ( id=7 ) LIMIT 1   [ RunTime:0.0000s ]
SQL: SELECT * FROM `tb_newssort` WHERE ( id=8 ) LIMIT 1   [ RunTime:0.0010s ]
SQL: SELECT * FROM `tb_newssort` WHERE ( id=9 ) LIMIT 1   [ RunTime:0.0000s ]
INFO: [ view_parse ] --START--
INFO: [ template_filter ] --START--
INFO: Run Behavior\ContentReplaceBehavior [ RunTime:0.001000s ]
INFO: [ template_filter ] --END-- [ RunTime:0.001000s ]
NOTIC: [8] Undefined index: theKeyWords D:\phpStudy\WWW\dxzykt\Apps\Runtime\Cache\Home\400c995c330f1f6ecac6b9102849eb7e.php 第 7 行.
NOTIC: [8] Undefined index: theDescription D:\phpStudy\WWW\dxzykt\Apps\Runtime\Cache\Home\400c995c330f1f6ecac6b9102849eb7e.php 第 8 行.
NOTIC: [8] Undefined index: homePinPaiImg D:\phpStudy\WWW\dxzykt\Apps\Runtime\Cache\Home\400c995c330f1f6ecac6b9102849eb7e.php 第 270 行.
NOTIC: [8] Undefined index: mobile D:\phpStudy\WWW\dxzykt\Apps\Runtime\Cache\Home\400c995c330f1f6ecac6b9102849eb7e.php 第 352 行.
NOTIC: [8] Undefined index: addressEn D:\phpStudy\WWW\dxzykt\Apps\Runtime\Cache\Home\400c995c330f1f6ecac6b9102849eb7e.php 第 353 行.
NOTIC: [8] Undefined index: mobile D:\phpStudy\WWW\dxzykt\Apps\Runtime\Cache\Home\400c995c330f1f6ecac6b9102849eb7e.php 第 357 行.
NOTIC: [8] Undefined index: ewmWeibo D:\phpStudy\WWW\dxzykt\Apps\Runtime\Cache\Home\400c995c330f1f6ecac6b9102849eb7e.php 第 364 行.
NOTIC: [8] Undefined index: ewmWeixin D:\phpStudy\WWW\dxzykt\Apps\Runtime\Cache\Home\400c995c330f1f6ecac6b9102849eb7e.php 第 368 行.
NOTIC: [8] Undefined index: ewmKefu D:\phpStudy\WWW\dxzykt\Apps\Runtime\Cache\Home\400c995c330f1f6ecac6b9102849eb7e.php 第 372 行.
NOTIC: [8] Undefined index: ewmWeibo D:\phpStudy\WWW\dxzykt\Apps\Runtime\Cache\Home\400c995c330f1f6ecac6b9102849eb7e.php 第 380 行.
NOTIC: [8] Undefined index: ewmWeixin D:\phpStudy\WWW\dxzykt\Apps\Runtime\Cache\Home\400c995c330f1f6ecac6b9102849eb7e.php 第 383 行.
NOTIC: [8] Undefined index: ewmKefu D:\phpStudy\WWW\dxzykt\Apps\Runtime\Cache\Home\400c995c330f1f6ecac6b9102849eb7e.php 第 386 行.
INFO: Run Behavior\ParseTemplateBehavior [ RunTime:0.021001s ]
INFO: [ view_parse ] --END-- [ RunTime:0.021001s ]
INFO: [ view_filter ] --START--
INFO: Run Behavior\WriteHtmlCacheBehavior [ RunTime:0.001000s ]
INFO: [ view_filter ] --END-- [ RunTime:0.001000s ]
INFO: [ app_end ] --START--
INFO: Run Behavior\ShowPageTraceBehavior [ RunTime:0.001000s ]
INFO: [ app_end ] --END-- [ RunTime:0.001000s ]

