[ 2019-07-09T14:14:48+08:00 ] 127.0.0.1 /
INFO: [ app_init ] --START--
INFO: Run Behavior\BuildLiteBehavior [ RunTime:0.000000s ]
INFO: [ app_init ] --END-- [ RunTime:0.001000s ]
INFO: [ app_begin ] --START--
INFO: Run Behavior\ReadHtmlCacheBehavior [ RunTime:0.001000s ]
INFO: [ app_begin ] --END-- [ RunTime:0.001000s ]
SQL: SHOW COLUMNS FROM `tb_config` [ RunTime:0.0760s ]
SQL: SELECT * FROM `tb_config` WHERE ( id=1 ) LIMIT 1   [ RunTime:0.0100s ]
SQL: SHOW COLUMNS FROM `tb_float` [ RunTime:0.0370s ]
SQL: SELECT * FROM `tb_float` ORDER BY serialNum asc  [ RunTime:0.0010s ]
SQL: SHOW COLUMNS FROM `tb_newssort` [ RunTime:0.0630s ]
SQL: SELECT * FROM `tb_newssort` WHERE ( pid=3 )  [ RunTime:0.0560s ]
SQL: SELECT * FROM `tb_newssort` WHERE ( id=4 ) LIMIT 1   [ RunTime:0.0000s ]
SQL: SELECT * FROM `tb_newssort` WHERE ( id=3 ) LIMIT 1   [ RunTime:0.0010s ]
SQL: SELECT * FROM `tb_newssort` WHERE ( id=5 ) LIMIT 1   [ RunTime:0.0020s ]
SQL: SELECT * FROM `tb_newssort` WHERE ( id=3 ) LIMIT 1   [ RunTime:0.0010s ]
SQL: SHOW COLUMNS FROM `tb_link` [ RunTime:0.0480s ]
SQL: SELECT * FROM `tb_link` WHERE ( sort=1 ) ORDER BY serialNum desc,id desc  [ RunTime:0.0260s ]
INFO: [ view_parse ] --START--
INFO: [ template_filter ] --START--
INFO: Run Behavior\ContentReplaceBehavior [ RunTime:0.000000s ]
INFO: [ template_filter ] --END-- [ RunTime:0.000000s ]
INFO: Run Behavior\ParseTemplateBehavior [ RunTime:0.056004s ]
INFO: [ view_parse ] --END-- [ RunTime:0.057004s ]
INFO: [ view_filter ] --START--
INFO: Run Behavior\WriteHtmlCacheBehavior [ RunTime:0.001000s ]
INFO: [ view_filter ] --END-- [ RunTime:0.001000s ]
INFO: [ app_end ] --START--
INFO: Run Behavior\ShowPageTraceBehavior [ RunTime:0.001000s ]
INFO: [ app_end ] --END-- [ RunTime:0.001000s ]

[ 2019-07-09T14:14:48+08:00 ] 127.0.0.1 /favicon.ico
INFO: [ app_init ] --START--
INFO: Run Behavior\BuildLiteBehavior [ RunTime:0.000000s ]
INFO: [ app_init ] --END-- [ RunTime:0.001000s ]

[ 2019-07-09T14:17:52+08:00 ] 127.0.0.1 /
INFO: [ app_init ] --START--
INFO: Run Behavior\BuildLiteBehavior [ RunTime:0.000000s ]
INFO: [ app_init ] --END-- [ RunTime:0.001000s ]
INFO: [ app_begin ] --START--
INFO: Run Behavior\ReadHtmlCacheBehavior [ RunTime:0.001000s ]
INFO: [ app_begin ] --END-- [ RunTime:0.002000s ]
SQL: SHOW COLUMNS FROM `tb_config` [ RunTime:0.0080s ]
SQL: SELECT * FROM `tb_config` WHERE ( id=1 ) LIMIT 1   [ RunTime:0.0010s ]
SQL: SHOW COLUMNS FROM `tb_float` [ RunTime:0.0050s ]
SQL: SELECT * FROM `tb_float` ORDER BY serialNum asc  [ RunTime:0.0000s ]
SQL: SHOW COLUMNS FROM `tb_newssort` [ RunTime:0.0080s ]
SQL: SELECT * FROM `tb_newssort` WHERE ( pid=3 )  [ RunTime:0.0010s ]
SQL: SHOW COLUMNS FROM `tb_link` [ RunTime:0.0080s ]
SQL: SELECT * FROM `tb_link` WHERE ( sort=1 ) ORDER BY serialNum desc,id desc  [ RunTime:0.0010s ]
INFO: [ view_parse ] --START--
INFO: [ template_filter ] --START--
INFO: Run Behavior\ContentReplaceBehavior [ RunTime:0.000000s ]
INFO: [ template_filter ] --END-- [ RunTime:0.000000s ]
INFO: Run Behavior\ParseTemplateBehavior [ RunTime:0.018001s ]
INFO: [ view_parse ] --END-- [ RunTime:0.018001s ]
INFO: [ view_filter ] --START--
INFO: Run Behavior\WriteHtmlCacheBehavior [ RunTime:0.001000s ]
INFO: [ view_filter ] --END-- [ RunTime:0.001000s ]
INFO: [ app_end ] --START--
INFO: Run Behavior\ShowPageTraceBehavior [ RunTime:0.002000s ]
INFO: [ app_end ] --END-- [ RunTime:0.002000s ]

[ 2019-07-09T14:18:10+08:00 ] 127.0.0.1 /Public/Manager/JScript/Public/manager/Images/hs.png
INFO: [ app_init ] --START--
INFO: Run Behavior\BuildLiteBehavior [ RunTime:0.000000s ]
INFO: [ app_init ] --END-- [ RunTime:0.000000s ]

[ 2019-07-09T14:18:10+08:00 ] 127.0.0.1 /Public/Manager/JScript//Images/cross.gif
INFO: [ app_init ] --START--
INFO: Run Behavior\BuildLiteBehavior [ RunTime:0.000000s ]
INFO: [ app_init ] --END-- [ RunTime:0.001000s ]

[ 2019-07-09T14:18:10+08:00 ] 127.0.0.1 /Public/Manager/JScript//Images/arrow.gif
INFO: [ app_init ] --START--
INFO: Run Behavior\BuildLiteBehavior [ RunTime:0.000000s ]
INFO: [ app_init ] --END-- [ RunTime:0.004000s ]

[ 2019-07-09T14:19:19+08:00 ] 127.0.0.1 /Public/Manager/JScript/Public/manager/Images/hs.png
INFO: [ app_init ] --START--
INFO: Run Behavior\BuildLiteBehavior [ RunTime:0.000000s ]
INFO: [ app_init ] --END-- [ RunTime:0.001000s ]

[ 2019-07-09T14:19:19+08:00 ] 127.0.0.1 /Public/Manager/JScript//Images/cross.gif
INFO: [ app_init ] --START--
INFO: Run Behavior\BuildLiteBehavior [ RunTime:0.000000s ]
INFO: [ app_init ] --END-- [ RunTime:0.001000s ]

[ 2019-07-09T14:19:19+08:00 ] 127.0.0.1 /Public/Manager/JScript//Images/arrow.gif
INFO: [ app_init ] --START--
INFO: Run Behavior\BuildLiteBehavior [ RunTime:0.000000s ]
INFO: [ app_init ] --END-- [ RunTime:0.001000s ]

