[ 2018-07-04T10:10:35+08:00 ] ::1 /dxzykt/manager.php
INFO: [ app_init ] --START--
INFO: Run Behavior\BuildLiteBehavior [ RunTime:0.000000s ]
INFO: [ app_init ] --END-- [ RunTime:0.001000s ]
INFO: [ app_begin ] --START--
INFO: Run Behavior\ReadHtmlCacheBehavior [ RunTime:0.001000s ]
INFO: [ app_begin ] --END-- [ RunTime:0.001000s ]

[ 2018-07-04T10:10:36+08:00 ] ::1 /dxzykt/manager.php/Public/index.html
INFO: [ app_init ] --START--
INFO: Run Behavior\BuildLiteBehavior [ RunTime:0.000000s ]
INFO: [ app_init ] --END-- [ RunTime:0.001000s ]
INFO: [ app_begin ] --START--
INFO: Run Behavior\ReadHtmlCacheBehavior [ RunTime:0.001000s ]
INFO: [ app_begin ] --END-- [ RunTime:0.001000s ]
SQL: SHOW COLUMNS FROM `tb_config` [ RunTime:0.0050s ]
SQL: SELECT * FROM `tb_config` WHERE ( id=1 ) LIMIT 1   [ RunTime:0.0000s ]
NOTIC: [8] Undefined index: zhaiyaoTime D:\phpStudy\WWW\dxzykt\Apps\Manager\Controller\BaseController.class.php 第 13 行.
NOTIC: [8] Undefined index: zhengwenTime D:\phpStudy\WWW\dxzykt\Apps\Manager\Controller\BaseController.class.php 第 14 行.
INFO: [ view_parse ] --START--
INFO: [ template_filter ] --START--
INFO: Run Behavior\ContentReplaceBehavior [ RunTime:0.000000s ]
INFO: [ template_filter ] --END-- [ RunTime:0.000000s ]
INFO: Run Behavior\ParseTemplateBehavior [ RunTime:0.030001s ]
INFO: [ view_parse ] --END-- [ RunTime:0.030001s ]
INFO: [ view_filter ] --START--
INFO: Run Behavior\WriteHtmlCacheBehavior [ RunTime:0.001000s ]
INFO: [ view_filter ] --END-- [ RunTime:0.001000s ]
INFO: [ app_end ] --START--
INFO: Run Behavior\ShowPageTraceBehavior [ RunTime:0.001001s ]
INFO: [ app_end ] --END-- [ RunTime:0.001001s ]

[ 2018-07-04T10:10:37+08:00 ] ::1 /dxzykt/manager.php/Public/TopFrm.html
INFO: [ app_init ] --START--
INFO: Run Behavior\BuildLiteBehavior [ RunTime:0.000000s ]
INFO: [ app_init ] --END-- [ RunTime:0.000000s ]
INFO: [ app_begin ] --START--
INFO: Run Behavior\ReadHtmlCacheBehavior [ RunTime:0.001000s ]
INFO: [ app_begin ] --END-- [ RunTime:0.001000s ]
SQL: SHOW COLUMNS FROM `tb_config` [ RunTime:0.0050s ]
SQL: SELECT * FROM `tb_config` WHERE ( id=1 ) LIMIT 1   [ RunTime:0.0000s ]
NOTIC: [8] Undefined index: zhaiyaoTime D:\phpStudy\WWW\dxzykt\Apps\Manager\Controller\BaseController.class.php 第 13 行.
NOTIC: [8] Undefined index: zhengwenTime D:\phpStudy\WWW\dxzykt\Apps\Manager\Controller\BaseController.class.php 第 14 行.
SQL: SHOW COLUMNS FROM `tb_admin` [ RunTime:0.0050s ]
INFO: [ view_parse ] --START--
INFO: [ template_filter ] --START--
INFO: Run Behavior\ContentReplaceBehavior [ RunTime:0.000000s ]
INFO: [ template_filter ] --END-- [ RunTime:0.000000s ]
INFO: Run Behavior\ParseTemplateBehavior [ RunTime:0.005000s ]
INFO: [ view_parse ] --END-- [ RunTime:0.005000s ]
INFO: [ view_filter ] --START--
INFO: Run Behavior\WriteHtmlCacheBehavior [ RunTime:0.001000s ]
INFO: [ view_filter ] --END-- [ RunTime:0.001000s ]
INFO: [ app_end ] --START--
INFO: Run Behavior\ShowPageTraceBehavior [ RunTime:0.000000s ]
INFO: [ app_end ] --END-- [ RunTime:0.000000s ]

[ 2018-07-04T10:10:38+08:00 ] ::1 /dxzykt/manager.php/Public/MenuFrm.html
INFO: [ app_init ] --START--
INFO: Run Behavior\BuildLiteBehavior [ RunTime:0.000000s ]
INFO: [ app_init ] --END-- [ RunTime:0.001000s ]
INFO: [ app_begin ] --START--
INFO: Run Behavior\ReadHtmlCacheBehavior [ RunTime:0.000000s ]
INFO: [ app_begin ] --END-- [ RunTime:0.000000s ]
SQL: SHOW COLUMNS FROM `tb_config` [ RunTime:0.0050s ]
SQL: SELECT * FROM `tb_config` WHERE ( id=1 ) LIMIT 1   [ RunTime:0.0000s ]
NOTIC: [8] Undefined index: zhaiyaoTime D:\phpStudy\WWW\dxzykt\Apps\Manager\Controller\BaseController.class.php 第 13 行.
NOTIC: [8] Undefined index: zhengwenTime D:\phpStudy\WWW\dxzykt\Apps\Manager\Controller\BaseController.class.php 第 14 行.
SQL: SHOW COLUMNS FROM `tb_newssort` [ RunTime:0.0050s ]
SQL: SELECT * FROM `tb_newssort` WHERE ( pid=3 )  [ RunTime:0.0010s ]
SQL: SHOW COLUMNS FROM `tb_onepage` [ RunTime:0.0060s ]
SQL: SELECT * FROM `tb_onepage` WHERE `id` = 2 LIMIT 1   [ RunTime:0.0010s ]
SQL: SELECT * FROM `tb_newssort` WHERE ( pid=2 )  [ RunTime:0.0000s ]
INFO: [ view_parse ] --START--
INFO: [ template_filter ] --START--
INFO: Run Behavior\ContentReplaceBehavior [ RunTime:0.000000s ]
INFO: [ template_filter ] --END-- [ RunTime:0.000000s ]
INFO: Run Behavior\ParseTemplateBehavior [ RunTime:0.011001s ]
INFO: [ view_parse ] --END-- [ RunTime:0.011001s ]
INFO: [ view_filter ] --START--
INFO: Run Behavior\WriteHtmlCacheBehavior [ RunTime:0.001000s ]
INFO: [ view_filter ] --END-- [ RunTime:0.001000s ]
INFO: [ app_end ] --START--
INFO: Run Behavior\ShowPageTraceBehavior [ RunTime:0.000000s ]
INFO: [ app_end ] --END-- [ RunTime:0.000000s ]

[ 2018-07-04T10:10:39+08:00 ] ::1 /dxzykt/manager.php/Public/RightFrm.html
INFO: [ app_init ] --START--
INFO: Run Behavior\BuildLiteBehavior [ RunTime:0.000000s ]
INFO: [ app_init ] --END-- [ RunTime:0.000000s ]
INFO: [ app_begin ] --START--
INFO: Run Behavior\ReadHtmlCacheBehavior [ RunTime:0.001000s ]
INFO: [ app_begin ] --END-- [ RunTime:0.001000s ]
SQL: SHOW COLUMNS FROM `tb_config` [ RunTime:0.0060s ]
SQL: SELECT * FROM `tb_config` WHERE ( id=1 ) LIMIT 1   [ RunTime:0.0000s ]
NOTIC: [8] Undefined index: zhaiyaoTime D:\phpStudy\WWW\dxzykt\Apps\Manager\Controller\BaseController.class.php 第 13 行.
NOTIC: [8] Undefined index: zhengwenTime D:\phpStudy\WWW\dxzykt\Apps\Manager\Controller\BaseController.class.php 第 14 行.
INFO: [ view_parse ] --START--
INFO: [ template_filter ] --START--
INFO: Run Behavior\ContentReplaceBehavior [ RunTime:0.000000s ]
INFO: [ template_filter ] --END-- [ RunTime:0.000000s ]
INFO: Run Behavior\ParseTemplateBehavior [ RunTime:0.029001s ]
INFO: [ view_parse ] --END-- [ RunTime:0.029001s ]
INFO: [ view_filter ] --START--
INFO: Run Behavior\WriteHtmlCacheBehavior [ RunTime:0.001000s ]
INFO: [ view_filter ] --END-- [ RunTime:0.001000s ]
INFO: [ app_end ] --START--
INFO: Run Behavior\ShowPageTraceBehavior [ RunTime:0.000000s ]
INFO: [ app_end ] --END-- [ RunTime:0.001000s ]

[ 2018-07-04T10:11:51+08:00 ] ::1 /dxzykt/manager.php/Public/index.html
INFO: [ app_init ] --START--
INFO: Run Behavior\BuildLiteBehavior [ RunTime:0.000000s ]
INFO: [ app_init ] --END-- [ RunTime:0.000000s ]
INFO: [ app_begin ] --START--
INFO: Run Behavior\ReadHtmlCacheBehavior [ RunTime:0.001000s ]
INFO: [ app_begin ] --END-- [ RunTime:0.001000s ]

[ 2018-07-04T10:12:03+08:00 ] ::1 /dxzykt/manager.php/Public/index.html
INFO: [ app_init ] --START--
INFO: Run Behavior\BuildLiteBehavior [ RunTime:0.000000s ]
INFO: [ app_init ] --END-- [ RunTime:0.001000s ]
INFO: [ app_begin ] --START--
INFO: Run Behavior\ReadHtmlCacheBehavior [ RunTime:0.000000s ]
INFO: [ app_begin ] --END-- [ RunTime:0.000000s ]
SQL: SHOW COLUMNS FROM `tb_config` [ RunTime:0.0060s ]
SQL: SELECT * FROM `tb_config` WHERE ( id=1 ) LIMIT 1   [ RunTime:0.0000s ]
NOTIC: [8] Undefined index: zhaiyaoTime D:\phpStudy\WWW\dxzykt\Apps\Manager\Controller\BaseController.class.php 第 13 行.
NOTIC: [8] Undefined index: zhengwenTime D:\phpStudy\WWW\dxzykt\Apps\Manager\Controller\BaseController.class.php 第 14 行.
INFO: [ view_parse ] --START--
INFO: [ template_filter ] --START--
INFO: Run Behavior\ContentReplaceBehavior [ RunTime:0.000000s ]
INFO: [ template_filter ] --END-- [ RunTime:0.000000s ]
INFO: Run Behavior\ParseTemplateBehavior [ RunTime:0.005000s ]
INFO: [ view_parse ] --END-- [ RunTime:0.005000s ]
INFO: [ view_filter ] --START--
INFO: Run Behavior\WriteHtmlCacheBehavior [ RunTime:0.001000s ]
INFO: [ view_filter ] --END-- [ RunTime:0.001000s ]
INFO: [ app_end ] --START--
INFO: Run Behavior\ShowPageTraceBehavior [ RunTime:0.000000s ]
INFO: [ app_end ] --END-- [ RunTime:0.000000s ]

[ 2018-07-04T10:12:04+08:00 ] ::1 /dxzykt/manager.php/Public/TopFrm.html
INFO: [ app_init ] --START--
INFO: Run Behavior\BuildLiteBehavior [ RunTime:0.000000s ]
INFO: [ app_init ] --END-- [ RunTime:0.002000s ]
INFO: [ app_begin ] --START--
INFO: Run Behavior\ReadHtmlCacheBehavior [ RunTime:0.000000s ]
INFO: [ app_begin ] --END-- [ RunTime:0.000000s ]
SQL: SHOW COLUMNS FROM `tb_config` [ RunTime:0.0050s ]
SQL: SELECT * FROM `tb_config` WHERE ( id=1 ) LIMIT 1   [ RunTime:0.0010s ]
NOTIC: [8] Undefined index: zhaiyaoTime D:\phpStudy\WWW\dxzykt\Apps\Manager\Controller\BaseController.class.php 第 13 行.
NOTIC: [8] Undefined index: zhengwenTime D:\phpStudy\WWW\dxzykt\Apps\Manager\Controller\BaseController.class.php 第 14 行.
SQL: SHOW COLUMNS FROM `tb_admin` [ RunTime:0.0050s ]
INFO: [ view_parse ] --START--
INFO: [ template_filter ] --START--
INFO: Run Behavior\ContentReplaceBehavior [ RunTime:0.001000s ]
INFO: [ template_filter ] --END-- [ RunTime:0.001000s ]
INFO: Run Behavior\ParseTemplateBehavior [ RunTime:0.006001s ]
INFO: [ view_parse ] --END-- [ RunTime:0.006001s ]
INFO: [ view_filter ] --START--
INFO: Run Behavior\WriteHtmlCacheBehavior [ RunTime:0.000000s ]
INFO: [ view_filter ] --END-- [ RunTime:0.000000s ]
INFO: [ app_end ] --START--
INFO: Run Behavior\ShowPageTraceBehavior [ RunTime:0.001000s ]
INFO: [ app_end ] --END-- [ RunTime:0.001000s ]

[ 2018-07-04T10:12:05+08:00 ] ::1 /dxzykt/manager.php/Public/MenuFrm.html
INFO: [ app_init ] --START--
INFO: Run Behavior\BuildLiteBehavior [ RunTime:0.000000s ]
INFO: [ app_init ] --END-- [ RunTime:0.000000s ]
INFO: [ app_begin ] --START--
INFO: Run Behavior\ReadHtmlCacheBehavior [ RunTime:0.001000s ]
INFO: [ app_begin ] --END-- [ RunTime:0.001000s ]
SQL: SHOW COLUMNS FROM `tb_config` [ RunTime:0.0050s ]
SQL: SELECT * FROM `tb_config` WHERE ( id=1 ) LIMIT 1   [ RunTime:0.0000s ]
NOTIC: [8] Undefined index: zhaiyaoTime D:\phpStudy\WWW\dxzykt\Apps\Manager\Controller\BaseController.class.php 第 13 行.
NOTIC: [8] Undefined index: zhengwenTime D:\phpStudy\WWW\dxzykt\Apps\Manager\Controller\BaseController.class.php 第 14 行.
SQL: SHOW COLUMNS FROM `tb_newssort` [ RunTime:0.0050s ]
SQL: SELECT * FROM `tb_newssort` WHERE ( pid=3 )  [ RunTime:0.0000s ]
SQL: SHOW COLUMNS FROM `tb_onepage` [ RunTime:0.0050s ]
SQL: SELECT * FROM `tb_onepage` WHERE `id` = 2 LIMIT 1   [ RunTime:0.0000s ]
SQL: SELECT * FROM `tb_newssort` WHERE ( pid=2 )  [ RunTime:0.0010s ]
INFO: [ view_parse ] --START--
INFO: [ template_filter ] --START--
INFO: Run Behavior\ContentReplaceBehavior [ RunTime:0.000000s ]
INFO: [ template_filter ] --END-- [ RunTime:0.000000s ]
INFO: Run Behavior\ParseTemplateBehavior [ RunTime:0.009000s ]
INFO: [ view_parse ] --END-- [ RunTime:0.009000s ]
INFO: [ view_filter ] --START--
INFO: Run Behavior\WriteHtmlCacheBehavior [ RunTime:0.001000s ]
INFO: [ view_filter ] --END-- [ RunTime:0.001000s ]
INFO: [ app_end ] --START--
INFO: Run Behavior\ShowPageTraceBehavior [ RunTime:0.000000s ]
INFO: [ app_end ] --END-- [ RunTime:0.000000s ]

[ 2018-07-04T10:12:06+08:00 ] ::1 /dxzykt/manager.php/Public/RightFrm.html
INFO: [ app_init ] --START--
INFO: Run Behavior\BuildLiteBehavior [ RunTime:0.000000s ]
INFO: [ app_init ] --END-- [ RunTime:0.001000s ]
INFO: [ app_begin ] --START--
INFO: Run Behavior\ReadHtmlCacheBehavior [ RunTime:0.001000s ]
INFO: [ app_begin ] --END-- [ RunTime:0.001000s ]
SQL: SHOW COLUMNS FROM `tb_config` [ RunTime:0.0060s ]
SQL: SELECT * FROM `tb_config` WHERE ( id=1 ) LIMIT 1   [ RunTime:0.0010s ]
NOTIC: [8] Undefined index: zhaiyaoTime D:\phpStudy\WWW\dxzykt\Apps\Manager\Controller\BaseController.class.php 第 13 行.
NOTIC: [8] Undefined index: zhengwenTime D:\phpStudy\WWW\dxzykt\Apps\Manager\Controller\BaseController.class.php 第 14 行.
INFO: [ view_parse ] --START--
INFO: [ template_filter ] --START--
INFO: Run Behavior\ContentReplaceBehavior [ RunTime:0.001000s ]
INFO: [ template_filter ] --END-- [ RunTime:0.001000s ]
INFO: Run Behavior\ParseTemplateBehavior [ RunTime:0.029001s ]
INFO: [ view_parse ] --END-- [ RunTime:0.029001s ]
INFO: [ view_filter ] --START--
INFO: Run Behavior\WriteHtmlCacheBehavior [ RunTime:0.000000s ]
INFO: [ view_filter ] --END-- [ RunTime:0.001000s ]
INFO: [ app_end ] --START--
INFO: Run Behavior\ShowPageTraceBehavior [ RunTime:0.001000s ]
INFO: [ app_end ] --END-- [ RunTime:0.001000s ]

[ 2018-07-04T10:12:28+08:00 ] ::1 /dxzykt/manager.php/news/sortList.html
INFO: [ app_init ] --START--
INFO: Run Behavior\BuildLiteBehavior [ RunTime:0.000000s ]
INFO: [ app_init ] --END-- [ RunTime:0.000000s ]
INFO: [ app_begin ] --START--
INFO: Run Behavior\ReadHtmlCacheBehavior [ RunTime:0.000000s ]
INFO: [ app_begin ] --END-- [ RunTime:0.000000s ]
SQL: SHOW COLUMNS FROM `tb_config` [ RunTime:0.0050s ]
SQL: SELECT * FROM `tb_config` WHERE ( id=1 ) LIMIT 1   [ RunTime:0.0010s ]
NOTIC: [8] Undefined index: zhaiyaoTime D:\phpStudy\WWW\dxzykt\Apps\Manager\Controller\BaseController.class.php 第 13 行.
NOTIC: [8] Undefined index: zhengwenTime D:\phpStudy\WWW\dxzykt\Apps\Manager\Controller\BaseController.class.php 第 14 行.
SQL: SHOW COLUMNS FROM `tb_newssort` [ RunTime:0.0050s ]
SQL: SELECT * FROM `tb_newssort` WHERE ( pid=0 )  [ RunTime:0.0010s ]
SQL: SELECT * FROM `tb_newssort` WHERE ( pid=0 ) ORDER BY serialNum desc  [ RunTime:0.0000s ]
INFO: [ view_parse ] --START--
INFO: [ template_filter ] --START--
INFO: Run Behavior\ContentReplaceBehavior [ RunTime:0.000000s ]
INFO: [ template_filter ] --END-- [ RunTime:0.000000s ]
INFO: Run Behavior\ParseTemplateBehavior [ RunTime:0.016001s ]
INFO: [ view_parse ] --END-- [ RunTime:0.016001s ]
INFO: [ view_filter ] --START--
INFO: Run Behavior\WriteHtmlCacheBehavior [ RunTime:0.001000s ]
INFO: [ view_filter ] --END-- [ RunTime:0.001000s ]
INFO: [ app_end ] --START--
INFO: Run Behavior\ShowPageTraceBehavior [ RunTime:0.000000s ]
INFO: [ app_end ] --END-- [ RunTime:0.000000s ]

[ 2018-07-04T10:13:21+08:00 ] ::1 /dxzykt/manager.php/Public/index.html
INFO: [ app_init ] --START--
INFO: Run Behavior\BuildLiteBehavior [ RunTime:0.000000s ]
INFO: [ app_init ] --END-- [ RunTime:0.000000s ]
INFO: [ app_begin ] --START--
INFO: Run Behavior\ReadHtmlCacheBehavior [ RunTime:0.000000s ]
INFO: [ app_begin ] --END-- [ RunTime:0.000000s ]
SQL: SHOW COLUMNS FROM `tb_config` [ RunTime:0.0060s ]
SQL: SELECT * FROM `tb_config` WHERE ( id=1 ) LIMIT 1   [ RunTime:0.0010s ]
NOTIC: [8] Undefined index: zhaiyaoTime D:\phpStudy\WWW\dxzykt\Apps\Manager\Controller\BaseController.class.php 第 13 行.
NOTIC: [8] Undefined index: zhengwenTime D:\phpStudy\WWW\dxzykt\Apps\Manager\Controller\BaseController.class.php 第 14 行.
INFO: [ view_parse ] --START--
INFO: [ template_filter ] --START--
INFO: Run Behavior\ContentReplaceBehavior [ RunTime:0.000000s ]
INFO: [ template_filter ] --END-- [ RunTime:0.000000s ]
INFO: Run Behavior\ParseTemplateBehavior [ RunTime:0.006001s ]
INFO: [ view_parse ] --END-- [ RunTime:0.006001s ]
INFO: [ view_filter ] --START--
INFO: Run Behavior\WriteHtmlCacheBehavior [ RunTime:0.000000s ]
INFO: [ view_filter ] --END-- [ RunTime:0.000000s ]
INFO: [ app_end ] --START--
INFO: Run Behavior\ShowPageTraceBehavior [ RunTime:0.001000s ]
INFO: [ app_end ] --END-- [ RunTime:0.001000s ]

[ 2018-07-04T10:13:23+08:00 ] ::1 /dxzykt/manager.php/Public/TopFrm.html
INFO: [ app_init ] --START--
INFO: Run Behavior\BuildLiteBehavior [ RunTime:0.000000s ]
INFO: [ app_init ] --END-- [ RunTime:0.000000s ]
INFO: [ app_begin ] --START--
INFO: Run Behavior\ReadHtmlCacheBehavior [ RunTime:0.001000s ]
INFO: [ app_begin ] --END-- [ RunTime:0.001000s ]
SQL: SHOW COLUMNS FROM `tb_config` [ RunTime:0.0060s ]
SQL: SELECT * FROM `tb_config` WHERE ( id=1 ) LIMIT 1   [ RunTime:0.0010s ]
NOTIC: [8] Undefined index: zhaiyaoTime D:\phpStudy\WWW\dxzykt\Apps\Manager\Controller\BaseController.class.php 第 13 行.
NOTIC: [8] Undefined index: zhengwenTime D:\phpStudy\WWW\dxzykt\Apps\Manager\Controller\BaseController.class.php 第 14 行.
SQL: SHOW COLUMNS FROM `tb_admin` [ RunTime:0.0050s ]
INFO: [ view_parse ] --START--
INFO: [ template_filter ] --START--
INFO: Run Behavior\ContentReplaceBehavior [ RunTime:0.000000s ]
INFO: [ template_filter ] --END-- [ RunTime:0.000000s ]
INFO: Run Behavior\ParseTemplateBehavior [ RunTime:0.005000s ]
INFO: [ view_parse ] --END-- [ RunTime:0.005000s ]
INFO: [ view_filter ] --START--
INFO: Run Behavior\WriteHtmlCacheBehavior [ RunTime:0.000000s ]
INFO: [ view_filter ] --END-- [ RunTime:0.000000s ]
INFO: [ app_end ] --START--
INFO: Run Behavior\ShowPageTraceBehavior [ RunTime:0.000000s ]
INFO: [ app_end ] --END-- [ RunTime:0.000000s ]

[ 2018-07-04T10:13:24+08:00 ] ::1 /dxzykt/manager.php/Public/MenuFrm.html
INFO: [ app_init ] --START--
INFO: Run Behavior\BuildLiteBehavior [ RunTime:0.000000s ]
INFO: [ app_init ] --END-- [ RunTime:0.000000s ]
INFO: [ app_begin ] --START--
INFO: Run Behavior\ReadHtmlCacheBehavior [ RunTime:0.001000s ]
INFO: [ app_begin ] --END-- [ RunTime:0.001000s ]
SQL: SHOW COLUMNS FROM `tb_config` [ RunTime:0.0050s ]
SQL: SELECT * FROM `tb_config` WHERE ( id=1 ) LIMIT 1   [ RunTime:0.0000s ]
NOTIC: [8] Undefined index: zhaiyaoTime D:\phpStudy\WWW\dxzykt\Apps\Manager\Controller\BaseController.class.php 第 13 行.
NOTIC: [8] Undefined index: zhengwenTime D:\phpStudy\WWW\dxzykt\Apps\Manager\Controller\BaseController.class.php 第 14 行.
SQL: SHOW COLUMNS FROM `tb_newssort` [ RunTime:0.0060s ]
SQL: SELECT * FROM `tb_newssort` WHERE ( pid=3 )  [ RunTime:0.0010s ]
SQL: SHOW COLUMNS FROM `tb_onepage` [ RunTime:0.0050s ]
SQL: SELECT * FROM `tb_onepage` WHERE `id` = 2 LIMIT 1   [ RunTime:0.0010s ]
SQL: SELECT * FROM `tb_newssort` WHERE ( pid=2 )  [ RunTime:0.0000s ]
INFO: [ view_parse ] --START--
INFO: [ template_filter ] --START--
INFO: Run Behavior\ContentReplaceBehavior [ RunTime:0.001000s ]
INFO: [ template_filter ] --END-- [ RunTime:0.001000s ]
INFO: Run Behavior\ParseTemplateBehavior [ RunTime:0.007000s ]
INFO: [ view_parse ] --END-- [ RunTime:0.007000s ]
INFO: [ view_filter ] --START--
INFO: Run Behavior\WriteHtmlCacheBehavior [ RunTime:0.001000s ]
INFO: [ view_filter ] --END-- [ RunTime:0.001000s ]
INFO: [ app_end ] --START--
INFO: Run Behavior\ShowPageTraceBehavior [ RunTime:0.001000s ]
INFO: [ app_end ] --END-- [ RunTime:0.001000s ]

[ 2018-07-04T10:13:25+08:00 ] ::1 /dxzykt/manager.php/Public/RightFrm.html
INFO: [ app_init ] --START--
INFO: Run Behavior\BuildLiteBehavior [ RunTime:0.000000s ]
INFO: [ app_init ] --END-- [ RunTime:0.000000s ]
INFO: [ app_begin ] --START--
INFO: Run Behavior\ReadHtmlCacheBehavior [ RunTime:0.002000s ]
INFO: [ app_begin ] --END-- [ RunTime:0.002000s ]
SQL: SHOW COLUMNS FROM `tb_config` [ RunTime:0.0060s ]
SQL: SELECT * FROM `tb_config` WHERE ( id=1 ) LIMIT 1   [ RunTime:0.0010s ]
NOTIC: [8] Undefined index: zhaiyaoTime D:\phpStudy\WWW\dxzykt\Apps\Manager\Controller\BaseController.class.php 第 13 行.
NOTIC: [8] Undefined index: zhengwenTime D:\phpStudy\WWW\dxzykt\Apps\Manager\Controller\BaseController.class.php 第 14 行.
INFO: [ view_parse ] --START--
INFO: [ template_filter ] --START--
INFO: Run Behavior\ContentReplaceBehavior [ RunTime:0.000000s ]
INFO: [ template_filter ] --END-- [ RunTime:0.000000s ]
INFO: Run Behavior\ParseTemplateBehavior [ RunTime:0.022001s ]
INFO: [ view_parse ] --END-- [ RunTime:0.022001s ]
INFO: [ view_filter ] --START--
INFO: Run Behavior\WriteHtmlCacheBehavior [ RunTime:0.000000s ]
INFO: [ view_filter ] --END-- [ RunTime:0.000000s ]
INFO: [ app_end ] --START--
INFO: Run Behavior\ShowPageTraceBehavior [ RunTime:0.000000s ]
INFO: [ app_end ] --END-- [ RunTime:0.000000s ]

[ 2018-07-04T10:13:38+08:00 ] ::1 /dxzykt/manager.php/Public/index.html
INFO: [ app_init ] --START--
INFO: Run Behavior\BuildLiteBehavior [ RunTime:0.000000s ]
INFO: [ app_init ] --END-- [ RunTime:0.000000s ]
INFO: [ app_begin ] --START--
INFO: Run Behavior\ReadHtmlCacheBehavior [ RunTime:0.001000s ]
INFO: [ app_begin ] --END-- [ RunTime:0.001000s ]
SQL: SHOW COLUMNS FROM `tb_config` [ RunTime:0.0050s ]
SQL: SELECT * FROM `tb_config` WHERE ( id=1 ) LIMIT 1   [ RunTime:0.0000s ]
NOTIC: [8] Undefined index: zhaiyaoTime D:\phpStudy\WWW\dxzykt\Apps\Manager\Controller\BaseController.class.php 第 13 行.
NOTIC: [8] Undefined index: zhengwenTime D:\phpStudy\WWW\dxzykt\Apps\Manager\Controller\BaseController.class.php 第 14 行.
INFO: [ view_parse ] --START--
INFO: [ template_filter ] --START--
INFO: Run Behavior\ContentReplaceBehavior [ RunTime:0.000000s ]
INFO: [ template_filter ] --END-- [ RunTime:0.000000s ]
INFO: Run Behavior\ParseTemplateBehavior [ RunTime:0.005000s ]
INFO: [ view_parse ] --END-- [ RunTime:0.005000s ]
INFO: [ view_filter ] --START--
INFO: Run Behavior\WriteHtmlCacheBehavior [ RunTime:0.000000s ]
INFO: [ view_filter ] --END-- [ RunTime:0.000000s ]
INFO: [ app_end ] --START--
INFO: Run Behavior\ShowPageTraceBehavior [ RunTime:0.000000s ]
INFO: [ app_end ] --END-- [ RunTime:0.000000s ]

[ 2018-07-04T10:13:39+08:00 ] ::1 /dxzykt/manager.php/Public/TopFrm.html
INFO: [ app_init ] --START--
INFO: Run Behavior\BuildLiteBehavior [ RunTime:0.000000s ]
INFO: [ app_init ] --END-- [ RunTime:0.001000s ]
INFO: [ app_begin ] --START--
INFO: Run Behavior\ReadHtmlCacheBehavior [ RunTime:0.001000s ]
INFO: [ app_begin ] --END-- [ RunTime:0.001000s ]
SQL: SHOW COLUMNS FROM `tb_config` [ RunTime:0.0060s ]
SQL: SELECT * FROM `tb_config` WHERE ( id=1 ) LIMIT 1   [ RunTime:0.0000s ]
NOTIC: [8] Undefined index: zhaiyaoTime D:\phpStudy\WWW\dxzykt\Apps\Manager\Controller\BaseController.class.php 第 13 行.
NOTIC: [8] Undefined index: zhengwenTime D:\phpStudy\WWW\dxzykt\Apps\Manager\Controller\BaseController.class.php 第 14 行.
SQL: SHOW COLUMNS FROM `tb_admin` [ RunTime:0.0050s ]
INFO: [ view_parse ] --START--
INFO: [ template_filter ] --START--
INFO: Run Behavior\ContentReplaceBehavior [ RunTime:0.000000s ]
INFO: [ template_filter ] --END-- [ RunTime:0.000000s ]
INFO: Run Behavior\ParseTemplateBehavior [ RunTime:0.006000s ]
INFO: [ view_parse ] --END-- [ RunTime:0.006000s ]
INFO: [ view_filter ] --START--
INFO: Run Behavior\WriteHtmlCacheBehavior [ RunTime:0.000000s ]
INFO: [ view_filter ] --END-- [ RunTime:0.000000s ]
INFO: [ app_end ] --START--
INFO: Run Behavior\ShowPageTraceBehavior [ RunTime:0.001000s ]
INFO: [ app_end ] --END-- [ RunTime:0.001000s ]

[ 2018-07-04T10:13:40+08:00 ] ::1 /dxzykt/manager.php/Public/MenuFrm.html
INFO: [ app_init ] --START--
INFO: Run Behavior\BuildLiteBehavior [ RunTime:0.000000s ]
INFO: [ app_init ] --END-- [ RunTime:0.000000s ]
INFO: [ app_begin ] --START--
INFO: Run Behavior\ReadHtmlCacheBehavior [ RunTime:0.000000s ]
INFO: [ app_begin ] --END-- [ RunTime:0.001000s ]
SQL: SHOW COLUMNS FROM `tb_config` [ RunTime:0.0050s ]
SQL: SELECT * FROM `tb_config` WHERE ( id=1 ) LIMIT 1   [ RunTime:0.0010s ]
NOTIC: [8] Undefined index: zhaiyaoTime D:\phpStudy\WWW\dxzykt\Apps\Manager\Controller\BaseController.class.php 第 13 行.
NOTIC: [8] Undefined index: zhengwenTime D:\phpStudy\WWW\dxzykt\Apps\Manager\Controller\BaseController.class.php 第 14 行.
SQL: SHOW COLUMNS FROM `tb_newssort` [ RunTime:0.0050s ]
SQL: SELECT * FROM `tb_newssort` WHERE ( pid=3 )  [ RunTime:0.0010s ]
SQL: SHOW COLUMNS FROM `tb_onepage` [ RunTime:0.0050s ]
SQL: SELECT * FROM `tb_onepage` WHERE `id` = 2 LIMIT 1   [ RunTime:0.0010s ]
SQL: SELECT * FROM `tb_newssort` WHERE ( pid=2 )  [ RunTime:0.0010s ]
INFO: [ view_parse ] --START--
INFO: [ template_filter ] --START--
INFO: Run Behavior\ContentReplaceBehavior [ RunTime:0.000000s ]
INFO: [ template_filter ] --END-- [ RunTime:0.000000s ]
INFO: Run Behavior\ParseTemplateBehavior [ RunTime:0.008001s ]
INFO: [ view_parse ] --END-- [ RunTime:0.008001s ]
INFO: [ view_filter ] --START--
INFO: Run Behavior\WriteHtmlCacheBehavior [ RunTime:0.000000s ]
INFO: [ view_filter ] --END-- [ RunTime:0.000000s ]
INFO: [ app_end ] --START--
INFO: Run Behavior\ShowPageTraceBehavior [ RunTime:0.001000s ]
INFO: [ app_end ] --END-- [ RunTime:0.001000s ]

[ 2018-07-04T10:13:42+08:00 ] ::1 /dxzykt/manager.php/Public/RightFrm.html
INFO: [ app_init ] --START--
INFO: Run Behavior\BuildLiteBehavior [ RunTime:0.000000s ]
INFO: [ app_init ] --END-- [ RunTime:0.000000s ]
INFO: [ app_begin ] --START--
INFO: Run Behavior\ReadHtmlCacheBehavior [ RunTime:0.001000s ]
INFO: [ app_begin ] --END-- [ RunTime:0.001000s ]
SQL: SHOW COLUMNS FROM `tb_config` [ RunTime:0.0060s ]
SQL: SELECT * FROM `tb_config` WHERE ( id=1 ) LIMIT 1   [ RunTime:0.0010s ]
NOTIC: [8] Undefined index: zhaiyaoTime D:\phpStudy\WWW\dxzykt\Apps\Manager\Controller\BaseController.class.php 第 13 行.
NOTIC: [8] Undefined index: zhengwenTime D:\phpStudy\WWW\dxzykt\Apps\Manager\Controller\BaseController.class.php 第 14 行.
INFO: [ view_parse ] --START--
INFO: [ template_filter ] --START--
INFO: Run Behavior\ContentReplaceBehavior [ RunTime:0.000000s ]
INFO: [ template_filter ] --END-- [ RunTime:0.000000s ]
INFO: Run Behavior\ParseTemplateBehavior [ RunTime:0.021001s ]
INFO: [ view_parse ] --END-- [ RunTime:0.021001s ]
INFO: [ view_filter ] --START--
INFO: Run Behavior\WriteHtmlCacheBehavior [ RunTime:0.000000s ]
INFO: [ view_filter ] --END-- [ RunTime:0.000000s ]
INFO: [ app_end ] --START--
INFO: Run Behavior\ShowPageTraceBehavior [ RunTime:0.001000s ]
INFO: [ app_end ] --END-- [ RunTime:0.001000s ]

[ 2018-07-04T10:13:44+08:00 ] ::1 /dxzykt/manager.php/news/sortlist.html
INFO: [ app_init ] --START--
INFO: Run Behavior\BuildLiteBehavior [ RunTime:0.000000s ]
INFO: [ app_init ] --END-- [ RunTime:0.000000s ]
INFO: [ app_begin ] --START--
INFO: Run Behavior\ReadHtmlCacheBehavior [ RunTime:0.001000s ]
INFO: [ app_begin ] --END-- [ RunTime:0.001000s ]
SQL: SHOW COLUMNS FROM `tb_config` [ RunTime:0.0060s ]
SQL: SELECT * FROM `tb_config` WHERE ( id=1 ) LIMIT 1   [ RunTime:0.0010s ]
NOTIC: [8] Undefined index: zhaiyaoTime D:\phpStudy\WWW\dxzykt\Apps\Manager\Controller\BaseController.class.php 第 13 行.
NOTIC: [8] Undefined index: zhengwenTime D:\phpStudy\WWW\dxzykt\Apps\Manager\Controller\BaseController.class.php 第 14 行.
SQL: SHOW COLUMNS FROM `tb_newssort` [ RunTime:0.0050s ]
SQL: SELECT * FROM `tb_newssort` WHERE ( pid=0 )  [ RunTime:0.0010s ]
SQL: SELECT * FROM `tb_newssort` WHERE ( pid=0 ) ORDER BY serialNum desc  [ RunTime:0.0010s ]
INFO: [ view_parse ] --START--
INFO: [ template_filter ] --START--
INFO: Run Behavior\ContentReplaceBehavior [ RunTime:0.000000s ]
INFO: [ template_filter ] --END-- [ RunTime:0.000000s ]
INFO: Run Behavior\ParseTemplateBehavior [ RunTime:0.018001s ]
INFO: [ view_parse ] --END-- [ RunTime:0.018001s ]
INFO: [ view_filter ] --START--
INFO: Run Behavior\WriteHtmlCacheBehavior [ RunTime:0.000000s ]
INFO: [ view_filter ] --END-- [ RunTime:0.000000s ]
INFO: [ app_end ] --START--
INFO: Run Behavior\ShowPageTraceBehavior [ RunTime:0.001000s ]
INFO: [ app_end ] --END-- [ RunTime:0.001000s ]

[ 2018-07-04T10:13:46+08:00 ] ::1 /dxzykt/manager.php/link/sortlist.html
INFO: [ app_init ] --START--
INFO: Run Behavior\BuildLiteBehavior [ RunTime:0.000000s ]
INFO: [ app_init ] --END-- [ RunTime:0.001000s ]
INFO: [ app_begin ] --START--
INFO: Run Behavior\ReadHtmlCacheBehavior [ RunTime:0.000000s ]
INFO: [ app_begin ] --END-- [ RunTime:0.000000s ]
SQL: SHOW COLUMNS FROM `tb_config` [ RunTime:0.0060s ]
SQL: SELECT * FROM `tb_config` WHERE ( id=1 ) LIMIT 1   [ RunTime:0.0010s ]
NOTIC: [8] Undefined index: zhaiyaoTime D:\phpStudy\WWW\dxzykt\Apps\Manager\Controller\BaseController.class.php 第 13 行.
NOTIC: [8] Undefined index: zhengwenTime D:\phpStudy\WWW\dxzykt\Apps\Manager\Controller\BaseController.class.php 第 14 行.
SQL: SHOW COLUMNS FROM `tb_linksort` [ RunTime:0.0070s ]
SQL: SELECT * FROM `tb_linksort` WHERE ( pid=0 )  [ RunTime:0.0000s ]
SQL: SELECT * FROM `tb_linksort` WHERE ( pid=0 ) ORDER BY serialNum desc  [ RunTime:0.0000s ]
INFO: [ view_parse ] --START--
INFO: [ template_filter ] --START--
INFO: Run Behavior\ContentReplaceBehavior [ RunTime:0.000000s ]
INFO: [ template_filter ] --END-- [ RunTime:0.001000s ]
INFO: Run Behavior\ParseTemplateBehavior [ RunTime:0.018001s ]
INFO: [ view_parse ] --END-- [ RunTime:0.018001s ]
INFO: [ view_filter ] --START--
INFO: Run Behavior\WriteHtmlCacheBehavior [ RunTime:0.001000s ]
INFO: [ view_filter ] --END-- [ RunTime:0.001000s ]
INFO: [ app_end ] --START--
INFO: Run Behavior\ShowPageTraceBehavior [ RunTime:0.000000s ]
INFO: [ app_end ] --END-- [ RunTime:0.000000s ]

[ 2018-07-04T10:14:03+08:00 ] ::1 /dxzykt/manager.php/Public/index.html
INFO: [ app_init ] --START--
INFO: Run Behavior\BuildLiteBehavior [ RunTime:0.000000s ]
INFO: [ app_init ] --END-- [ RunTime:0.001000s ]
INFO: [ app_begin ] --START--
INFO: Run Behavior\ReadHtmlCacheBehavior [ RunTime:0.001000s ]
INFO: [ app_begin ] --END-- [ RunTime:0.001000s ]
SQL: SHOW COLUMNS FROM `tb_config` [ RunTime:0.0050s ]
SQL: SELECT * FROM `tb_config` WHERE ( id=1 ) LIMIT 1   [ RunTime:0.0000s ]
NOTIC: [8] Undefined index: zhaiyaoTime D:\phpStudy\WWW\dxzykt\Apps\Manager\Controller\BaseController.class.php 第 13 行.
NOTIC: [8] Undefined index: zhengwenTime D:\phpStudy\WWW\dxzykt\Apps\Manager\Controller\BaseController.class.php 第 14 行.
INFO: [ view_parse ] --START--
INFO: [ template_filter ] --START--
INFO: Run Behavior\ContentReplaceBehavior [ RunTime:0.000000s ]
INFO: [ template_filter ] --END-- [ RunTime:0.000000s ]
INFO: Run Behavior\ParseTemplateBehavior [ RunTime:0.005000s ]
INFO: [ view_parse ] --END-- [ RunTime:0.005000s ]
INFO: [ view_filter ] --START--
INFO: Run Behavior\WriteHtmlCacheBehavior [ RunTime:0.001000s ]
INFO: [ view_filter ] --END-- [ RunTime:0.001000s ]
INFO: [ app_end ] --START--
INFO: Run Behavior\ShowPageTraceBehavior [ RunTime:0.000000s ]
INFO: [ app_end ] --END-- [ RunTime:0.000000s ]

[ 2018-07-04T10:14:04+08:00 ] ::1 /dxzykt/manager.php/Public/TopFrm.html
INFO: [ app_init ] --START--
INFO: Run Behavior\BuildLiteBehavior [ RunTime:0.000000s ]
INFO: [ app_init ] --END-- [ RunTime:0.001000s ]
INFO: [ app_begin ] --START--
INFO: Run Behavior\ReadHtmlCacheBehavior [ RunTime:0.000000s ]
INFO: [ app_begin ] --END-- [ RunTime:0.000000s ]
SQL: SHOW COLUMNS FROM `tb_config` [ RunTime:0.0050s ]
SQL: SELECT * FROM `tb_config` WHERE ( id=1 ) LIMIT 1   [ RunTime:0.0010s ]
NOTIC: [8] Undefined index: zhaiyaoTime D:\phpStudy\WWW\dxzykt\Apps\Manager\Controller\BaseController.class.php 第 13 行.
NOTIC: [8] Undefined index: zhengwenTime D:\phpStudy\WWW\dxzykt\Apps\Manager\Controller\BaseController.class.php 第 14 行.
SQL: SHOW COLUMNS FROM `tb_admin` [ RunTime:0.0050s ]
INFO: [ view_parse ] --START--
INFO: [ template_filter ] --START--
INFO: Run Behavior\ContentReplaceBehavior [ RunTime:0.000000s ]
INFO: [ template_filter ] --END-- [ RunTime:0.001000s ]
INFO: Run Behavior\ParseTemplateBehavior [ RunTime:0.005001s ]
INFO: [ view_parse ] --END-- [ RunTime:0.005001s ]
INFO: [ view_filter ] --START--
INFO: Run Behavior\WriteHtmlCacheBehavior [ RunTime:0.000000s ]
INFO: [ view_filter ] --END-- [ RunTime:0.000000s ]
INFO: [ app_end ] --START--
INFO: Run Behavior\ShowPageTraceBehavior [ RunTime:0.001000s ]
INFO: [ app_end ] --END-- [ RunTime:0.001000s ]

[ 2018-07-04T10:14:05+08:00 ] ::1 /dxzykt/manager.php/Public/MenuFrm.html
INFO: [ app_init ] --START--
INFO: Run Behavior\BuildLiteBehavior [ RunTime:0.000000s ]
INFO: [ app_init ] --END-- [ RunTime:0.001000s ]
INFO: [ app_begin ] --START--
INFO: Run Behavior\ReadHtmlCacheBehavior [ RunTime:0.001000s ]
INFO: [ app_begin ] --END-- [ RunTime:0.001000s ]
SQL: SHOW COLUMNS FROM `tb_config` [ RunTime:0.0050s ]
SQL: SELECT * FROM `tb_config` WHERE ( id=1 ) LIMIT 1   [ RunTime:0.0000s ]
NOTIC: [8] Undefined index: zhaiyaoTime D:\phpStudy\WWW\dxzykt\Apps\Manager\Controller\BaseController.class.php 第 13 行.
NOTIC: [8] Undefined index: zhengwenTime D:\phpStudy\WWW\dxzykt\Apps\Manager\Controller\BaseController.class.php 第 14 行.
SQL: SHOW COLUMNS FROM `tb_newssort` [ RunTime:0.0050s ]
SQL: SELECT * FROM `tb_newssort` WHERE ( pid=3 )  [ RunTime:0.0010s ]
SQL: SHOW COLUMNS FROM `tb_onepage` [ RunTime:0.0050s ]
SQL: SELECT * FROM `tb_onepage` WHERE `id` = 2 LIMIT 1   [ RunTime:0.0010s ]
SQL: SELECT * FROM `tb_newssort` WHERE ( pid=2 )  [ RunTime:0.0000s ]
INFO: [ view_parse ] --START--
INFO: [ template_filter ] --START--
INFO: Run Behavior\ContentReplaceBehavior [ RunTime:0.000000s ]
INFO: [ template_filter ] --END-- [ RunTime:0.000000s ]
INFO: Run Behavior\ParseTemplateBehavior [ RunTime:0.018001s ]
INFO: [ view_parse ] --END-- [ RunTime:0.018001s ]
INFO: [ view_filter ] --START--
INFO: Run Behavior\WriteHtmlCacheBehavior [ RunTime:0.000000s ]
INFO: [ view_filter ] --END-- [ RunTime:0.001000s ]
INFO: [ app_end ] --START--
INFO: Run Behavior\ShowPageTraceBehavior [ RunTime:0.000000s ]
INFO: [ app_end ] --END-- [ RunTime:0.000000s ]

[ 2018-07-04T10:14:06+08:00 ] ::1 /dxzykt/manager.php/Public/RightFrm.html
INFO: [ app_init ] --START--
INFO: Run Behavior\BuildLiteBehavior [ RunTime:0.000000s ]
INFO: [ app_init ] --END-- [ RunTime:0.001000s ]
INFO: [ app_begin ] --START--
INFO: Run Behavior\ReadHtmlCacheBehavior [ RunTime:0.001000s ]
INFO: [ app_begin ] --END-- [ RunTime:0.001000s ]
SQL: SHOW COLUMNS FROM `tb_config` [ RunTime:0.0050s ]
SQL: SELECT * FROM `tb_config` WHERE ( id=1 ) LIMIT 1   [ RunTime:0.0020s ]
NOTIC: [8] Undefined index: zhaiyaoTime D:\phpStudy\WWW\dxzykt\Apps\Manager\Controller\BaseController.class.php 第 13 行.
NOTIC: [8] Undefined index: zhengwenTime D:\phpStudy\WWW\dxzykt\Apps\Manager\Controller\BaseController.class.php 第 14 行.
INFO: [ view_parse ] --START--
INFO: [ template_filter ] --START--
INFO: Run Behavior\ContentReplaceBehavior [ RunTime:0.000000s ]
INFO: [ template_filter ] --END-- [ RunTime:0.000000s ]
INFO: Run Behavior\ParseTemplateBehavior [ RunTime:0.017001s ]
INFO: [ view_parse ] --END-- [ RunTime:0.017001s ]
INFO: [ view_filter ] --START--
INFO: Run Behavior\WriteHtmlCacheBehavior [ RunTime:0.001000s ]
INFO: [ view_filter ] --END-- [ RunTime:0.001000s ]
INFO: [ app_end ] --START--
INFO: Run Behavior\ShowPageTraceBehavior [ RunTime:0.001000s ]
INFO: [ app_end ] --END-- [ RunTime:0.001000s ]

[ 2018-07-04T10:14:08+08:00 ] ::1 /dxzykt/manager.php/news/sortlist.html
INFO: [ app_init ] --START--
INFO: Run Behavior\BuildLiteBehavior [ RunTime:0.000000s ]
INFO: [ app_init ] --END-- [ RunTime:0.001000s ]
INFO: [ app_begin ] --START--
INFO: Run Behavior\ReadHtmlCacheBehavior [ RunTime:0.000000s ]
INFO: [ app_begin ] --END-- [ RunTime:0.000000s ]
SQL: SHOW COLUMNS FROM `tb_config` [ RunTime:0.0060s ]
SQL: SELECT * FROM `tb_config` WHERE ( id=1 ) LIMIT 1   [ RunTime:0.0010s ]
NOTIC: [8] Undefined index: zhaiyaoTime D:\phpStudy\WWW\dxzykt\Apps\Manager\Controller\BaseController.class.php 第 13 行.
NOTIC: [8] Undefined index: zhengwenTime D:\phpStudy\WWW\dxzykt\Apps\Manager\Controller\BaseController.class.php 第 14 行.
SQL: SHOW COLUMNS FROM `tb_newssort` [ RunTime:0.0050s ]
SQL: SELECT * FROM `tb_newssort` WHERE ( pid=0 )  [ RunTime:0.0000s ]
SQL: SELECT * FROM `tb_newssort` WHERE ( pid=0 ) ORDER BY serialNum desc  [ RunTime:0.0010s ]
INFO: [ view_parse ] --START--
INFO: [ template_filter ] --START--
INFO: Run Behavior\ContentReplaceBehavior [ RunTime:0.000000s ]
INFO: [ template_filter ] --END-- [ RunTime:0.000000s ]
INFO: Run Behavior\ParseTemplateBehavior [ RunTime:0.006001s ]
INFO: [ view_parse ] --END-- [ RunTime:0.006001s ]
INFO: [ view_filter ] --START--
INFO: Run Behavior\WriteHtmlCacheBehavior [ RunTime:0.000000s ]
INFO: [ view_filter ] --END-- [ RunTime:0.000000s ]
INFO: [ app_end ] --START--
INFO: Run Behavior\ShowPageTraceBehavior [ RunTime:0.001000s ]
INFO: [ app_end ] --END-- [ RunTime:0.001000s ]

[ 2018-07-04T10:14:13+08:00 ] ::1 /dxzykt/manager.php/News/sortAdd/id/0.html
INFO: [ app_init ] --START--
INFO: Run Behavior\BuildLiteBehavior [ RunTime:0.000000s ]
INFO: [ app_init ] --END-- [ RunTime:0.001000s ]
INFO: [ app_begin ] --START--
INFO: Run Behavior\ReadHtmlCacheBehavior [ RunTime:0.001000s ]
INFO: [ app_begin ] --END-- [ RunTime:0.001000s ]
SQL: SHOW COLUMNS FROM `tb_config` [ RunTime:0.0060s ]
SQL: SELECT * FROM `tb_config` WHERE ( id=1 ) LIMIT 1   [ RunTime:0.0010s ]
NOTIC: [8] Undefined index: zhaiyaoTime D:\phpStudy\WWW\dxzykt\Apps\Manager\Controller\BaseController.class.php 第 13 行.
NOTIC: [8] Undefined index: zhengwenTime D:\phpStudy\WWW\dxzykt\Apps\Manager\Controller\BaseController.class.php 第 14 行.
SQL: SHOW COLUMNS FROM `tb_newssort` [ RunTime:0.0050s ]
SQL: SELECT * FROM `tb_newssort` WHERE ( id=0 ) LIMIT 1   [ RunTime:0.0000s ]
INFO: [ view_parse ] --START--
INFO: [ template_filter ] --START--
INFO: Run Behavior\ContentReplaceBehavior [ RunTime:0.000000s ]
INFO: [ template_filter ] --END-- [ RunTime:0.000000s ]
INFO: Run Behavior\ParseTemplateBehavior [ RunTime:0.017001s ]
INFO: [ view_parse ] --END-- [ RunTime:0.017001s ]
INFO: [ view_filter ] --START--
INFO: Run Behavior\WriteHtmlCacheBehavior [ RunTime:0.000000s ]
INFO: [ view_filter ] --END-- [ RunTime:0.000000s ]
INFO: [ app_end ] --START--
INFO: Run Behavior\ShowPageTraceBehavior [ RunTime:0.001000s ]
INFO: [ app_end ] --END-- [ RunTime:0.001000s ]

[ 2018-07-04T10:14:16+08:00 ] ::1 /dxzykt/manager.php/link/sortlist.html
INFO: [ app_init ] --START--
INFO: Run Behavior\BuildLiteBehavior [ RunTime:0.000000s ]
INFO: [ app_init ] --END-- [ RunTime:0.000000s ]
INFO: [ app_begin ] --START--
INFO: Run Behavior\ReadHtmlCacheBehavior [ RunTime:0.001000s ]
INFO: [ app_begin ] --END-- [ RunTime:0.001000s ]
SQL: SHOW COLUMNS FROM `tb_config` [ RunTime:0.0060s ]
SQL: SELECT * FROM `tb_config` WHERE ( id=1 ) LIMIT 1   [ RunTime:0.0010s ]
NOTIC: [8] Undefined index: zhaiyaoTime D:\phpStudy\WWW\dxzykt\Apps\Manager\Controller\BaseController.class.php 第 13 行.
NOTIC: [8] Undefined index: zhengwenTime D:\phpStudy\WWW\dxzykt\Apps\Manager\Controller\BaseController.class.php 第 14 行.
SQL: SHOW COLUMNS FROM `tb_linksort` [ RunTime:0.0060s ]
SQL: SELECT * FROM `tb_linksort` WHERE ( pid=0 )  [ RunTime:0.0000s ]
SQL: SELECT * FROM `tb_linksort` WHERE ( pid=0 ) ORDER BY serialNum desc  [ RunTime:0.0000s ]
INFO: [ view_parse ] --START--
INFO: [ template_filter ] --START--
INFO: Run Behavior\ContentReplaceBehavior [ RunTime:0.000000s ]
INFO: [ template_filter ] --END-- [ RunTime:0.000000s ]
INFO: Run Behavior\ParseTemplateBehavior [ RunTime:0.006001s ]
INFO: [ view_parse ] --END-- [ RunTime:0.006001s ]
INFO: [ view_filter ] --START--
INFO: Run Behavior\WriteHtmlCacheBehavior [ RunTime:0.000000s ]
INFO: [ view_filter ] --END-- [ RunTime:0.000000s ]
INFO: [ app_end ] --START--
INFO: Run Behavior\ShowPageTraceBehavior [ RunTime:0.001000s ]
INFO: [ app_end ] --END-- [ RunTime:0.001000s ]

[ 2018-07-04T10:14:46+08:00 ] ::1 /dxzykt/manager.php/Public/index.html
INFO: [ app_init ] --START--
INFO: Run Behavior\BuildLiteBehavior [ RunTime:0.000000s ]
INFO: [ app_init ] --END-- [ RunTime:0.001000s ]
INFO: [ app_begin ] --START--
INFO: Run Behavior\ReadHtmlCacheBehavior [ RunTime:0.000000s ]
INFO: [ app_begin ] --END-- [ RunTime:0.000000s ]
SQL: SHOW COLUMNS FROM `tb_config` [ RunTime:0.0050s ]
SQL: SELECT * FROM `tb_config` WHERE ( id=1 ) LIMIT 1   [ RunTime:0.0010s ]
NOTIC: [8] Undefined index: zhaiyaoTime D:\phpStudy\WWW\dxzykt\Apps\Manager\Controller\BaseController.class.php 第 13 行.
NOTIC: [8] Undefined index: zhengwenTime D:\phpStudy\WWW\dxzykt\Apps\Manager\Controller\BaseController.class.php 第 14 行.
INFO: [ view_parse ] --START--
INFO: [ template_filter ] --START--
INFO: Run Behavior\ContentReplaceBehavior [ RunTime:0.000000s ]
INFO: [ template_filter ] --END-- [ RunTime:0.000000s ]
INFO: Run Behavior\ParseTemplateBehavior [ RunTime:0.006001s ]
INFO: [ view_parse ] --END-- [ RunTime:0.006001s ]
INFO: [ view_filter ] --START--
INFO: Run Behavior\WriteHtmlCacheBehavior [ RunTime:0.000000s ]
INFO: [ view_filter ] --END-- [ RunTime:0.000000s ]
INFO: [ app_end ] --START--
INFO: Run Behavior\ShowPageTraceBehavior [ RunTime:0.001000s ]
INFO: [ app_end ] --END-- [ RunTime:0.001000s ]

[ 2018-07-04T10:14:47+08:00 ] ::1 /dxzykt/manager.php/Public/TopFrm.html
INFO: [ app_init ] --START--
INFO: Run Behavior\BuildLiteBehavior [ RunTime:0.000000s ]
INFO: [ app_init ] --END-- [ RunTime:0.000000s ]
INFO: [ app_begin ] --START--
INFO: Run Behavior\ReadHtmlCacheBehavior [ RunTime:0.002000s ]
INFO: [ app_begin ] --END-- [ RunTime:0.002000s ]
SQL: SHOW COLUMNS FROM `tb_config` [ RunTime:0.0050s ]
SQL: SELECT * FROM `tb_config` WHERE ( id=1 ) LIMIT 1   [ RunTime:0.0000s ]
NOTIC: [8] Undefined index: zhaiyaoTime D:\phpStudy\WWW\dxzykt\Apps\Manager\Controller\BaseController.class.php 第 13 行.
NOTIC: [8] Undefined index: zhengwenTime D:\phpStudy\WWW\dxzykt\Apps\Manager\Controller\BaseController.class.php 第 14 行.
SQL: SHOW COLUMNS FROM `tb_admin` [ RunTime:0.0050s ]
INFO: [ view_parse ] --START--
INFO: [ template_filter ] --START--
INFO: Run Behavior\ContentReplaceBehavior [ RunTime:0.000000s ]
INFO: [ template_filter ] --END-- [ RunTime:0.000000s ]
INFO: Run Behavior\ParseTemplateBehavior [ RunTime:0.006000s ]
INFO: [ view_parse ] --END-- [ RunTime:0.006000s ]
INFO: [ view_filter ] --START--
INFO: Run Behavior\WriteHtmlCacheBehavior [ RunTime:0.001000s ]
INFO: [ view_filter ] --END-- [ RunTime:0.001000s ]
INFO: [ app_end ] --START--
INFO: Run Behavior\ShowPageTraceBehavior [ RunTime:0.000000s ]
INFO: [ app_end ] --END-- [ RunTime:0.000000s ]

[ 2018-07-04T10:14:48+08:00 ] ::1 /dxzykt/manager.php/Public/MenuFrm.html
INFO: [ app_init ] --START--
INFO: Run Behavior\BuildLiteBehavior [ RunTime:0.000000s ]
INFO: [ app_init ] --END-- [ RunTime:0.000000s ]
INFO: [ app_begin ] --START--
INFO: Run Behavior\ReadHtmlCacheBehavior [ RunTime:0.001000s ]
INFO: [ app_begin ] --END-- [ RunTime:0.001000s ]
SQL: SHOW COLUMNS FROM `tb_config` [ RunTime:0.0050s ]
SQL: SELECT * FROM `tb_config` WHERE ( id=1 ) LIMIT 1   [ RunTime:0.0000s ]
NOTIC: [8] Undefined index: zhaiyaoTime D:\phpStudy\WWW\dxzykt\Apps\Manager\Controller\BaseController.class.php 第 13 行.
NOTIC: [8] Undefined index: zhengwenTime D:\phpStudy\WWW\dxzykt\Apps\Manager\Controller\BaseController.class.php 第 14 行.
SQL: SHOW COLUMNS FROM `tb_newssort` [ RunTime:0.0060s ]
SQL: SELECT * FROM `tb_newssort` WHERE ( pid=3 )  [ RunTime:0.0000s ]
SQL: SHOW COLUMNS FROM `tb_onepage` [ RunTime:0.0050s ]
SQL: SELECT * FROM `tb_onepage` WHERE `id` = 2 LIMIT 1   [ RunTime:0.0000s ]
SQL: SELECT * FROM `tb_newssort` WHERE ( pid=2 )  [ RunTime:0.0000s ]
INFO: [ view_parse ] --START--
INFO: [ template_filter ] --START--
INFO: Run Behavior\ContentReplaceBehavior [ RunTime:0.000000s ]
INFO: [ template_filter ] --END-- [ RunTime:0.000000s ]
INFO: Run Behavior\ParseTemplateBehavior [ RunTime:0.008001s ]
INFO: [ view_parse ] --END-- [ RunTime:0.008001s ]
INFO: [ view_filter ] --START--
INFO: Run Behavior\WriteHtmlCacheBehavior [ RunTime:0.000000s ]
INFO: [ view_filter ] --END-- [ RunTime:0.000000s ]
INFO: [ app_end ] --START--
INFO: Run Behavior\ShowPageTraceBehavior [ RunTime:0.001000s ]
INFO: [ app_end ] --END-- [ RunTime:0.001000s ]

[ 2018-07-04T10:14:49+08:00 ] ::1 /dxzykt/manager.php/Public/RightFrm.html
INFO: [ app_init ] --START--
INFO: Run Behavior\BuildLiteBehavior [ RunTime:0.000000s ]
INFO: [ app_init ] --END-- [ RunTime:0.001000s ]
INFO: [ app_begin ] --START--
INFO: Run Behavior\ReadHtmlCacheBehavior [ RunTime:0.001000s ]
INFO: [ app_begin ] --END-- [ RunTime:0.001000s ]
SQL: SHOW COLUMNS FROM `tb_config` [ RunTime:0.0060s ]
SQL: SELECT * FROM `tb_config` WHERE ( id=1 ) LIMIT 1   [ RunTime:0.0010s ]
NOTIC: [8] Undefined index: zhaiyaoTime D:\phpStudy\WWW\dxzykt\Apps\Manager\Controller\BaseController.class.php 第 13 行.
NOTIC: [8] Undefined index: zhengwenTime D:\phpStudy\WWW\dxzykt\Apps\Manager\Controller\BaseController.class.php 第 14 行.
INFO: [ view_parse ] --START--
INFO: [ template_filter ] --START--
INFO: Run Behavior\ContentReplaceBehavior [ RunTime:0.000000s ]
INFO: [ template_filter ] --END-- [ RunTime:0.000000s ]
INFO: Run Behavior\ParseTemplateBehavior [ RunTime:0.027002s ]
INFO: [ view_parse ] --END-- [ RunTime:0.027002s ]
INFO: [ view_filter ] --START--
INFO: Run Behavior\WriteHtmlCacheBehavior [ RunTime:0.000000s ]
INFO: [ view_filter ] --END-- [ RunTime:0.000000s ]
INFO: [ app_end ] --START--
INFO: Run Behavior\ShowPageTraceBehavior [ RunTime:0.001000s ]
INFO: [ app_end ] --END-- [ RunTime:0.001000s ]

[ 2018-07-04T10:16:20+08:00 ] ::1 /dxzykt/manager.php/news/sortlist.html
INFO: [ app_init ] --START--
INFO: Run Behavior\BuildLiteBehavior [ RunTime:0.000000s ]
INFO: [ app_init ] --END-- [ RunTime:0.001000s ]
INFO: [ app_begin ] --START--
INFO: Run Behavior\ReadHtmlCacheBehavior [ RunTime:0.000000s ]
INFO: [ app_begin ] --END-- [ RunTime:0.000000s ]
SQL: SHOW COLUMNS FROM `tb_config` [ RunTime:0.0060s ]
SQL: SELECT * FROM `tb_config` WHERE ( id=1 ) LIMIT 1   [ RunTime:0.0010s ]
NOTIC: [8] Undefined index: zhaiyaoTime D:\phpStudy\WWW\dxzykt\Apps\Manager\Controller\BaseController.class.php 第 13 行.
NOTIC: [8] Undefined index: zhengwenTime D:\phpStudy\WWW\dxzykt\Apps\Manager\Controller\BaseController.class.php 第 14 行.
SQL: SHOW COLUMNS FROM `tb_newssort` [ RunTime:0.0060s ]
SQL: SELECT * FROM `tb_newssort` WHERE ( pid=0 )  [ RunTime:0.0000s ]
SQL: SELECT * FROM `tb_newssort` WHERE ( pid=0 ) ORDER BY serialNum desc  [ RunTime:0.0010s ]
INFO: [ view_parse ] --START--
INFO: [ template_filter ] --START--
INFO: Run Behavior\ContentReplaceBehavior [ RunTime:0.000000s ]
INFO: [ template_filter ] --END-- [ RunTime:0.000000s ]
INFO: Run Behavior\ParseTemplateBehavior [ RunTime:0.006001s ]
INFO: [ view_parse ] --END-- [ RunTime:0.006001s ]
INFO: [ view_filter ] --START--
INFO: Run Behavior\WriteHtmlCacheBehavior [ RunTime:0.001000s ]
INFO: [ view_filter ] --END-- [ RunTime:0.001000s ]
INFO: [ app_end ] --START--
INFO: Run Behavior\ShowPageTraceBehavior [ RunTime:0.000000s ]
INFO: [ app_end ] --END-- [ RunTime:0.000000s ]

[ 2018-07-04T10:16:22+08:00 ] ::1 /dxzykt/manager.php/News/sortAdd/id/0.html
INFO: [ app_init ] --START--
INFO: Run Behavior\BuildLiteBehavior [ RunTime:0.000000s ]
INFO: [ app_init ] --END-- [ RunTime:0.000000s ]
INFO: [ app_begin ] --START--
INFO: Run Behavior\ReadHtmlCacheBehavior [ RunTime:0.001000s ]
INFO: [ app_begin ] --END-- [ RunTime:0.001000s ]
SQL: SHOW COLUMNS FROM `tb_config` [ RunTime:0.0070s ]
SQL: SELECT * FROM `tb_config` WHERE ( id=1 ) LIMIT 1   [ RunTime:0.0010s ]
NOTIC: [8] Undefined index: zhaiyaoTime D:\phpStudy\WWW\dxzykt\Apps\Manager\Controller\BaseController.class.php 第 13 行.
NOTIC: [8] Undefined index: zhengwenTime D:\phpStudy\WWW\dxzykt\Apps\Manager\Controller\BaseController.class.php 第 14 行.
SQL: SHOW COLUMNS FROM `tb_newssort` [ RunTime:0.0050s ]
SQL: SELECT * FROM `tb_newssort` WHERE ( id=0 ) LIMIT 1   [ RunTime:0.0000s ]
INFO: [ view_parse ] --START--
INFO: [ template_filter ] --START--
INFO: Run Behavior\ContentReplaceBehavior [ RunTime:0.000000s ]
INFO: [ template_filter ] --END-- [ RunTime:0.000000s ]
INFO: Run Behavior\ParseTemplateBehavior [ RunTime:0.007000s ]
INFO: [ view_parse ] --END-- [ RunTime:0.007000s ]
INFO: [ view_filter ] --START--
INFO: Run Behavior\WriteHtmlCacheBehavior [ RunTime:0.001000s ]
INFO: [ view_filter ] --END-- [ RunTime:0.001000s ]
INFO: [ app_end ] --START--
INFO: Run Behavior\ShowPageTraceBehavior [ RunTime:0.000000s ]
INFO: [ app_end ] --END-- [ RunTime:0.000000s ]

[ 2018-07-04T10:16:27+08:00 ] ::1 /dxzykt/manager.php/news/sortInsert.html
INFO: [ app_init ] --START--
INFO: Run Behavior\BuildLiteBehavior [ RunTime:0.000000s ]
INFO: [ app_init ] --END-- [ RunTime:0.001000s ]
INFO: [ app_begin ] --START--
INFO: Run Behavior\ReadHtmlCacheBehavior [ RunTime:0.000000s ]
INFO: [ app_begin ] --END-- [ RunTime:0.001000s ]
SQL: SHOW COLUMNS FROM `tb_config` [ RunTime:0.0050s ]
SQL: SELECT * FROM `tb_config` WHERE ( id=1 ) LIMIT 1   [ RunTime:0.0010s ]
NOTIC: [8] Undefined index: zhaiyaoTime D:\phpStudy\WWW\dxzykt\Apps\Manager\Controller\BaseController.class.php 第 13 行.
NOTIC: [8] Undefined index: zhengwenTime D:\phpStudy\WWW\dxzykt\Apps\Manager\Controller\BaseController.class.php 第 14 行.
SQL: SHOW COLUMNS FROM `tb_newssort` [ RunTime:0.0050s ]
SQL: SELECT * FROM `tb_newssort` WHERE ( id=0 ) LIMIT 1   [ RunTime:0.0010s ]
NOTIC: [2] Missing argument 1 for I(), called in D:\phpStudy\WWW\dxzykt\Apps\Manager\Controller\NewsController.class.php on line 108 and defined D:\phpStudy\WWW\dxzykt\ThinkPHP\Common\functions.php 第 271 行.
NOTIC: [8] Undefined variable: name D:\phpStudy\WWW\dxzykt\ThinkPHP\Common\functions.php 第 273 行.
NOTIC: [8] Undefined variable: name D:\phpStudy\WWW\dxzykt\ThinkPHP\Common\functions.php 第 278 行.
NOTIC: [8] Undefined variable: name D:\phpStudy\WWW\dxzykt\ThinkPHP\Common\functions.php 第 339 行.
SQL: INSERT INTO `tb_newssort` (`pid`,`sortName`) VALUES ('0','ffs') [ RunTime:0.0010s ]
SQL: SELECT * FROM `tb_newssort` WHERE ( id=1 ) LIMIT 1   [ RunTime:0.0000s ]
SQL: UPDATE `tb_newssort` SET `pid`='0',`sortName`='ffs',`serialNum`='1',`rootId`=NULL WHERE `id` = 1 [ RunTime:0.0000s ]
INFO: [ view_parse ] --START--
INFO: [ template_filter ] --START--
INFO: Run Behavior\ContentReplaceBehavior [ RunTime:0.000000s ]
INFO: [ template_filter ] --END-- [ RunTime:0.000000s ]
INFO: Run Behavior\ParseTemplateBehavior [ RunTime:0.005000s ]
INFO: [ view_parse ] --END-- [ RunTime:0.005000s ]
INFO: [ view_filter ] --START--
INFO: Run Behavior\WriteHtmlCacheBehavior [ RunTime:0.000000s ]
INFO: [ view_filter ] --END-- [ RunTime:0.000000s ]
INFO: [ app_end ] --START--
INFO: Run Behavior\ShowPageTraceBehavior [ RunTime:0.000000s ]
INFO: [ app_end ] --END-- [ RunTime:0.000000s ]

[ 2018-07-04T10:16:29+08:00 ] ::1 /dxzykt/manager.php/news/sortList.html
INFO: [ app_init ] --START--
INFO: Run Behavior\BuildLiteBehavior [ RunTime:0.000000s ]
INFO: [ app_init ] --END-- [ RunTime:0.000000s ]
INFO: [ app_begin ] --START--
INFO: Run Behavior\ReadHtmlCacheBehavior [ RunTime:0.001000s ]
INFO: [ app_begin ] --END-- [ RunTime:0.001000s ]
SQL: SHOW COLUMNS FROM `tb_config` [ RunTime:0.0060s ]
SQL: SELECT * FROM `tb_config` WHERE ( id=1 ) LIMIT 1   [ RunTime:0.0020s ]
NOTIC: [8] Undefined index: zhaiyaoTime D:\phpStudy\WWW\dxzykt\Apps\Manager\Controller\BaseController.class.php 第 13 行.
NOTIC: [8] Undefined index: zhengwenTime D:\phpStudy\WWW\dxzykt\Apps\Manager\Controller\BaseController.class.php 第 14 行.
SQL: SHOW COLUMNS FROM `tb_newssort` [ RunTime:0.0060s ]
SQL: SELECT * FROM `tb_newssort` WHERE ( pid=0 )  [ RunTime:0.0010s ]
SQL: SELECT * FROM `tb_newssort` WHERE ( id=1 ) LIMIT 1   [ RunTime:0.0010s ]
SQL: SELECT * FROM `tb_newssort` WHERE ( pid=1 )  [ RunTime:0.0010s ]
SQL: SELECT * FROM `tb_newssort` WHERE ( pid=0 ) ORDER BY serialNum desc  [ RunTime:0.0000s ]
SQL: SELECT * FROM `tb_newssort` WHERE ( id=1 ) LIMIT 1   [ RunTime:0.0000s ]
SQL: SHOW COLUMNS FROM `tb_news` [ RunTime:0.0050s ]
SQL: SELECT * FROM `tb_news` WHERE ( sort=1 )  [ RunTime:0.0000s ]
SQL: SELECT * FROM `tb_newssort` WHERE ( pid=1 )  [ RunTime:0.0010s ]
SQL: SELECT * FROM `tb_newssort` WHERE ( pid=1 ) ORDER BY serialNum desc  [ RunTime:0.0010s ]
INFO: [ view_parse ] --START--
INFO: [ template_filter ] --START--
INFO: Run Behavior\ContentReplaceBehavior [ RunTime:0.001000s ]
INFO: [ template_filter ] --END-- [ RunTime:0.001000s ]
INFO: Run Behavior\ParseTemplateBehavior [ RunTime:0.006001s ]
INFO: [ view_parse ] --END-- [ RunTime:0.006001s ]
INFO: [ view_filter ] --START--
INFO: Run Behavior\WriteHtmlCacheBehavior [ RunTime:0.000000s ]
INFO: [ view_filter ] --END-- [ RunTime:0.000000s ]
INFO: [ app_end ] --START--
INFO: Run Behavior\ShowPageTraceBehavior [ RunTime:0.001000s ]
INFO: [ app_end ] --END-- [ RunTime:0.001000s ]

[ 2018-07-04T10:17:33+08:00 ] ::1 /dxzykt/manager.php/news/sortList.html
INFO: [ app_init ] --START--
INFO: Run Behavior\BuildLiteBehavior [ RunTime:0.000000s ]
INFO: [ app_init ] --END-- [ RunTime:0.001000s ]
INFO: [ app_begin ] --START--
INFO: Run Behavior\ReadHtmlCacheBehavior [ RunTime:0.001000s ]
INFO: [ app_begin ] --END-- [ RunTime:0.001000s ]
SQL: SHOW COLUMNS FROM `tb_config` [ RunTime:0.0060s ]
SQL: SELECT * FROM `tb_config` WHERE ( id=1 ) LIMIT 1   [ RunTime:0.0010s ]
NOTIC: [8] Undefined index: zhaiyaoTime D:\phpStudy\WWW\dxzykt\Apps\Manager\Controller\BaseController.class.php 第 13 行.
NOTIC: [8] Undefined index: zhengwenTime D:\phpStudy\WWW\dxzykt\Apps\Manager\Controller\BaseController.class.php 第 14 行.
SQL: SHOW COLUMNS FROM `tb_newssort` [ RunTime:0.0050s ]
SQL: SELECT * FROM `tb_newssort` WHERE ( pid=0 )  [ RunTime:0.0010s ]
SQL: SELECT * FROM `tb_newssort` WHERE ( id=1 ) LIMIT 1   [ RunTime:0.0000s ]
SQL: SELECT * FROM `tb_newssort` WHERE ( pid=1 )  [ RunTime:0.0010s ]
SQL: SELECT * FROM `tb_newssort` WHERE ( pid=0 ) ORDER BY serialNum desc  [ RunTime:0.0000s ]
SQL: SELECT * FROM `tb_newssort` WHERE ( id=1 ) LIMIT 1   [ RunTime:0.0010s ]
SQL: SHOW COLUMNS FROM `tb_news` [ RunTime:0.0050s ]
SQL: SELECT * FROM `tb_news` WHERE ( sort=1 )  [ RunTime:0.0010s ]
SQL: SELECT * FROM `tb_newssort` WHERE ( pid=1 )  [ RunTime:0.0000s ]
SQL: SELECT * FROM `tb_newssort` WHERE ( pid=1 ) ORDER BY serialNum desc  [ RunTime:0.0010s ]
INFO: [ view_parse ] --START--
INFO: [ template_filter ] --START--
INFO: Run Behavior\ContentReplaceBehavior [ RunTime:0.000000s ]
INFO: [ template_filter ] --END-- [ RunTime:0.000000s ]
INFO: Run Behavior\ParseTemplateBehavior [ RunTime:0.015001s ]
INFO: [ view_parse ] --END-- [ RunTime:0.015001s ]
INFO: [ view_filter ] --START--
INFO: Run Behavior\WriteHtmlCacheBehavior [ RunTime:0.001000s ]
INFO: [ view_filter ] --END-- [ RunTime:0.001000s ]
INFO: [ app_end ] --START--
INFO: Run Behavior\ShowPageTraceBehavior [ RunTime:0.001000s ]
INFO: [ app_end ] --END-- [ RunTime:0.001000s ]

[ 2018-07-04T10:17:59+08:00 ] ::1 /dxzykt/manager.php/news/sortlist.html
INFO: [ app_init ] --START--
INFO: Run Behavior\BuildLiteBehavior [ RunTime:0.000000s ]
INFO: [ app_init ] --END-- [ RunTime:0.000000s ]
INFO: [ app_begin ] --START--
INFO: Run Behavior\ReadHtmlCacheBehavior [ RunTime:0.001000s ]
INFO: [ app_begin ] --END-- [ RunTime:0.001000s ]
SQL: SHOW COLUMNS FROM `tb_config` [ RunTime:0.0050s ]
SQL: SELECT * FROM `tb_config` WHERE ( id=1 ) LIMIT 1   [ RunTime:0.0010s ]
NOTIC: [8] Undefined index: zhaiyaoTime D:\phpStudy\WWW\dxzykt\Apps\Manager\Controller\BaseController.class.php 第 13 行.
NOTIC: [8] Undefined index: zhengwenTime D:\phpStudy\WWW\dxzykt\Apps\Manager\Controller\BaseController.class.php 第 14 行.
SQL: SHOW COLUMNS FROM `tb_newssort` [ RunTime:0.0050s ]
SQL: SELECT * FROM `tb_newssort` WHERE ( pid=0 )  [ RunTime:0.0000s ]
SQL: SELECT * FROM `tb_newssort` WHERE ( id=1 ) LIMIT 1   [ RunTime:0.0000s ]
SQL: SELECT * FROM `tb_newssort` WHERE ( pid=1 )  [ RunTime:0.0000s ]
SQL: SELECT * FROM `tb_newssort` WHERE ( pid=0 ) ORDER BY serialNum desc  [ RunTime:0.0000s ]
SQL: SELECT * FROM `tb_newssort` WHERE ( id=1 ) LIMIT 1   [ RunTime:0.0010s ]
SQL: SHOW COLUMNS FROM `tb_news` [ RunTime:0.0050s ]
SQL: SELECT * FROM `tb_news` WHERE ( sort=1 )  [ RunTime:0.0010s ]
SQL: SELECT * FROM `tb_newssort` WHERE ( pid=1 )  [ RunTime:0.0000s ]
SQL: SELECT * FROM `tb_newssort` WHERE ( pid=1 ) ORDER BY serialNum desc  [ RunTime:0.0000s ]
INFO: [ view_parse ] --START--
INFO: [ template_filter ] --START--
INFO: Run Behavior\ContentReplaceBehavior [ RunTime:0.000000s ]
INFO: [ template_filter ] --END-- [ RunTime:0.001000s ]
INFO: Run Behavior\ParseTemplateBehavior [ RunTime:0.006000s ]
INFO: [ view_parse ] --END-- [ RunTime:0.006000s ]
INFO: [ view_filter ] --START--
INFO: Run Behavior\WriteHtmlCacheBehavior [ RunTime:0.000000s ]
INFO: [ view_filter ] --END-- [ RunTime:0.000000s ]
INFO: [ app_end ] --START--
INFO: Run Behavior\ShowPageTraceBehavior [ RunTime:0.001001s ]
INFO: [ app_end ] --END-- [ RunTime:0.001001s ]

[ 2018-07-04T10:18:01+08:00 ] ::1 /dxzykt/manager.php/link/sortlist.html
INFO: [ app_init ] --START--
INFO: Run Behavior\BuildLiteBehavior [ RunTime:0.000000s ]
INFO: [ app_init ] --END-- [ RunTime:0.001001s ]
INFO: [ app_begin ] --START--
INFO: Run Behavior\ReadHtmlCacheBehavior [ RunTime:0.000000s ]
INFO: [ app_begin ] --END-- [ RunTime:0.000000s ]
SQL: SHOW COLUMNS FROM `tb_config` [ RunTime:0.0060s ]
SQL: SELECT * FROM `tb_config` WHERE ( id=1 ) LIMIT 1   [ RunTime:0.0000s ]
NOTIC: [8] Undefined index: zhaiyaoTime D:\phpStudy\WWW\dxzykt\Apps\Manager\Controller\BaseController.class.php 第 13 行.
NOTIC: [8] Undefined index: zhengwenTime D:\phpStudy\WWW\dxzykt\Apps\Manager\Controller\BaseController.class.php 第 14 行.
SQL: SHOW COLUMNS FROM `tb_linksort` [ RunTime:0.0050s ]
SQL: SELECT * FROM `tb_linksort` WHERE ( pid=0 )  [ RunTime:0.0010s ]
SQL: SELECT * FROM `tb_linksort` WHERE ( pid=0 ) ORDER BY serialNum desc  [ RunTime:0.0010s ]
INFO: [ view_parse ] --START--
INFO: [ template_filter ] --START--
INFO: Run Behavior\ContentReplaceBehavior [ RunTime:0.000000s ]
INFO: [ template_filter ] --END-- [ RunTime:0.000000s ]
INFO: Run Behavior\ParseTemplateBehavior [ RunTime:0.006000s ]
INFO: [ view_parse ] --END-- [ RunTime:0.006000s ]
INFO: [ view_filter ] --START--
INFO: Run Behavior\WriteHtmlCacheBehavior [ RunTime:0.000000s ]
INFO: [ view_filter ] --END-- [ RunTime:0.000000s ]
INFO: [ app_end ] --START--
INFO: Run Behavior\ShowPageTraceBehavior [ RunTime:0.001000s ]
INFO: [ app_end ] --END-- [ RunTime:0.001000s ]

[ 2018-07-04T10:18:03+08:00 ] ::1 /dxzykt/manager.php/news/sortlist.html
INFO: [ app_init ] --START--
INFO: Run Behavior\BuildLiteBehavior [ RunTime:0.000000s ]
INFO: [ app_init ] --END-- [ RunTime:0.000000s ]
INFO: [ app_begin ] --START--
INFO: Run Behavior\ReadHtmlCacheBehavior [ RunTime:0.001000s ]
INFO: [ app_begin ] --END-- [ RunTime:0.001000s ]
SQL: SHOW COLUMNS FROM `tb_config` [ RunTime:0.0050s ]
SQL: SELECT * FROM `tb_config` WHERE ( id=1 ) LIMIT 1   [ RunTime:0.0000s ]
NOTIC: [8] Undefined index: zhaiyaoTime D:\phpStudy\WWW\dxzykt\Apps\Manager\Controller\BaseController.class.php 第 13 行.
NOTIC: [8] Undefined index: zhengwenTime D:\phpStudy\WWW\dxzykt\Apps\Manager\Controller\BaseController.class.php 第 14 行.
SQL: SHOW COLUMNS FROM `tb_newssort` [ RunTime:0.0040s ]
SQL: SELECT * FROM `tb_newssort` WHERE ( pid=0 )  [ RunTime:0.0000s ]
SQL: SELECT * FROM `tb_newssort` WHERE ( id=1 ) LIMIT 1   [ RunTime:0.0010s ]
SQL: SELECT * FROM `tb_newssort` WHERE ( pid=1 )  [ RunTime:0.0000s ]
SQL: SELECT * FROM `tb_newssort` WHERE ( pid=0 ) ORDER BY serialNum desc  [ RunTime:0.0000s ]
SQL: SELECT * FROM `tb_newssort` WHERE ( id=1 ) LIMIT 1   [ RunTime:0.0000s ]
SQL: SHOW COLUMNS FROM `tb_news` [ RunTime:0.0050s ]
SQL: SELECT * FROM `tb_news` WHERE ( sort=1 )  [ RunTime:0.0010s ]
SQL: SELECT * FROM `tb_newssort` WHERE ( pid=1 )  [ RunTime:0.0000s ]
SQL: SELECT * FROM `tb_newssort` WHERE ( pid=1 ) ORDER BY serialNum desc  [ RunTime:0.0010s ]
INFO: [ view_parse ] --START--
INFO: [ template_filter ] --START--
INFO: Run Behavior\ContentReplaceBehavior [ RunTime:0.000000s ]
INFO: [ template_filter ] --END-- [ RunTime:0.000000s ]
INFO: Run Behavior\ParseTemplateBehavior [ RunTime:0.005001s ]
INFO: [ view_parse ] --END-- [ RunTime:0.005001s ]
INFO: [ view_filter ] --START--
INFO: Run Behavior\WriteHtmlCacheBehavior [ RunTime:0.001000s ]
INFO: [ view_filter ] --END-- [ RunTime:0.001000s ]
INFO: [ app_end ] --START--
INFO: Run Behavior\ShowPageTraceBehavior [ RunTime:0.000000s ]
INFO: [ app_end ] --END-- [ RunTime:0.000000s ]

[ 2018-07-04T10:18:05+08:00 ] ::1 /dxzykt/manager.php/news/sortAdd/id/1.html
INFO: [ app_init ] --START--
INFO: Run Behavior\BuildLiteBehavior [ RunTime:0.000000s ]
INFO: [ app_init ] --END-- [ RunTime:0.001000s ]
INFO: [ app_begin ] --START--
INFO: Run Behavior\ReadHtmlCacheBehavior [ RunTime:0.000000s ]
INFO: [ app_begin ] --END-- [ RunTime:0.000000s ]
SQL: SHOW COLUMNS FROM `tb_config` [ RunTime:0.0050s ]
SQL: SELECT * FROM `tb_config` WHERE ( id=1 ) LIMIT 1   [ RunTime:0.0010s ]
NOTIC: [8] Undefined index: zhaiyaoTime D:\phpStudy\WWW\dxzykt\Apps\Manager\Controller\BaseController.class.php 第 13 行.
NOTIC: [8] Undefined index: zhengwenTime D:\phpStudy\WWW\dxzykt\Apps\Manager\Controller\BaseController.class.php 第 14 行.
SQL: SHOW COLUMNS FROM `tb_newssort` [ RunTime:0.0050s ]
SQL: SELECT * FROM `tb_newssort` WHERE ( id=1 ) LIMIT 1   [ RunTime:0.0010s ]
INFO: [ view_parse ] --START--
INFO: [ template_filter ] --START--
INFO: Run Behavior\ContentReplaceBehavior [ RunTime:0.000000s ]
INFO: [ template_filter ] --END-- [ RunTime:0.000000s ]
INFO: Run Behavior\ParseTemplateBehavior [ RunTime:0.007000s ]
INFO: [ view_parse ] --END-- [ RunTime:0.007000s ]
INFO: [ view_filter ] --START--
INFO: Run Behavior\WriteHtmlCacheBehavior [ RunTime:0.000000s ]
INFO: [ view_filter ] --END-- [ RunTime:0.000000s ]
INFO: [ app_end ] --START--
INFO: Run Behavior\ShowPageTraceBehavior [ RunTime:0.001000s ]
INFO: [ app_end ] --END-- [ RunTime:0.001000s ]

[ 2018-07-04T10:18:09+08:00 ] ::1 /dxzykt/manager.php/news/sortInsert.html
INFO: [ app_init ] --START--
INFO: Run Behavior\BuildLiteBehavior [ RunTime:0.000000s ]
INFO: [ app_init ] --END-- [ RunTime:0.001000s ]
INFO: [ app_begin ] --START--
INFO: Run Behavior\ReadHtmlCacheBehavior [ RunTime:0.000000s ]
INFO: [ app_begin ] --END-- [ RunTime:0.001000s ]
SQL: SHOW COLUMNS FROM `tb_config` [ RunTime:0.0060s ]
SQL: SELECT * FROM `tb_config` WHERE ( id=1 ) LIMIT 1   [ RunTime:0.0020s ]
NOTIC: [8] Undefined index: zhaiyaoTime D:\phpStudy\WWW\dxzykt\Apps\Manager\Controller\BaseController.class.php 第 13 行.
NOTIC: [8] Undefined index: zhengwenTime D:\phpStudy\WWW\dxzykt\Apps\Manager\Controller\BaseController.class.php 第 14 行.
SQL: SHOW COLUMNS FROM `tb_newssort` [ RunTime:0.0050s ]
SQL: SELECT * FROM `tb_newssort` WHERE ( id=1 ) LIMIT 1   [ RunTime:0.0000s ]
NOTIC: [2] Missing argument 1 for I(), called in D:\phpStudy\WWW\dxzykt\Apps\Manager\Controller\NewsController.class.php on line 108 and defined D:\phpStudy\WWW\dxzykt\ThinkPHP\Common\functions.php 第 271 行.
NOTIC: [8] Undefined variable: name D:\phpStudy\WWW\dxzykt\ThinkPHP\Common\functions.php 第 273 行.
NOTIC: [8] Undefined variable: name D:\phpStudy\WWW\dxzykt\ThinkPHP\Common\functions.php 第 278 行.
NOTIC: [8] Undefined variable: name D:\phpStudy\WWW\dxzykt\ThinkPHP\Common\functions.php 第 339 行.
SQL: INSERT INTO `tb_newssort` (`pid`,`sortName`) VALUES ('1','ssssss') [ RunTime:0.0000s ]
SQL: SELECT * FROM `tb_newssort` WHERE ( id=2 ) LIMIT 1   [ RunTime:0.0000s ]
SQL: UPDATE `tb_newssort` SET `pid`='1',`sortName`='ssssss',`serialNum`='2',`rootId`='1' WHERE `id` = 2 [ RunTime:0.0000s ]
INFO: [ view_parse ] --START--
INFO: [ template_filter ] --START--
INFO: Run Behavior\ContentReplaceBehavior [ RunTime:0.000000s ]
INFO: [ template_filter ] --END-- [ RunTime:0.000000s ]
INFO: Run Behavior\ParseTemplateBehavior [ RunTime:0.006001s ]
INFO: [ view_parse ] --END-- [ RunTime:0.006001s ]
INFO: [ view_filter ] --START--
INFO: Run Behavior\WriteHtmlCacheBehavior [ RunTime:0.001000s ]
INFO: [ view_filter ] --END-- [ RunTime:0.001000s ]
INFO: [ app_end ] --START--
INFO: Run Behavior\ShowPageTraceBehavior [ RunTime:0.000000s ]
INFO: [ app_end ] --END-- [ RunTime:0.000000s ]

[ 2018-07-04T10:18:11+08:00 ] ::1 /dxzykt/manager.php/news/sortList/id/1.html
INFO: [ app_init ] --START--
INFO: Run Behavior\BuildLiteBehavior [ RunTime:0.000000s ]
INFO: [ app_init ] --END-- [ RunTime:0.001000s ]
INFO: [ app_begin ] --START--
INFO: Run Behavior\ReadHtmlCacheBehavior [ RunTime:0.000000s ]
INFO: [ app_begin ] --END-- [ RunTime:0.000000s ]
SQL: SHOW COLUMNS FROM `tb_config` [ RunTime:0.0050s ]
SQL: SELECT * FROM `tb_config` WHERE ( id=1 ) LIMIT 1   [ RunTime:0.0010s ]
NOTIC: [8] Undefined index: zhaiyaoTime D:\phpStudy\WWW\dxzykt\Apps\Manager\Controller\BaseController.class.php 第 13 行.
NOTIC: [8] Undefined index: zhengwenTime D:\phpStudy\WWW\dxzykt\Apps\Manager\Controller\BaseController.class.php 第 14 行.
SQL: SHOW COLUMNS FROM `tb_newssort` [ RunTime:0.0040s ]
SQL: SELECT * FROM `tb_newssort` WHERE ( pid=1 )  [ RunTime:0.0000s ]
SQL: SELECT * FROM `tb_newssort` WHERE ( id=2 ) LIMIT 1   [ RunTime:0.0010s ]
SQL: SELECT * FROM `tb_newssort` WHERE ( id=1 ) LIMIT 1   [ RunTime:0.0000s ]
SQL: SELECT * FROM `tb_newssort` WHERE ( pid=2 )  [ RunTime:0.0010s ]
SQL: SELECT * FROM `tb_newssort` WHERE ( pid=1 ) ORDER BY serialNum desc  [ RunTime:0.0000s ]
SQL: SELECT * FROM `tb_newssort` WHERE ( id=2 ) LIMIT 1   [ RunTime:0.0010s ]
SQL: SELECT * FROM `tb_newssort` WHERE ( id=1 ) LIMIT 1   [ RunTime:0.0000s ]
SQL: SHOW COLUMNS FROM `tb_news` [ RunTime:0.0050s ]
SQL: SELECT * FROM `tb_news` WHERE ( sort=2 )  [ RunTime:0.0010s ]
SQL: SELECT * FROM `tb_newssort` WHERE ( pid=2 )  [ RunTime:0.0000s ]
SQL: SELECT * FROM `tb_newssort` WHERE ( pid=2 ) ORDER BY serialNum desc  [ RunTime:0.0010s ]
INFO: [ view_parse ] --START--
INFO: [ template_filter ] --START--
INFO: Run Behavior\ContentReplaceBehavior [ RunTime:0.000000s ]
INFO: [ template_filter ] --END-- [ RunTime:0.000000s ]
INFO: Run Behavior\ParseTemplateBehavior [ RunTime:0.005000s ]
INFO: [ view_parse ] --END-- [ RunTime:0.005000s ]
INFO: [ view_filter ] --START--
INFO: Run Behavior\WriteHtmlCacheBehavior [ RunTime:0.001000s ]
INFO: [ view_filter ] --END-- [ RunTime:0.001000s ]
INFO: [ app_end ] --START--
INFO: Run Behavior\ShowPageTraceBehavior [ RunTime:0.000000s ]
INFO: [ app_end ] --END-- [ RunTime:0.000000s ]

[ 2018-07-04T10:18:15+08:00 ] ::1 /dxzykt/manager.php/news/sortlist.html
INFO: [ app_init ] --START--
INFO: Run Behavior\BuildLiteBehavior [ RunTime:0.000000s ]
INFO: [ app_init ] --END-- [ RunTime:0.000000s ]
INFO: [ app_begin ] --START--
INFO: Run Behavior\ReadHtmlCacheBehavior [ RunTime:0.000000s ]
INFO: [ app_begin ] --END-- [ RunTime:0.001000s ]
SQL: SHOW COLUMNS FROM `tb_config` [ RunTime:0.0060s ]
SQL: SELECT * FROM `tb_config` WHERE ( id=1 ) LIMIT 1   [ RunTime:0.0010s ]
NOTIC: [8] Undefined index: zhaiyaoTime D:\phpStudy\WWW\dxzykt\Apps\Manager\Controller\BaseController.class.php 第 13 行.
NOTIC: [8] Undefined index: zhengwenTime D:\phpStudy\WWW\dxzykt\Apps\Manager\Controller\BaseController.class.php 第 14 行.
SQL: SHOW COLUMNS FROM `tb_newssort` [ RunTime:0.0050s ]
SQL: SELECT * FROM `tb_newssort` WHERE ( pid=0 )  [ RunTime:0.0010s ]
SQL: SELECT * FROM `tb_newssort` WHERE ( id=1 ) LIMIT 1   [ RunTime:0.0000s ]
SQL: SELECT * FROM `tb_newssort` WHERE ( pid=1 )  [ RunTime:0.0010s ]
SQL: SELECT * FROM `tb_newssort` WHERE ( id=2 ) LIMIT 1   [ RunTime:0.0000s ]
SQL: SELECT * FROM `tb_newssort` WHERE ( id=1 ) LIMIT 1   [ RunTime:0.0010s ]
SQL: SELECT * FROM `tb_newssort` WHERE ( pid=2 )  [ RunTime:0.0000s ]
SQL: SELECT * FROM `tb_newssort` WHERE ( pid=0 ) ORDER BY serialNum desc  [ RunTime:0.0000s ]
SQL: SELECT * FROM `tb_newssort` WHERE ( id=1 ) LIMIT 1   [ RunTime:0.0000s ]
SQL: SHOW COLUMNS FROM `tb_news` [ RunTime:0.0050s ]
SQL: SELECT * FROM `tb_news` WHERE ( sort=1 )  [ RunTime:0.0000s ]
SQL: SELECT * FROM `tb_newssort` WHERE ( pid=1 )  [ RunTime:0.0010s ]
SQL: SELECT * FROM `tb_newssort` WHERE ( pid=1 ) ORDER BY serialNum desc  [ RunTime:0.0000s ]
SQL: SELECT * FROM `tb_newssort` WHERE ( id=2 ) LIMIT 1   [ RunTime:0.0010s ]
SQL: SELECT * FROM `tb_newssort` WHERE ( id=1 ) LIMIT 1   [ RunTime:0.0000s ]
SQL: SELECT * FROM `tb_news` WHERE ( sort=2 )  [ RunTime:0.0000s ]
SQL: SELECT * FROM `tb_newssort` WHERE ( pid=2 )  [ RunTime:0.0000s ]
SQL: SELECT * FROM `tb_newssort` WHERE ( pid=2 ) ORDER BY serialNum desc  [ RunTime:0.0010s ]
INFO: [ view_parse ] --START--
INFO: [ template_filter ] --START--
INFO: Run Behavior\ContentReplaceBehavior [ RunTime:0.000000s ]
INFO: [ template_filter ] --END-- [ RunTime:0.000000s ]
INFO: Run Behavior\ParseTemplateBehavior [ RunTime:0.006000s ]
INFO: [ view_parse ] --END-- [ RunTime:0.006000s ]
INFO: [ view_filter ] --START--
INFO: Run Behavior\WriteHtmlCacheBehavior [ RunTime:0.000000s ]
INFO: [ view_filter ] --END-- [ RunTime:0.000000s ]
INFO: [ app_end ] --START--
INFO: Run Behavior\ShowPageTraceBehavior [ RunTime:0.000000s ]
INFO: [ app_end ] --END-- [ RunTime:0.000000s ]

[ 2018-07-04T10:22:30+08:00 ] ::1 /dxzykt/manager.php/Public/index.html
INFO: [ app_init ] --START--
INFO: Run Behavior\BuildLiteBehavior [ RunTime:0.000000s ]
INFO: [ app_init ] --END-- [ RunTime:0.000000s ]
INFO: [ app_begin ] --START--
INFO: Run Behavior\ReadHtmlCacheBehavior [ RunTime:0.001001s ]
INFO: [ app_begin ] --END-- [ RunTime:0.001001s ]
SQL: SHOW COLUMNS FROM `tb_config` [ RunTime:0.0050s ]
SQL: SELECT * FROM `tb_config` WHERE ( id=1 ) LIMIT 1   [ RunTime:0.0000s ]
NOTIC: [8] Undefined index: zhaiyaoTime D:\phpStudy\WWW\dxzykt\Apps\Manager\Controller\BaseController.class.php 第 13 行.
NOTIC: [8] Undefined index: zhengwenTime D:\phpStudy\WWW\dxzykt\Apps\Manager\Controller\BaseController.class.php 第 14 行.
INFO: [ view_parse ] --START--
INFO: [ template_filter ] --START--
INFO: Run Behavior\ContentReplaceBehavior [ RunTime:0.000000s ]
INFO: [ template_filter ] --END-- [ RunTime:0.000000s ]
INFO: Run Behavior\ParseTemplateBehavior [ RunTime:0.005001s ]
INFO: [ view_parse ] --END-- [ RunTime:0.005001s ]
INFO: [ view_filter ] --START--
INFO: Run Behavior\WriteHtmlCacheBehavior [ RunTime:0.001000s ]
INFO: [ view_filter ] --END-- [ RunTime:0.001000s ]
INFO: [ app_end ] --START--
INFO: Run Behavior\ShowPageTraceBehavior [ RunTime:0.000000s ]
INFO: [ app_end ] --END-- [ RunTime:0.000000s ]

[ 2018-07-04T10:22:31+08:00 ] ::1 /dxzykt/manager.php/Public/TopFrm.html
INFO: [ app_init ] --START--
INFO: Run Behavior\BuildLiteBehavior [ RunTime:0.000000s ]
INFO: [ app_init ] --END-- [ RunTime:0.000000s ]
INFO: [ app_begin ] --START--
INFO: Run Behavior\ReadHtmlCacheBehavior [ RunTime:0.001000s ]
INFO: [ app_begin ] --END-- [ RunTime:0.001000s ]
SQL: SHOW COLUMNS FROM `tb_config` [ RunTime:0.0060s ]
SQL: SELECT * FROM `tb_config` WHERE ( id=1 ) LIMIT 1   [ RunTime:0.0020s ]
NOTIC: [8] Undefined index: zhaiyaoTime D:\phpStudy\WWW\dxzykt\Apps\Manager\Controller\BaseController.class.php 第 13 行.
NOTIC: [8] Undefined index: zhengwenTime D:\phpStudy\WWW\dxzykt\Apps\Manager\Controller\BaseController.class.php 第 14 行.
SQL: SHOW COLUMNS FROM `tb_admin` [ RunTime:0.0060s ]
INFO: [ view_parse ] --START--
INFO: [ template_filter ] --START--
INFO: Run Behavior\ContentReplaceBehavior [ RunTime:0.000000s ]
INFO: [ template_filter ] --END-- [ RunTime:0.000000s ]
INFO: Run Behavior\ParseTemplateBehavior [ RunTime:0.006001s ]
INFO: [ view_parse ] --END-- [ RunTime:0.006001s ]
INFO: [ view_filter ] --START--
INFO: Run Behavior\WriteHtmlCacheBehavior [ RunTime:0.001000s ]
INFO: [ view_filter ] --END-- [ RunTime:0.001000s ]
INFO: [ app_end ] --START--
INFO: Run Behavior\ShowPageTraceBehavior [ RunTime:0.000000s ]
INFO: [ app_end ] --END-- [ RunTime:0.000000s ]

[ 2018-07-04T10:22:32+08:00 ] ::1 /dxzykt/manager.php/Public/MenuFrm.html
INFO: [ app_init ] --START--
INFO: Run Behavior\BuildLiteBehavior [ RunTime:0.000000s ]
INFO: [ app_init ] --END-- [ RunTime:0.003000s ]
INFO: [ app_begin ] --START--
INFO: Run Behavior\ReadHtmlCacheBehavior [ RunTime:0.000000s ]
INFO: [ app_begin ] --END-- [ RunTime:0.000000s ]
SQL: SHOW COLUMNS FROM `tb_config` [ RunTime:0.0060s ]
SQL: SELECT * FROM `tb_config` WHERE ( id=1 ) LIMIT 1   [ RunTime:0.0010s ]
NOTIC: [8] Undefined index: zhaiyaoTime D:\phpStudy\WWW\dxzykt\Apps\Manager\Controller\BaseController.class.php 第 13 行.
NOTIC: [8] Undefined index: zhengwenTime D:\phpStudy\WWW\dxzykt\Apps\Manager\Controller\BaseController.class.php 第 14 行.
SQL: SHOW COLUMNS FROM `tb_newssort` [ RunTime:0.0050s ]
SQL: SELECT * FROM `tb_newssort` WHERE ( pid=3 )  [ RunTime:0.0010s ]
SQL: SHOW COLUMNS FROM `tb_onepage` [ RunTime:0.0060s ]
SQL: SELECT * FROM `tb_onepage` WHERE `id` = 2 LIMIT 1   [ RunTime:0.0000s ]
SQL: SELECT * FROM `tb_newssort` WHERE ( pid=2 )  [ RunTime:0.0000s ]
INFO: [ view_parse ] --START--
INFO: [ template_filter ] --START--
INFO: Run Behavior\ContentReplaceBehavior [ RunTime:0.000000s ]
INFO: [ template_filter ] --END-- [ RunTime:0.000000s ]
INFO: Run Behavior\ParseTemplateBehavior [ RunTime:0.018001s ]
INFO: [ view_parse ] --END-- [ RunTime:0.019001s ]
INFO: [ view_filter ] --START--
INFO: Run Behavior\WriteHtmlCacheBehavior [ RunTime:0.001001s ]
INFO: [ view_filter ] --END-- [ RunTime:0.001001s ]
INFO: [ app_end ] --START--
INFO: Run Behavior\ShowPageTraceBehavior [ RunTime:0.000000s ]
INFO: [ app_end ] --END-- [ RunTime:0.000000s ]

[ 2018-07-04T10:22:33+08:00 ] ::1 /dxzykt/manager.php/Public/RightFrm.html
INFO: [ app_init ] --START--
INFO: Run Behavior\BuildLiteBehavior [ RunTime:0.000000s ]
INFO: [ app_init ] --END-- [ RunTime:0.007000s ]
INFO: [ app_begin ] --START--
INFO: Run Behavior\ReadHtmlCacheBehavior [ RunTime:0.001000s ]
INFO: [ app_begin ] --END-- [ RunTime:0.001000s ]
SQL: SHOW COLUMNS FROM `tb_config` [ RunTime:0.0060s ]
SQL: SELECT * FROM `tb_config` WHERE ( id=1 ) LIMIT 1   [ RunTime:0.0010s ]
NOTIC: [8] Undefined index: zhaiyaoTime D:\phpStudy\WWW\dxzykt\Apps\Manager\Controller\BaseController.class.php 第 13 行.
NOTIC: [8] Undefined index: zhengwenTime D:\phpStudy\WWW\dxzykt\Apps\Manager\Controller\BaseController.class.php 第 14 行.
INFO: [ view_parse ] --START--
INFO: [ template_filter ] --START--
INFO: Run Behavior\ContentReplaceBehavior [ RunTime:0.000000s ]
INFO: [ template_filter ] --END-- [ RunTime:0.000000s ]
INFO: Run Behavior\ParseTemplateBehavior [ RunTime:0.030002s ]
INFO: [ view_parse ] --END-- [ RunTime:0.031002s ]
INFO: [ view_filter ] --START--
INFO: Run Behavior\WriteHtmlCacheBehavior [ RunTime:0.001000s ]
INFO: [ view_filter ] --END-- [ RunTime:0.001000s ]
INFO: [ app_end ] --START--
INFO: Run Behavior\ShowPageTraceBehavior [ RunTime:0.000000s ]
INFO: [ app_end ] --END-- [ RunTime:0.000000s ]

[ 2018-07-04T10:22:43+08:00 ] ::1 /dxzykt/manager.php/Public/index.html
INFO: [ app_init ] --START--
INFO: Run Behavior\BuildLiteBehavior [ RunTime:0.000000s ]
INFO: [ app_init ] --END-- [ RunTime:0.000000s ]
INFO: [ app_begin ] --START--
INFO: Run Behavior\ReadHtmlCacheBehavior [ RunTime:0.001000s ]
INFO: [ app_begin ] --END-- [ RunTime:0.001000s ]
SQL: SHOW COLUMNS FROM `tb_config` [ RunTime:0.0060s ]
SQL: SELECT * FROM `tb_config` WHERE ( id=1 ) LIMIT 1   [ RunTime:0.0010s ]
NOTIC: [8] Undefined index: zhaiyaoTime D:\phpStudy\WWW\dxzykt\Apps\Manager\Controller\BaseController.class.php 第 13 行.
NOTIC: [8] Undefined index: zhengwenTime D:\phpStudy\WWW\dxzykt\Apps\Manager\Controller\BaseController.class.php 第 14 行.
INFO: [ view_parse ] --START--
INFO: [ template_filter ] --START--
INFO: Run Behavior\ContentReplaceBehavior [ RunTime:0.000000s ]
INFO: [ template_filter ] --END-- [ RunTime:0.000000s ]
INFO: Run Behavior\ParseTemplateBehavior [ RunTime:0.005001s ]
INFO: [ view_parse ] --END-- [ RunTime:0.005001s ]
INFO: [ view_filter ] --START--
INFO: Run Behavior\WriteHtmlCacheBehavior [ RunTime:0.001000s ]
INFO: [ view_filter ] --END-- [ RunTime:0.001000s ]
INFO: [ app_end ] --START--
INFO: Run Behavior\ShowPageTraceBehavior [ RunTime:0.000000s ]
INFO: [ app_end ] --END-- [ RunTime:0.000000s ]

[ 2018-07-04T10:22:44+08:00 ] ::1 /dxzykt/manager.php/Public/TopFrm.html
INFO: [ app_init ] --START--
INFO: Run Behavior\BuildLiteBehavior [ RunTime:0.000000s ]
INFO: [ app_init ] --END-- [ RunTime:0.000000s ]
INFO: [ app_begin ] --START--
INFO: Run Behavior\ReadHtmlCacheBehavior [ RunTime:0.001000s ]
INFO: [ app_begin ] --END-- [ RunTime:0.001000s ]
SQL: SHOW COLUMNS FROM `tb_config` [ RunTime:0.0060s ]
SQL: SELECT * FROM `tb_config` WHERE ( id=1 ) LIMIT 1   [ RunTime:0.0000s ]
NOTIC: [8] Undefined index: zhaiyaoTime D:\phpStudy\WWW\dxzykt\Apps\Manager\Controller\BaseController.class.php 第 13 行.
NOTIC: [8] Undefined index: zhengwenTime D:\phpStudy\WWW\dxzykt\Apps\Manager\Controller\BaseController.class.php 第 14 行.
SQL: SHOW COLUMNS FROM `tb_admin` [ RunTime:0.0050s ]
INFO: [ view_parse ] --START--
INFO: [ template_filter ] --START--
INFO: Run Behavior\ContentReplaceBehavior [ RunTime:0.000000s ]
INFO: [ template_filter ] --END-- [ RunTime:0.000000s ]
INFO: Run Behavior\ParseTemplateBehavior [ RunTime:0.005000s ]
INFO: [ view_parse ] --END-- [ RunTime:0.005000s ]
INFO: [ view_filter ] --START--
INFO: Run Behavior\WriteHtmlCacheBehavior [ RunTime:0.000000s ]
INFO: [ view_filter ] --END-- [ RunTime:0.000000s ]
INFO: [ app_end ] --START--
INFO: Run Behavior\ShowPageTraceBehavior [ RunTime:0.000000s ]
INFO: [ app_end ] --END-- [ RunTime:0.000000s ]

[ 2018-07-04T10:22:45+08:00 ] ::1 /dxzykt/manager.php/Public/MenuFrm.html
INFO: [ app_init ] --START--
INFO: Run Behavior\BuildLiteBehavior [ RunTime:0.000000s ]
INFO: [ app_init ] --END-- [ RunTime:0.001000s ]
INFO: [ app_begin ] --START--
INFO: Run Behavior\ReadHtmlCacheBehavior [ RunTime:0.000000s ]
INFO: [ app_begin ] --END-- [ RunTime:0.000000s ]
SQL: SHOW COLUMNS FROM `tb_config` [ RunTime:0.0060s ]
SQL: SELECT * FROM `tb_config` WHERE ( id=1 ) LIMIT 1   [ RunTime:0.0010s ]
NOTIC: [8] Undefined index: zhaiyaoTime D:\phpStudy\WWW\dxzykt\Apps\Manager\Controller\BaseController.class.php 第 13 行.
NOTIC: [8] Undefined index: zhengwenTime D:\phpStudy\WWW\dxzykt\Apps\Manager\Controller\BaseController.class.php 第 14 行.
SQL: SHOW COLUMNS FROM `tb_newssort` [ RunTime:0.0050s ]
SQL: SELECT * FROM `tb_newssort` WHERE ( pid=3 )  [ RunTime:0.0010s ]
SQL: SHOW COLUMNS FROM `tb_onepage` [ RunTime:0.0050s ]
SQL: SELECT * FROM `tb_onepage` WHERE `id` = 2 LIMIT 1   [ RunTime:0.0010s ]
SQL: SELECT * FROM `tb_newssort` WHERE ( pid=2 )  [ RunTime:0.0000s ]
INFO: [ view_parse ] --START--
INFO: [ template_filter ] --START--
INFO: Run Behavior\ContentReplaceBehavior [ RunTime:0.000000s ]
INFO: [ template_filter ] --END-- [ RunTime:0.000000s ]
INFO: Run Behavior\ParseTemplateBehavior [ RunTime:0.007000s ]
INFO: [ view_parse ] --END-- [ RunTime:0.007000s ]
INFO: [ view_filter ] --START--
INFO: Run Behavior\WriteHtmlCacheBehavior [ RunTime:0.001000s ]
INFO: [ view_filter ] --END-- [ RunTime:0.001000s ]
INFO: [ app_end ] --START--
INFO: Run Behavior\ShowPageTraceBehavior [ RunTime:0.000000s ]
INFO: [ app_end ] --END-- [ RunTime:0.000000s ]

[ 2018-07-04T10:22:46+08:00 ] ::1 /dxzykt/manager.php/Public/RightFrm.html
INFO: [ app_init ] --START--
INFO: Run Behavior\BuildLiteBehavior [ RunTime:0.000000s ]
INFO: [ app_init ] --END-- [ RunTime:0.001001s ]
INFO: [ app_begin ] --START--
INFO: Run Behavior\ReadHtmlCacheBehavior [ RunTime:0.001000s ]
INFO: [ app_begin ] --END-- [ RunTime:0.001000s ]
SQL: SHOW COLUMNS FROM `tb_config` [ RunTime:0.0060s ]
SQL: SELECT * FROM `tb_config` WHERE ( id=1 ) LIMIT 1   [ RunTime:0.0010s ]
NOTIC: [8] Undefined index: zhaiyaoTime D:\phpStudy\WWW\dxzykt\Apps\Manager\Controller\BaseController.class.php 第 13 行.
NOTIC: [8] Undefined index: zhengwenTime D:\phpStudy\WWW\dxzykt\Apps\Manager\Controller\BaseController.class.php 第 14 行.
INFO: [ view_parse ] --START--
INFO: [ template_filter ] --START--
INFO: Run Behavior\ContentReplaceBehavior [ RunTime:0.000000s ]
INFO: [ template_filter ] --END-- [ RunTime:0.000000s ]
INFO: Run Behavior\ParseTemplateBehavior [ RunTime:0.019001s ]
INFO: [ view_parse ] --END-- [ RunTime:0.019001s ]
INFO: [ view_filter ] --START--
INFO: Run Behavior\WriteHtmlCacheBehavior [ RunTime:0.000000s ]
INFO: [ view_filter ] --END-- [ RunTime:0.000000s ]
INFO: [ app_end ] --START--
INFO: Run Behavior\ShowPageTraceBehavior [ RunTime:0.001000s ]
INFO: [ app_end ] --END-- [ RunTime:0.001000s ]

[ 2018-07-04T10:23:10+08:00 ] ::1 /dxzykt/manager.php/Public/index.html
INFO: [ app_init ] --START--
INFO: Run Behavior\BuildLiteBehavior [ RunTime:0.000000s ]
INFO: [ app_init ] --END-- [ RunTime:0.001000s ]
INFO: [ app_begin ] --START--
INFO: Run Behavior\ReadHtmlCacheBehavior [ RunTime:0.000000s ]
INFO: [ app_begin ] --END-- [ RunTime:0.000000s ]
SQL: SHOW COLUMNS FROM `tb_config` [ RunTime:0.0060s ]
SQL: SELECT * FROM `tb_config` WHERE ( id=1 ) LIMIT 1   [ RunTime:0.0000s ]
NOTIC: [8] Undefined index: zhaiyaoTime D:\phpStudy\WWW\dxzykt\Apps\Manager\Controller\BaseController.class.php 第 13 行.
NOTIC: [8] Undefined index: zhengwenTime D:\phpStudy\WWW\dxzykt\Apps\Manager\Controller\BaseController.class.php 第 14 行.
INFO: [ view_parse ] --START--
INFO: [ template_filter ] --START--
INFO: Run Behavior\ContentReplaceBehavior [ RunTime:0.000000s ]
INFO: [ template_filter ] --END-- [ RunTime:0.000000s ]
INFO: Run Behavior\ParseTemplateBehavior [ RunTime:0.005000s ]
INFO: [ view_parse ] --END-- [ RunTime:0.005000s ]
INFO: [ view_filter ] --START--
INFO: Run Behavior\WriteHtmlCacheBehavior [ RunTime:0.001000s ]
INFO: [ view_filter ] --END-- [ RunTime:0.001000s ]
INFO: [ app_end ] --START--
INFO: Run Behavior\ShowPageTraceBehavior [ RunTime:0.000000s ]
INFO: [ app_end ] --END-- [ RunTime:0.000000s ]

[ 2018-07-04T10:23:11+08:00 ] ::1 /dxzykt/manager.php/Public/TopFrm.html
INFO: [ app_init ] --START--
INFO: Run Behavior\BuildLiteBehavior [ RunTime:0.000000s ]
INFO: [ app_init ] --END-- [ RunTime:0.001000s ]
INFO: [ app_begin ] --START--
INFO: Run Behavior\ReadHtmlCacheBehavior [ RunTime:0.000000s ]
INFO: [ app_begin ] --END-- [ RunTime:0.000000s ]
SQL: SHOW COLUMNS FROM `tb_config` [ RunTime:0.0050s ]
SQL: SELECT * FROM `tb_config` WHERE ( id=1 ) LIMIT 1   [ RunTime:0.0000s ]
NOTIC: [8] Undefined index: zhaiyaoTime D:\phpStudy\WWW\dxzykt\Apps\Manager\Controller\BaseController.class.php 第 13 行.
NOTIC: [8] Undefined index: zhengwenTime D:\phpStudy\WWW\dxzykt\Apps\Manager\Controller\BaseController.class.php 第 14 行.
SQL: SHOW COLUMNS FROM `tb_admin` [ RunTime:0.0060s ]
INFO: [ view_parse ] --START--
INFO: [ template_filter ] --START--
INFO: Run Behavior\ContentReplaceBehavior [ RunTime:0.000000s ]
INFO: [ template_filter ] --END-- [ RunTime:0.000000s ]
INFO: Run Behavior\ParseTemplateBehavior [ RunTime:0.006001s ]
INFO: [ view_parse ] --END-- [ RunTime:0.006001s ]
INFO: [ view_filter ] --START--
INFO: Run Behavior\WriteHtmlCacheBehavior [ RunTime:0.000000s ]
INFO: [ view_filter ] --END-- [ RunTime:0.000000s ]
INFO: [ app_end ] --START--
INFO: Run Behavior\ShowPageTraceBehavior [ RunTime:0.001000s ]
INFO: [ app_end ] --END-- [ RunTime:0.001000s ]

[ 2018-07-04T10:23:12+08:00 ] ::1 /dxzykt/manager.php/Public/RightFrm.html
INFO: [ app_init ] --START--
INFO: Run Behavior\BuildLiteBehavior [ RunTime:0.000000s ]
INFO: [ app_init ] --END-- [ RunTime:0.000000s ]
INFO: [ app_begin ] --START--
INFO: Run Behavior\ReadHtmlCacheBehavior [ RunTime:0.001000s ]
INFO: [ app_begin ] --END-- [ RunTime:0.001000s ]
SQL: SHOW COLUMNS FROM `tb_config` [ RunTime:0.0050s ]
SQL: SELECT * FROM `tb_config` WHERE ( id=1 ) LIMIT 1   [ RunTime:0.0010s ]
NOTIC: [8] Undefined index: zhaiyaoTime D:\phpStudy\WWW\dxzykt\Apps\Manager\Controller\BaseController.class.php 第 13 行.
NOTIC: [8] Undefined index: zhengwenTime D:\phpStudy\WWW\dxzykt\Apps\Manager\Controller\BaseController.class.php 第 14 行.
INFO: [ view_parse ] --START--
INFO: [ template_filter ] --START--
INFO: Run Behavior\ContentReplaceBehavior [ RunTime:0.000000s ]
INFO: [ template_filter ] --END-- [ RunTime:0.000000s ]
INFO: Run Behavior\ParseTemplateBehavior [ RunTime:0.019001s ]
INFO: [ view_parse ] --END-- [ RunTime:0.019001s ]
INFO: [ view_filter ] --START--
INFO: Run Behavior\WriteHtmlCacheBehavior [ RunTime:0.001001s ]
INFO: [ view_filter ] --END-- [ RunTime:0.001001s ]
INFO: [ app_end ] --START--
INFO: Run Behavior\ShowPageTraceBehavior [ RunTime:0.000000s ]
INFO: [ app_end ] --END-- [ RunTime:0.000000s ]

[ 2018-07-04T10:23:13+08:00 ] ::1 /dxzykt/manager.php/Public/MenuFrm.html
INFO: [ app_init ] --START--
INFO: Run Behavior\BuildLiteBehavior [ RunTime:0.000000s ]
INFO: [ app_init ] --END-- [ RunTime:0.000000s ]
INFO: [ app_begin ] --START--
INFO: Run Behavior\ReadHtmlCacheBehavior [ RunTime:0.001001s ]
INFO: [ app_begin ] --END-- [ RunTime:0.001001s ]
SQL: SHOW COLUMNS FROM `tb_config` [ RunTime:0.0050s ]
SQL: SELECT * FROM `tb_config` WHERE ( id=1 ) LIMIT 1   [ RunTime:0.0010s ]
NOTIC: [8] Undefined index: zhaiyaoTime D:\phpStudy\WWW\dxzykt\Apps\Manager\Controller\BaseController.class.php 第 13 行.
NOTIC: [8] Undefined index: zhengwenTime D:\phpStudy\WWW\dxzykt\Apps\Manager\Controller\BaseController.class.php 第 14 行.
SQL: SHOW COLUMNS FROM `tb_newssort` [ RunTime:0.0050s ]
SQL: SELECT * FROM `tb_newssort` WHERE ( pid=3 )  [ RunTime:0.0010s ]
SQL: SHOW COLUMNS FROM `tb_onepage` [ RunTime:0.0060s ]
SQL: SELECT * FROM `tb_onepage` WHERE `id` = 2 LIMIT 1   [ RunTime:0.0000s ]
SQL: SELECT * FROM `tb_newssort` WHERE ( pid=2 )  [ RunTime:0.0010s ]
INFO: [ view_parse ] --START--
INFO: [ template_filter ] --START--
INFO: Run Behavior\ContentReplaceBehavior [ RunTime:0.000000s ]
INFO: [ template_filter ] --END-- [ RunTime:0.000000s ]
INFO: Run Behavior\ParseTemplateBehavior [ RunTime:0.008000s ]
INFO: [ view_parse ] --END-- [ RunTime:0.008000s ]
INFO: [ view_filter ] --START--
INFO: Run Behavior\WriteHtmlCacheBehavior [ RunTime:0.000000s ]
INFO: [ view_filter ] --END-- [ RunTime:0.000000s ]
INFO: [ app_end ] --START--
INFO: Run Behavior\ShowPageTraceBehavior [ RunTime:0.000000s ]
INFO: [ app_end ] --END-- [ RunTime:0.000000s ]

[ 2018-07-04T10:23:29+08:00 ] ::1 /dxzykt/manager.php/Public/index.html
INFO: [ app_init ] --START--
INFO: Run Behavior\BuildLiteBehavior [ RunTime:0.000000s ]
INFO: [ app_init ] --END-- [ RunTime:0.001000s ]
INFO: [ app_begin ] --START--
INFO: Run Behavior\ReadHtmlCacheBehavior [ RunTime:0.001000s ]
INFO: [ app_begin ] --END-- [ RunTime:0.001000s ]
SQL: SHOW COLUMNS FROM `tb_config` [ RunTime:0.0050s ]
SQL: SELECT * FROM `tb_config` WHERE ( id=1 ) LIMIT 1   [ RunTime:0.0010s ]
NOTIC: [8] Undefined index: zhaiyaoTime D:\phpStudy\WWW\dxzykt\Apps\Manager\Controller\BaseController.class.php 第 13 行.
NOTIC: [8] Undefined index: zhengwenTime D:\phpStudy\WWW\dxzykt\Apps\Manager\Controller\BaseController.class.php 第 14 行.
INFO: [ view_parse ] --START--
INFO: [ template_filter ] --START--
INFO: Run Behavior\ContentReplaceBehavior [ RunTime:0.000000s ]
INFO: [ template_filter ] --END-- [ RunTime:0.000000s ]
INFO: Run Behavior\ParseTemplateBehavior [ RunTime:0.006001s ]
INFO: [ view_parse ] --END-- [ RunTime:0.006001s ]
INFO: [ view_filter ] --START--
INFO: Run Behavior\WriteHtmlCacheBehavior [ RunTime:0.000000s ]
INFO: [ view_filter ] --END-- [ RunTime:0.000000s ]
INFO: [ app_end ] --START--
INFO: Run Behavior\ShowPageTraceBehavior [ RunTime:0.001000s ]
INFO: [ app_end ] --END-- [ RunTime:0.001000s ]

[ 2018-07-04T10:23:30+08:00 ] ::1 /dxzykt/manager.php/Public/TopFrm.html
INFO: [ app_init ] --START--
INFO: Run Behavior\BuildLiteBehavior [ RunTime:0.000000s ]
INFO: [ app_init ] --END-- [ RunTime:0.000000s ]
INFO: [ app_begin ] --START--
INFO: Run Behavior\ReadHtmlCacheBehavior [ RunTime:0.001000s ]
INFO: [ app_begin ] --END-- [ RunTime:0.001000s ]
SQL: SHOW COLUMNS FROM `tb_config` [ RunTime:0.0050s ]
SQL: SELECT * FROM `tb_config` WHERE ( id=1 ) LIMIT 1   [ RunTime:0.0010s ]
NOTIC: [8] Undefined index: zhaiyaoTime D:\phpStudy\WWW\dxzykt\Apps\Manager\Controller\BaseController.class.php 第 13 行.
NOTIC: [8] Undefined index: zhengwenTime D:\phpStudy\WWW\dxzykt\Apps\Manager\Controller\BaseController.class.php 第 14 行.
SQL: SHOW COLUMNS FROM `tb_admin` [ RunTime:0.0060s ]
INFO: [ view_parse ] --START--
INFO: [ template_filter ] --START--
INFO: Run Behavior\ContentReplaceBehavior [ RunTime:0.000000s ]
INFO: [ template_filter ] --END-- [ RunTime:0.001000s ]
INFO: Run Behavior\ParseTemplateBehavior [ RunTime:0.005000s ]
INFO: [ view_parse ] --END-- [ RunTime:0.005000s ]
INFO: [ view_filter ] --START--
INFO: Run Behavior\WriteHtmlCacheBehavior [ RunTime:0.001000s ]
INFO: [ view_filter ] --END-- [ RunTime:0.001000s ]
INFO: [ app_end ] --START--
INFO: Run Behavior\ShowPageTraceBehavior [ RunTime:0.001000s ]
INFO: [ app_end ] --END-- [ RunTime:0.001000s ]

[ 2018-07-04T10:23:32+08:00 ] ::1 /dxzykt/manager.php/Public/MenuFrm.html
INFO: [ app_init ] --START--
INFO: Run Behavior\BuildLiteBehavior [ RunTime:0.000000s ]
INFO: [ app_init ] --END-- [ RunTime:0.000000s ]
INFO: [ app_begin ] --START--
INFO: Run Behavior\ReadHtmlCacheBehavior [ RunTime:0.001000s ]
INFO: [ app_begin ] --END-- [ RunTime:0.001000s ]
SQL: SHOW COLUMNS FROM `tb_config` [ RunTime:0.0050s ]
SQL: SELECT * FROM `tb_config` WHERE ( id=1 ) LIMIT 1   [ RunTime:0.0000s ]
NOTIC: [8] Undefined index: zhaiyaoTime D:\phpStudy\WWW\dxzykt\Apps\Manager\Controller\BaseController.class.php 第 13 行.
NOTIC: [8] Undefined index: zhengwenTime D:\phpStudy\WWW\dxzykt\Apps\Manager\Controller\BaseController.class.php 第 14 行.
SQL: SHOW COLUMNS FROM `tb_newssort` [ RunTime:0.0050s ]
SQL: SELECT * FROM `tb_newssort` WHERE ( pid=3 )  [ RunTime:0.0000s ]
SQL: SHOW COLUMNS FROM `tb_onepage` [ RunTime:0.0050s ]
SQL: SELECT * FROM `tb_onepage` WHERE `id` = 2 LIMIT 1   [ RunTime:0.0000s ]
SQL: SELECT * FROM `tb_newssort` WHERE ( pid=2 )  [ RunTime:0.0010s ]
INFO: [ view_parse ] --START--
INFO: [ template_filter ] --START--
INFO: Run Behavior\ContentReplaceBehavior [ RunTime:0.000000s ]
INFO: [ template_filter ] --END-- [ RunTime:0.000000s ]
INFO: Run Behavior\ParseTemplateBehavior [ RunTime:0.007000s ]
INFO: [ view_parse ] --END-- [ RunTime:0.007000s ]
INFO: [ view_filter ] --START--
INFO: Run Behavior\WriteHtmlCacheBehavior [ RunTime:0.000000s ]
INFO: [ view_filter ] --END-- [ RunTime:0.000000s ]
INFO: [ app_end ] --START--
INFO: Run Behavior\ShowPageTraceBehavior [ RunTime:0.001001s ]
INFO: [ app_end ] --END-- [ RunTime:0.001001s ]

[ 2018-07-04T10:23:33+08:00 ] ::1 /dxzykt/manager.php/Public/RightFrm.html
INFO: [ app_init ] --START--
INFO: Run Behavior\BuildLiteBehavior [ RunTime:0.000000s ]
INFO: [ app_init ] --END-- [ RunTime:0.000000s ]
INFO: [ app_begin ] --START--
INFO: Run Behavior\ReadHtmlCacheBehavior [ RunTime:0.001000s ]
INFO: [ app_begin ] --END-- [ RunTime:0.001000s ]
SQL: SHOW COLUMNS FROM `tb_config` [ RunTime:0.0060s ]
SQL: SELECT * FROM `tb_config` WHERE ( id=1 ) LIMIT 1   [ RunTime:0.0020s ]
NOTIC: [8] Undefined index: zhaiyaoTime D:\phpStudy\WWW\dxzykt\Apps\Manager\Controller\BaseController.class.php 第 13 行.
NOTIC: [8] Undefined index: zhengwenTime D:\phpStudy\WWW\dxzykt\Apps\Manager\Controller\BaseController.class.php 第 14 行.
INFO: [ view_parse ] --START--
INFO: [ template_filter ] --START--
INFO: Run Behavior\ContentReplaceBehavior [ RunTime:0.000000s ]
INFO: [ template_filter ] --END-- [ RunTime:0.000000s ]
INFO: Run Behavior\ParseTemplateBehavior [ RunTime:0.019002s ]
INFO: [ view_parse ] --END-- [ RunTime:0.019002s ]
INFO: [ view_filter ] --START--
INFO: Run Behavior\WriteHtmlCacheBehavior [ RunTime:0.001000s ]
INFO: [ view_filter ] --END-- [ RunTime:0.002000s ]
INFO: [ app_end ] --START--
INFO: Run Behavior\ShowPageTraceBehavior [ RunTime:0.001000s ]
INFO: [ app_end ] --END-- [ RunTime:0.001000s ]

[ 2018-07-04T10:23:40+08:00 ] ::1 /dxzykt/manager.php/onePage/lists.html
INFO: [ app_init ] --START--
INFO: Run Behavior\BuildLiteBehavior [ RunTime:0.000000s ]
INFO: [ app_init ] --END-- [ RunTime:0.001000s ]
INFO: [ app_begin ] --START--
INFO: Run Behavior\ReadHtmlCacheBehavior [ RunTime:0.000000s ]
INFO: [ app_begin ] --END-- [ RunTime:0.000000s ]
SQL: SHOW COLUMNS FROM `tb_config` [ RunTime:0.0050s ]
SQL: SELECT * FROM `tb_config` WHERE ( id=1 ) LIMIT 1   [ RunTime:0.0010s ]
NOTIC: [8] Undefined index: zhaiyaoTime D:\phpStudy\WWW\dxzykt\Apps\Manager\Controller\BaseController.class.php 第 13 行.
NOTIC: [8] Undefined index: zhengwenTime D:\phpStudy\WWW\dxzykt\Apps\Manager\Controller\BaseController.class.php 第 14 行.
SQL: SHOW COLUMNS FROM `tb_onepage` [ RunTime:0.0050s ]
SQL: SELECT COUNT(*) AS tp_count FROM `tb_onepage` LIMIT 1   [ RunTime:0.0010s ]
SQL: SELECT * FROM `tb_onepage` LIMIT 0,20   [ RunTime:0.0010s ]
INFO: [ view_parse ] --START--
INFO: [ template_filter ] --START--
INFO: Run Behavior\ContentReplaceBehavior [ RunTime:0.000000s ]
INFO: [ template_filter ] --END-- [ RunTime:0.000000s ]
NOTIC: [8] Undefined variable: theObj D:\phpStudy\WWW\dxzykt\Apps\Runtime\Cache\Manager\9a767917c0dd25d8eb4227970fe86392.php 第 11 行.
INFO: Run Behavior\ParseTemplateBehavior [ RunTime:0.008001s ]
INFO: [ view_parse ] --END-- [ RunTime:0.008001s ]
INFO: [ view_filter ] --START--
INFO: Run Behavior\WriteHtmlCacheBehavior [ RunTime:0.000000s ]
INFO: [ view_filter ] --END-- [ RunTime:0.000000s ]
INFO: [ app_end ] --START--
INFO: Run Behavior\ShowPageTraceBehavior [ RunTime:0.001000s ]
INFO: [ app_end ] --END-- [ RunTime:0.001000s ]

[ 2018-07-04T10:23:42+08:00 ] ::1 /dxzykt/manager.php/news/datalist/id/1.html
INFO: [ app_init ] --START--
INFO: Run Behavior\BuildLiteBehavior [ RunTime:0.000000s ]
INFO: [ app_init ] --END-- [ RunTime:0.001000s ]
INFO: [ app_begin ] --START--
INFO: Run Behavior\ReadHtmlCacheBehavior [ RunTime:0.000000s ]
INFO: [ app_begin ] --END-- [ RunTime:0.000000s ]
SQL: SHOW COLUMNS FROM `tb_config` [ RunTime:0.0060s ]
SQL: SELECT * FROM `tb_config` WHERE ( id=1 ) LIMIT 1   [ RunTime:0.0000s ]
NOTIC: [8] Undefined index: zhaiyaoTime D:\phpStudy\WWW\dxzykt\Apps\Manager\Controller\BaseController.class.php 第 13 行.
NOTIC: [8] Undefined index: zhengwenTime D:\phpStudy\WWW\dxzykt\Apps\Manager\Controller\BaseController.class.php 第 14 行.
SQL: SHOW COLUMNS FROM `tb_newssort` [ RunTime:0.0050s ]
SQL: SELECT * FROM `tb_newssort` WHERE ( pid=1 )  [ RunTime:0.0000s ]
SQL: SELECT * FROM `tb_newssort` WHERE ( id=2 ) LIMIT 1   [ RunTime:0.0010s ]
SQL: SELECT * FROM `tb_newssort` WHERE ( id=1 ) LIMIT 1   [ RunTime:0.0000s ]
SQL: SELECT * FROM `tb_newssort` WHERE ( pid=2 )  [ RunTime:0.0010s ]
SQL: SELECT * FROM `tb_newssort` WHERE ( pid=1 ) ORDER BY serialNum desc  [ RunTime:0.0010s ]
SQL: SELECT * FROM `tb_newssort` WHERE ( id=2 ) LIMIT 1   [ RunTime:0.0000s ]
SQL: SELECT * FROM `tb_newssort` WHERE ( id=1 ) LIMIT 1   [ RunTime:0.0000s ]
SQL: SELECT * FROM `tb_newssort` WHERE ( pid=2 ) ORDER BY serialNum desc  [ RunTime:0.0000s ]
INFO: [ view_parse ] --START--
INFO: [ template_filter ] --START--
INFO: Run Behavior\ContentReplaceBehavior [ RunTime:0.000000s ]
INFO: [ template_filter ] --END-- [ RunTime:0.000000s ]
INFO: Run Behavior\ParseTemplateBehavior [ RunTime:0.005000s ]
INFO: [ view_parse ] --END-- [ RunTime:0.005000s ]
INFO: [ view_filter ] --START--
INFO: Run Behavior\WriteHtmlCacheBehavior [ RunTime:0.001000s ]
INFO: [ view_filter ] --END-- [ RunTime:0.001000s ]
INFO: [ app_end ] --START--
INFO: Run Behavior\ShowPageTraceBehavior [ RunTime:0.000000s ]
INFO: [ app_end ] --END-- [ RunTime:0.000000s ]

[ 2018-07-04T10:23:45+08:00 ] ::1 /dxzykt/manager.php/news/lists/id/2.html
INFO: [ app_init ] --START--
INFO: Run Behavior\BuildLiteBehavior [ RunTime:0.000000s ]
INFO: [ app_init ] --END-- [ RunTime:0.001000s ]
INFO: [ app_begin ] --START--
INFO: Run Behavior\ReadHtmlCacheBehavior [ RunTime:0.000000s ]
INFO: [ app_begin ] --END-- [ RunTime:0.001000s ]
SQL: SHOW COLUMNS FROM `tb_config` [ RunTime:0.0050s ]
SQL: SELECT * FROM `tb_config` WHERE ( id=1 ) LIMIT 1   [ RunTime:0.0000s ]
NOTIC: [8] Undefined index: zhaiyaoTime D:\phpStudy\WWW\dxzykt\Apps\Manager\Controller\BaseController.class.php 第 13 行.
NOTIC: [8] Undefined index: zhengwenTime D:\phpStudy\WWW\dxzykt\Apps\Manager\Controller\BaseController.class.php 第 14 行.
SQL: SHOW COLUMNS FROM `tb_news` [ RunTime:0.0060s ]
SQL: SHOW COLUMNS FROM `tb_newssort` [ RunTime:0.0050s ]
SQL: SELECT * FROM `tb_newssort` WHERE ( id=2 ) LIMIT 1   [ RunTime:0.0010s ]
SQL: SELECT COUNT(*) AS tp_count FROM `tb_news` WHERE `sort` = 2 LIMIT 1   [ RunTime:0.0000s ]
SQL: SELECT `id`,`title`,`serialNum`,`sort` FROM `tb_news` WHERE `sort` = 2 ORDER BY serialNum desc LIMIT 0,10   [ RunTime:0.0000s ]
INFO: [ view_parse ] --START--
INFO: [ template_filter ] --START--
INFO: Run Behavior\ContentReplaceBehavior [ RunTime:0.000000s ]
INFO: [ template_filter ] --END-- [ RunTime:0.000000s ]
INFO: Run Behavior\ParseTemplateBehavior [ RunTime:0.008001s ]
INFO: [ view_parse ] --END-- [ RunTime:0.008001s ]
INFO: [ view_filter ] --START--
INFO: Run Behavior\WriteHtmlCacheBehavior [ RunTime:0.000000s ]
INFO: [ view_filter ] --END-- [ RunTime:0.000000s ]
INFO: [ app_end ] --START--
INFO: Run Behavior\ShowPageTraceBehavior [ RunTime:0.001000s ]
INFO: [ app_end ] --END-- [ RunTime:0.001000s ]

