[ 2019-07-09T14:17:56+08:00 ] 127.0.0.1 /manager.php
INFO: [ app_init ] --START--
INFO: Run Behavior\BuildLiteBehavior [ RunTime:0.000000s ]
INFO: [ app_init ] --END-- [ RunTime:0.000000s ]
INFO: [ app_begin ] --START--
INFO: Run Behavior\ReadHtmlCacheBehavior [ RunTime:0.001000s ]
INFO: [ app_begin ] --END-- [ RunTime:0.001000s ]
INFO: [ view_parse ] --START--
INFO: [ template_filter ] --START--
INFO: Run Behavior\ContentReplaceBehavior [ RunTime:0.000000s ]
INFO: [ template_filter ] --END-- [ RunTime:0.001001s ]
INFO: Run Behavior\ParseTemplateBehavior [ RunTime:0.011001s ]
INFO: [ view_parse ] --END-- [ RunTime:0.012001s ]
INFO: [ view_filter ] --START--
INFO: Run Behavior\WriteHtmlCacheBehavior [ RunTime:0.002000s ]
INFO: [ view_filter ] --END-- [ RunTime:0.002000s ]
INFO: [ app_end ] --START--
INFO: Run Behavior\ShowPageTraceBehavior [ RunTime:0.001000s ]
INFO: [ app_end ] --END-- [ RunTime:0.001000s ]

[ 2019-07-09T14:17:57+08:00 ] 127.0.0.1 /manager.php?s=/index/getVerify.html
INFO: [ app_init ] --START--
INFO: Run Behavior\BuildLiteBehavior [ RunTime:0.000000s ]
INFO: [ app_init ] --END-- [ RunTime:0.001000s ]
INFO: [ app_begin ] --START--
INFO: Run Behavior\ReadHtmlCacheBehavior [ RunTime:0.001000s ]
INFO: [ app_begin ] --END-- [ RunTime:0.001000s ]
INFO: [ app_end ] --START--
INFO: Run Behavior\ShowPageTraceBehavior [ RunTime:0.001000s ]
INFO: [ app_end ] --END-- [ RunTime:0.001000s ]

[ 2019-07-09T14:18:01+08:00 ] 127.0.0.1 /manager.php?s=/Index/login.html
INFO: [ app_init ] --START--
INFO: Run Behavior\BuildLiteBehavior [ RunTime:0.000000s ]
INFO: [ app_init ] --END-- [ RunTime:0.000000s ]
INFO: [ app_begin ] --START--
INFO: Run Behavior\ReadHtmlCacheBehavior [ RunTime:0.001000s ]
INFO: [ app_begin ] --END-- [ RunTime:0.002000s ]
SQL: SHOW COLUMNS FROM `tb_admin` [ RunTime:0.0090s ]
SQL: SELECT * FROM `tb_admin` WHERE `username` = 'admin' AND `password` = '60782b166dfafab9b24545249efad9c3' LIMIT 1   [ RunTime:0.0010s ]
SQL: UPDATE `tb_admin` SET `lastLoginTime`='2019-01-12 11:23:59',`nowLoginTime`='2019-07-09 14:18:01',`loginNum`='92' WHERE `id` = 1 [ RunTime:0.0400s ]
INFO: [ view_parse ] --START--
INFO: [ template_filter ] --START--
INFO: Run Behavior\ContentReplaceBehavior [ RunTime:0.000000s ]
INFO: [ template_filter ] --END-- [ RunTime:0.000000s ]
INFO: Run Behavior\ParseTemplateBehavior [ RunTime:0.009001s ]
INFO: [ view_parse ] --END-- [ RunTime:0.009001s ]
INFO: [ view_filter ] --START--
INFO: Run Behavior\WriteHtmlCacheBehavior [ RunTime:0.001000s ]
INFO: [ view_filter ] --END-- [ RunTime:0.001000s ]
INFO: [ app_end ] --START--
INFO: Run Behavior\ShowPageTraceBehavior [ RunTime:0.001000s ]
INFO: [ app_end ] --END-- [ RunTime:0.001000s ]

[ 2019-07-09T14:18:03+08:00 ] 127.0.0.1 /manager.php?s=/Public/index.html
INFO: [ app_init ] --START--
INFO: Run Behavior\BuildLiteBehavior [ RunTime:0.001000s ]
INFO: [ app_init ] --END-- [ RunTime:0.001000s ]
INFO: [ app_begin ] --START--
INFO: Run Behavior\ReadHtmlCacheBehavior [ RunTime:0.001000s ]
INFO: [ app_begin ] --END-- [ RunTime:0.001000s ]
SQL: SHOW COLUMNS FROM `tb_config` [ RunTime:0.0090s ]
SQL: SELECT * FROM `tb_config` WHERE ( id=1 ) LIMIT 1   [ RunTime:0.0010s ]
NOTIC: [8] Undefined index: zhaiyaoTime D:\phpStudy\WWW\wooyee\Apps\Manager\Controller\BaseController.class.php 第 13 行.
NOTIC: [8] Undefined index: zhengwenTime D:\phpStudy\WWW\wooyee\Apps\Manager\Controller\BaseController.class.php 第 14 行.
INFO: [ view_parse ] --START--
INFO: [ template_filter ] --START--
INFO: Run Behavior\ContentReplaceBehavior [ RunTime:0.000000s ]
INFO: [ template_filter ] --END-- [ RunTime:0.000000s ]
INFO: Run Behavior\ParseTemplateBehavior [ RunTime:0.011000s ]
INFO: [ view_parse ] --END-- [ RunTime:0.011000s ]
INFO: [ view_filter ] --START--
INFO: Run Behavior\WriteHtmlCacheBehavior [ RunTime:0.001000s ]
INFO: [ view_filter ] --END-- [ RunTime:0.001000s ]
INFO: [ app_end ] --START--
INFO: Run Behavior\ShowPageTraceBehavior [ RunTime:0.001001s ]
INFO: [ app_end ] --END-- [ RunTime:0.001001s ]

[ 2019-07-09T14:18:04+08:00 ] 127.0.0.1 /manager.php?s=/Public/TopFrm.html
INFO: [ app_init ] --START--
INFO: Run Behavior\BuildLiteBehavior [ RunTime:0.000000s ]
INFO: [ app_init ] --END-- [ RunTime:0.001000s ]
INFO: [ app_begin ] --START--
INFO: Run Behavior\ReadHtmlCacheBehavior [ RunTime:0.001000s ]
INFO: [ app_begin ] --END-- [ RunTime:0.001000s ]
SQL: SHOW COLUMNS FROM `tb_config` [ RunTime:0.0070s ]
SQL: SELECT * FROM `tb_config` WHERE ( id=1 ) LIMIT 1   [ RunTime:0.0010s ]
NOTIC: [8] Undefined index: zhaiyaoTime D:\phpStudy\WWW\wooyee\Apps\Manager\Controller\BaseController.class.php 第 13 行.
NOTIC: [8] Undefined index: zhengwenTime D:\phpStudy\WWW\wooyee\Apps\Manager\Controller\BaseController.class.php 第 14 行.
SQL: SHOW COLUMNS FROM `tb_admin` [ RunTime:0.0080s ]
INFO: [ view_parse ] --START--
INFO: [ template_filter ] --START--
INFO: Run Behavior\ContentReplaceBehavior [ RunTime:0.000000s ]
INFO: [ template_filter ] --END-- [ RunTime:0.000000s ]
INFO: Run Behavior\ParseTemplateBehavior [ RunTime:0.010000s ]
INFO: [ view_parse ] --END-- [ RunTime:0.010000s ]
INFO: [ view_filter ] --START--
INFO: Run Behavior\WriteHtmlCacheBehavior [ RunTime:0.001000s ]
INFO: [ view_filter ] --END-- [ RunTime:0.001000s ]
INFO: [ app_end ] --START--
INFO: Run Behavior\ShowPageTraceBehavior [ RunTime:0.001000s ]
INFO: [ app_end ] --END-- [ RunTime:0.001000s ]

[ 2019-07-09T14:18:06+08:00 ] 127.0.0.1 /manager.php?s=/Public/MenuFrm.html
INFO: [ app_init ] --START--
INFO: Run Behavior\BuildLiteBehavior [ RunTime:0.000000s ]
INFO: [ app_init ] --END-- [ RunTime:0.001000s ]
INFO: [ app_begin ] --START--
INFO: Run Behavior\ReadHtmlCacheBehavior [ RunTime:0.002000s ]
INFO: [ app_begin ] --END-- [ RunTime:0.002000s ]
SQL: SHOW COLUMNS FROM `tb_config` [ RunTime:0.0070s ]
SQL: SELECT * FROM `tb_config` WHERE ( id=1 ) LIMIT 1   [ RunTime:0.0010s ]
NOTIC: [8] Undefined index: zhaiyaoTime D:\phpStudy\WWW\wooyee\Apps\Manager\Controller\BaseController.class.php 第 13 行.
NOTIC: [8] Undefined index: zhengwenTime D:\phpStudy\WWW\wooyee\Apps\Manager\Controller\BaseController.class.php 第 14 行.
INFO: [ view_parse ] --START--
INFO: [ template_filter ] --START--
INFO: Run Behavior\ContentReplaceBehavior [ RunTime:0.000000s ]
INFO: [ template_filter ] --END-- [ RunTime:0.000000s ]
INFO: Run Behavior\ParseTemplateBehavior [ RunTime:0.050002s ]
INFO: [ view_parse ] --END-- [ RunTime:0.050002s ]
INFO: [ view_filter ] --START--
INFO: Run Behavior\WriteHtmlCacheBehavior [ RunTime:0.001000s ]
INFO: [ view_filter ] --END-- [ RunTime:0.001000s ]
INFO: [ app_end ] --START--
INFO: Run Behavior\ShowPageTraceBehavior [ RunTime:0.001001s ]
INFO: [ app_end ] --END-- [ RunTime:0.001001s ]

[ 2019-07-09T14:18:07+08:00 ] 127.0.0.1 /manager.php?s=/Public/RightFrm.html
INFO: [ app_init ] --START--
INFO: Run Behavior\BuildLiteBehavior [ RunTime:0.000000s ]
INFO: [ app_init ] --END-- [ RunTime:0.001000s ]
INFO: [ app_begin ] --START--
INFO: Run Behavior\ReadHtmlCacheBehavior [ RunTime:0.008001s ]
INFO: [ app_begin ] --END-- [ RunTime:0.008001s ]
SQL: SHOW COLUMNS FROM `tb_config` [ RunTime:0.0110s ]
SQL: SELECT * FROM `tb_config` WHERE ( id=1 ) LIMIT 1   [ RunTime:0.0010s ]
NOTIC: [8] Undefined index: zhaiyaoTime D:\phpStudy\WWW\wooyee\Apps\Manager\Controller\BaseController.class.php 第 13 行.
NOTIC: [8] Undefined index: zhengwenTime D:\phpStudy\WWW\wooyee\Apps\Manager\Controller\BaseController.class.php 第 14 行.
INFO: [ view_parse ] --START--
INFO: [ template_filter ] --START--
INFO: Run Behavior\ContentReplaceBehavior [ RunTime:0.000000s ]
INFO: [ template_filter ] --END-- [ RunTime:0.000000s ]
INFO: Run Behavior\ParseTemplateBehavior [ RunTime:0.055003s ]
INFO: [ view_parse ] --END-- [ RunTime:0.056003s ]
INFO: [ view_filter ] --START--
INFO: Run Behavior\WriteHtmlCacheBehavior [ RunTime:0.001001s ]
INFO: [ view_filter ] --END-- [ RunTime:0.001001s ]
INFO: [ app_end ] --START--
INFO: Run Behavior\ShowPageTraceBehavior [ RunTime:0.001000s ]
INFO: [ app_end ] --END-- [ RunTime:0.002000s ]

[ 2019-07-09T14:18:09+08:00 ] 127.0.0.1 /manager.php?s=/webSet/edit.html
INFO: [ app_init ] --START--
INFO: Run Behavior\BuildLiteBehavior [ RunTime:0.000000s ]
INFO: [ app_init ] --END-- [ RunTime:0.001000s ]
INFO: [ app_begin ] --START--
INFO: Run Behavior\ReadHtmlCacheBehavior [ RunTime:0.002000s ]
INFO: [ app_begin ] --END-- [ RunTime:0.002000s ]
SQL: SHOW COLUMNS FROM `tb_config` [ RunTime:0.0050s ]
SQL: SELECT * FROM `tb_config` WHERE ( id=1 ) LIMIT 1   [ RunTime:0.0000s ]
NOTIC: [8] Undefined index: zhaiyaoTime D:\phpStudy\WWW\wooyee\Apps\Manager\Controller\BaseController.class.php 第 13 行.
NOTIC: [8] Undefined index: zhengwenTime D:\phpStudy\WWW\wooyee\Apps\Manager\Controller\BaseController.class.php 第 14 行.
SQL: SELECT * FROM `tb_config` WHERE ( id=1 ) LIMIT 1   [ RunTime:0.0000s ]
INFO: [ view_parse ] --START--
INFO: [ template_filter ] --START--
INFO: Run Behavior\ContentReplaceBehavior [ RunTime:0.000000s ]
INFO: [ template_filter ] --END-- [ RunTime:0.000000s ]
INFO: Run Behavior\ParseTemplateBehavior [ RunTime:0.009000s ]
INFO: [ view_parse ] --END-- [ RunTime:0.009000s ]
INFO: [ view_filter ] --START--
INFO: Run Behavior\WriteHtmlCacheBehavior [ RunTime:0.001000s ]
INFO: [ view_filter ] --END-- [ RunTime:0.001000s ]
INFO: [ app_end ] --START--
INFO: Run Behavior\ShowPageTraceBehavior [ RunTime:0.001001s ]
INFO: [ app_end ] --END-- [ RunTime:0.001001s ]

[ 2019-07-09T14:19:15+08:00 ] 127.0.0.1 /manager.php?s=/Public/MenuFrm.html
INFO: [ app_init ] --START--
INFO: Run Behavior\BuildLiteBehavior [ RunTime:0.000000s ]
INFO: [ app_init ] --END-- [ RunTime:0.001000s ]
INFO: [ app_begin ] --START--
INFO: Run Behavior\ReadHtmlCacheBehavior [ RunTime:0.001000s ]
INFO: [ app_begin ] --END-- [ RunTime:0.001000s ]
SQL: SHOW COLUMNS FROM `tb_config` [ RunTime:0.0060s ]
SQL: SELECT * FROM `tb_config` WHERE ( id=1 ) LIMIT 1   [ RunTime:0.0010s ]
NOTIC: [8] Undefined index: zhaiyaoTime D:\phpStudy\WWW\wooyee\Apps\Manager\Controller\BaseController.class.php 第 13 行.
NOTIC: [8] Undefined index: zhengwenTime D:\phpStudy\WWW\wooyee\Apps\Manager\Controller\BaseController.class.php 第 14 行.
INFO: [ view_parse ] --START--
INFO: [ template_filter ] --START--
INFO: Run Behavior\ContentReplaceBehavior [ RunTime:0.000000s ]
INFO: [ template_filter ] --END-- [ RunTime:0.000000s ]
INFO: Run Behavior\ParseTemplateBehavior [ RunTime:0.009000s ]
INFO: [ view_parse ] --END-- [ RunTime:0.009000s ]
INFO: [ view_filter ] --START--
INFO: Run Behavior\WriteHtmlCacheBehavior [ RunTime:0.001000s ]
INFO: [ view_filter ] --END-- [ RunTime:0.001000s ]
INFO: [ app_end ] --START--
INFO: Run Behavior\ShowPageTraceBehavior [ RunTime:0.001000s ]
INFO: [ app_end ] --END-- [ RunTime:0.001000s ]

[ 2019-07-09T14:19:19+08:00 ] 127.0.0.1 /manager.php?s=/webSet/edit.html
INFO: [ app_init ] --START--
INFO: Run Behavior\BuildLiteBehavior [ RunTime:0.000000s ]
INFO: [ app_init ] --END-- [ RunTime:0.002001s ]
INFO: [ app_begin ] --START--
INFO: Run Behavior\ReadHtmlCacheBehavior [ RunTime:0.002000s ]
INFO: [ app_begin ] --END-- [ RunTime:0.002000s ]
SQL: SHOW COLUMNS FROM `tb_config` [ RunTime:0.0070s ]
SQL: SELECT * FROM `tb_config` WHERE ( id=1 ) LIMIT 1   [ RunTime:0.0010s ]
NOTIC: [8] Undefined index: zhaiyaoTime D:\phpStudy\WWW\wooyee\Apps\Manager\Controller\BaseController.class.php 第 13 行.
NOTIC: [8] Undefined index: zhengwenTime D:\phpStudy\WWW\wooyee\Apps\Manager\Controller\BaseController.class.php 第 14 行.
SQL: SELECT * FROM `tb_config` WHERE ( id=1 ) LIMIT 1   [ RunTime:0.0010s ]
INFO: [ view_parse ] --START--
INFO: [ template_filter ] --START--
INFO: Run Behavior\ContentReplaceBehavior [ RunTime:0.000000s ]
INFO: [ template_filter ] --END-- [ RunTime:0.000000s ]
INFO: Run Behavior\ParseTemplateBehavior [ RunTime:0.010001s ]
INFO: [ view_parse ] --END-- [ RunTime:0.010001s ]
INFO: [ view_filter ] --START--
INFO: Run Behavior\WriteHtmlCacheBehavior [ RunTime:0.000000s ]
INFO: [ view_filter ] --END-- [ RunTime:0.000000s ]
INFO: [ app_end ] --START--
INFO: Run Behavior\ShowPageTraceBehavior [ RunTime:0.002000s ]
INFO: [ app_end ] --END-- [ RunTime:0.002000s ]

[ 2019-07-09T14:19:21+08:00 ] 127.0.0.1 /manager.php?s=/float/lists.html
INFO: [ app_init ] --START--
INFO: Run Behavior\BuildLiteBehavior [ RunTime:0.000000s ]
INFO: [ app_init ] --END-- [ RunTime:0.000000s ]
INFO: [ app_begin ] --START--
INFO: Run Behavior\ReadHtmlCacheBehavior [ RunTime:0.001000s ]
INFO: [ app_begin ] --END-- [ RunTime:0.001000s ]
SQL: SHOW COLUMNS FROM `tb_config` [ RunTime:0.0060s ]
SQL: SELECT * FROM `tb_config` WHERE ( id=1 ) LIMIT 1   [ RunTime:0.0000s ]
NOTIC: [8] Undefined index: zhaiyaoTime D:\phpStudy\WWW\wooyee\Apps\Manager\Controller\BaseController.class.php 第 13 行.
NOTIC: [8] Undefined index: zhengwenTime D:\phpStudy\WWW\wooyee\Apps\Manager\Controller\BaseController.class.php 第 14 行.
SQL: SHOW COLUMNS FROM `tb_float` [ RunTime:0.0060s ]
SQL: SELECT * FROM `tb_float` ORDER BY serialNum asc  [ RunTime:0.0010s ]
INFO: [ view_parse ] --START--
INFO: [ template_filter ] --START--
INFO: Run Behavior\ContentReplaceBehavior [ RunTime:0.000000s ]
INFO: [ template_filter ] --END-- [ RunTime:0.000000s ]
INFO: Run Behavior\ParseTemplateBehavior [ RunTime:0.009001s ]
INFO: [ view_parse ] --END-- [ RunTime:0.009001s ]
INFO: [ view_filter ] --START--
INFO: Run Behavior\WriteHtmlCacheBehavior [ RunTime:0.001000s ]
INFO: [ view_filter ] --END-- [ RunTime:0.001000s ]
INFO: [ app_end ] --START--
INFO: Run Behavior\ShowPageTraceBehavior [ RunTime:0.001000s ]
INFO: [ app_end ] --END-- [ RunTime:0.001000s ]

[ 2019-07-09T14:19:29+08:00 ] 127.0.0.1 /manager.php?s=/guestBook/lists.html
INFO: [ app_init ] --START--
INFO: Run Behavior\BuildLiteBehavior [ RunTime:0.000000s ]
INFO: [ app_init ] --END-- [ RunTime:0.001000s ]
INFO: [ app_begin ] --START--
INFO: Run Behavior\ReadHtmlCacheBehavior [ RunTime:0.001000s ]
INFO: [ app_begin ] --END-- [ RunTime:0.001000s ]
SQL: SHOW COLUMNS FROM `tb_config` [ RunTime:0.0060s ]
SQL: SELECT * FROM `tb_config` WHERE ( id=1 ) LIMIT 1   [ RunTime:0.0010s ]
NOTIC: [8] Undefined index: zhaiyaoTime D:\phpStudy\WWW\wooyee\Apps\Manager\Controller\BaseController.class.php 第 13 行.
NOTIC: [8] Undefined index: zhengwenTime D:\phpStudy\WWW\wooyee\Apps\Manager\Controller\BaseController.class.php 第 14 行.
SQL: SHOW COLUMNS FROM `tb_guestbook` [ RunTime:0.0070s ]
SQL: SELECT COUNT(*) AS tp_count FROM `tb_guestbook` LIMIT 1   [ RunTime:0.0340s ]
SQL: SELECT * FROM `tb_guestbook` ORDER BY id desc LIMIT 0,20   [ RunTime:0.0000s ]
INFO: [ view_parse ] --START--
INFO: [ template_filter ] --START--
INFO: Run Behavior\ContentReplaceBehavior [ RunTime:0.000000s ]
INFO: [ template_filter ] --END-- [ RunTime:0.001000s ]
INFO: Run Behavior\ParseTemplateBehavior [ RunTime:0.010001s ]
INFO: [ view_parse ] --END-- [ RunTime:0.010001s ]
INFO: [ view_filter ] --START--
INFO: Run Behavior\WriteHtmlCacheBehavior [ RunTime:0.000000s ]
INFO: [ view_filter ] --END-- [ RunTime:0.000000s ]
INFO: [ app_end ] --START--
INFO: Run Behavior\ShowPageTraceBehavior [ RunTime:0.001000s ]
INFO: [ app_end ] --END-- [ RunTime:0.001000s ]

[ 2019-07-09T14:19:33+08:00 ] 127.0.0.1 /manager.php?s=/news/datalist.html
INFO: [ app_init ] --START--
INFO: Run Behavior\BuildLiteBehavior [ RunTime:0.000000s ]
INFO: [ app_init ] --END-- [ RunTime:0.001000s ]
INFO: [ app_begin ] --START--
INFO: Run Behavior\ReadHtmlCacheBehavior [ RunTime:0.001001s ]
INFO: [ app_begin ] --END-- [ RunTime:0.001001s ]
SQL: SHOW COLUMNS FROM `tb_config` [ RunTime:0.0060s ]
SQL: SELECT * FROM `tb_config` WHERE ( id=1 ) LIMIT 1   [ RunTime:0.0010s ]
NOTIC: [8] Undefined index: zhaiyaoTime D:\phpStudy\WWW\wooyee\Apps\Manager\Controller\BaseController.class.php 第 13 行.
NOTIC: [8] Undefined index: zhengwenTime D:\phpStudy\WWW\wooyee\Apps\Manager\Controller\BaseController.class.php 第 14 行.
SQL: SHOW COLUMNS FROM `tb_newssort` [ RunTime:0.0050s ]
SQL: SELECT * FROM `tb_newssort` WHERE ( pid=0 )  [ RunTime:0.0010s ]
SQL: SELECT * FROM `tb_newssort` WHERE ( pid=0 ) ORDER BY serialNum desc  [ RunTime:0.0000s ]
INFO: [ view_parse ] --START--
INFO: [ template_filter ] --START--
INFO: Run Behavior\ContentReplaceBehavior [ RunTime:0.000000s ]
INFO: [ template_filter ] --END-- [ RunTime:0.000000s ]
INFO: Run Behavior\ParseTemplateBehavior [ RunTime:0.006000s ]
INFO: [ view_parse ] --END-- [ RunTime:0.006000s ]
INFO: [ view_filter ] --START--
INFO: Run Behavior\WriteHtmlCacheBehavior [ RunTime:0.001000s ]
INFO: [ view_filter ] --END-- [ RunTime:0.001000s ]
INFO: [ app_end ] --START--
INFO: Run Behavior\ShowPageTraceBehavior [ RunTime:0.001000s ]
INFO: [ app_end ] --END-- [ RunTime:0.001000s ]

[ 2019-07-09T14:19:34+08:00 ] 127.0.0.1 /manager.php?s=/news/sortlist.html
INFO: [ app_init ] --START--
INFO: Run Behavior\BuildLiteBehavior [ RunTime:0.000000s ]
INFO: [ app_init ] --END-- [ RunTime:0.001000s ]
INFO: [ app_begin ] --START--
INFO: Run Behavior\ReadHtmlCacheBehavior [ RunTime:0.001000s ]
INFO: [ app_begin ] --END-- [ RunTime:0.001000s ]
SQL: SHOW COLUMNS FROM `tb_config` [ RunTime:0.0360s ]
SQL: SELECT * FROM `tb_config` WHERE ( id=1 ) LIMIT 1   [ RunTime:0.0040s ]
NOTIC: [8] Undefined index: zhaiyaoTime D:\phpStudy\WWW\wooyee\Apps\Manager\Controller\BaseController.class.php 第 13 行.
NOTIC: [8] Undefined index: zhengwenTime D:\phpStudy\WWW\wooyee\Apps\Manager\Controller\BaseController.class.php 第 14 行.
SQL: SHOW COLUMNS FROM `tb_newssort` [ RunTime:0.0290s ]
SQL: SELECT * FROM `tb_newssort` WHERE ( pid=0 )  [ RunTime:0.0030s ]
SQL: SELECT * FROM `tb_newssort` WHERE ( pid=0 ) ORDER BY serialNum desc  [ RunTime:0.0010s ]
INFO: [ view_parse ] --START--
INFO: [ template_filter ] --START--
INFO: Run Behavior\ContentReplaceBehavior [ RunTime:0.000000s ]
INFO: [ template_filter ] --END-- [ RunTime:0.000000s ]
INFO: Run Behavior\ParseTemplateBehavior [ RunTime:0.033002s ]
INFO: [ view_parse ] --END-- [ RunTime:0.034002s ]
INFO: [ view_filter ] --START--
INFO: Run Behavior\WriteHtmlCacheBehavior [ RunTime:0.001000s ]
INFO: [ view_filter ] --END-- [ RunTime:0.001000s ]
INFO: [ app_end ] --START--
INFO: Run Behavior\ShowPageTraceBehavior [ RunTime:0.002000s ]
INFO: [ app_end ] --END-- [ RunTime:0.002000s ]

[ 2019-07-09T14:19:38+08:00 ] 127.0.0.1 /manager.php?s=/guestBook/lists.html
INFO: [ app_init ] --START--
INFO: Run Behavior\BuildLiteBehavior [ RunTime:0.000000s ]
INFO: [ app_init ] --END-- [ RunTime:0.001000s ]
INFO: [ app_begin ] --START--
INFO: Run Behavior\ReadHtmlCacheBehavior [ RunTime:0.001000s ]
INFO: [ app_begin ] --END-- [ RunTime:0.001000s ]
SQL: SHOW COLUMNS FROM `tb_config` [ RunTime:0.0050s ]
SQL: SELECT * FROM `tb_config` WHERE ( id=1 ) LIMIT 1   [ RunTime:0.0000s ]
NOTIC: [8] Undefined index: zhaiyaoTime D:\phpStudy\WWW\wooyee\Apps\Manager\Controller\BaseController.class.php 第 13 行.
NOTIC: [8] Undefined index: zhengwenTime D:\phpStudy\WWW\wooyee\Apps\Manager\Controller\BaseController.class.php 第 14 行.
SQL: SHOW COLUMNS FROM `tb_guestbook` [ RunTime:0.0050s ]
SQL: SELECT COUNT(*) AS tp_count FROM `tb_guestbook` LIMIT 1   [ RunTime:0.0000s ]
SQL: SELECT * FROM `tb_guestbook` ORDER BY id desc LIMIT 0,20   [ RunTime:0.0010s ]
INFO: [ view_parse ] --START--
INFO: [ template_filter ] --START--
INFO: Run Behavior\ContentReplaceBehavior [ RunTime:0.000000s ]
INFO: [ template_filter ] --END-- [ RunTime:0.000000s ]
INFO: Run Behavior\ParseTemplateBehavior [ RunTime:0.008001s ]
INFO: [ view_parse ] --END-- [ RunTime:0.008001s ]
INFO: [ view_filter ] --START--
INFO: Run Behavior\WriteHtmlCacheBehavior [ RunTime:0.001000s ]
INFO: [ view_filter ] --END-- [ RunTime:0.001000s ]
INFO: [ app_end ] --START--
INFO: Run Behavior\ShowPageTraceBehavior [ RunTime:0.001000s ]
INFO: [ app_end ] --END-- [ RunTime:0.001000s ]

[ 2019-07-09T14:19:41+08:00 ] 127.0.0.1 /manager.php?s=/onePage/lists.html
INFO: [ app_init ] --START--
INFO: Run Behavior\BuildLiteBehavior [ RunTime:0.000000s ]
INFO: [ app_init ] --END-- [ RunTime:0.000000s ]
INFO: [ app_begin ] --START--
INFO: Run Behavior\ReadHtmlCacheBehavior [ RunTime:0.000000s ]
INFO: [ app_begin ] --END-- [ RunTime:0.000000s ]
SQL: SHOW COLUMNS FROM `tb_config` [ RunTime:0.0050s ]
SQL: SELECT * FROM `tb_config` WHERE ( id=1 ) LIMIT 1   [ RunTime:0.0010s ]
NOTIC: [8] Undefined index: zhaiyaoTime D:\phpStudy\WWW\wooyee\Apps\Manager\Controller\BaseController.class.php 第 13 行.
NOTIC: [8] Undefined index: zhengwenTime D:\phpStudy\WWW\wooyee\Apps\Manager\Controller\BaseController.class.php 第 14 行.
SQL: SHOW COLUMNS FROM `tb_onepage` [ RunTime:0.0070s ]
SQL: SELECT COUNT(*) AS tp_count FROM `tb_onepage` LIMIT 1   [ RunTime:0.0000s ]
SQL: SELECT * FROM `tb_onepage` LIMIT 0,20   [ RunTime:0.0010s ]
INFO: [ view_parse ] --START--
INFO: [ template_filter ] --START--
INFO: Run Behavior\ContentReplaceBehavior [ RunTime:0.000000s ]
INFO: [ template_filter ] --END-- [ RunTime:0.000000s ]
NOTIC: [8] Undefined variable: theObj D:\phpStudy\WWW\wooyee\Apps\Runtime\Cache\Manager\9a767917c0dd25d8eb4227970fe86392.php 第 11 行.
INFO: Run Behavior\ParseTemplateBehavior [ RunTime:0.010001s ]
INFO: [ view_parse ] --END-- [ RunTime:0.010001s ]
INFO: [ view_filter ] --START--
INFO: Run Behavior\WriteHtmlCacheBehavior [ RunTime:0.000000s ]
INFO: [ view_filter ] --END-- [ RunTime:0.000000s ]
INFO: [ app_end ] --START--
INFO: Run Behavior\ShowPageTraceBehavior [ RunTime:0.000000s ]
INFO: [ app_end ] --END-- [ RunTime:0.000000s ]

